2016-04-14 15:06:37 Notice: Notice (8): Undefined variable: profile_details in [/opt/lampp/htdocs/fitness/src/Template/Element/front_sidebar.ctp, line 19]
Trace:
Cake\Error\BaseErrorHandler::handleError() - CORE/src/Error/BaseErrorHandler.php, line 139
include - APP/Template/Element/front_sidebar.ctp, line 19
Cake\View\View::_evaluate() - CORE/src/View/View.php, line 828
Cake\View\View::_render() - CORE/src/View/View.php, line 788
Cake\View\View::_renderElement() - CORE/src/View/View.php, line 1155
Cake\View\View::element() - CORE/src/View/View.php, line 376
include - APP/Template/Layout/default.ctp, line 507
Cake\View\View::_evaluate() - CORE/src/View/View.php, line 828
Cake\View\View::_render() - CORE/src/View/View.php, line 788
Cake\View\View::renderLayout() - CORE/src/View/View.php, line 510
Cake\View\View::render() - CORE/src/View/View.php, line 473
Cake\Controller\Controller::render() - CORE/src/Controller/Controller.php, line 583
App\Controller\FrontsController::ourTrainers() - APP/Controller/FrontsController.php, line 102
Cake\Controller\Controller::invokeAction() - CORE/src/Controller/Controller.php, line 412
Cake\Routing\Dispatcher::_invoke() - CORE/src/Routing/Dispatcher.php, line 114
Cake\Routing\Dispatcher::dispatch() - CORE/src/Routing/Dispatcher.php, line 87
[main] - ROOT/webroot/index.php, line 37



2016-04-14 15:06:37 Notice: Notice (8): Undefined variable: profile_details in [/opt/lampp/htdocs/fitness/src/Template/Element/front_sidebar.ctp, line 87]
Trace:
Cake\Error\BaseErrorHandler::handleError() - CORE/src/Error/BaseErrorHandler.php, line 139
include - APP/Template/Element/front_sidebar.ctp, line 87
Cake\View\View::_evaluate() - CORE/src/View/View.php, line 828
Cake\View\View::_render() - CORE/src/View/View.php, line 788
Cake\View\View::_renderElement() - CORE/src/View/View.php, line 1155
Cake\View\View::element() - CORE/src/View/View.php, line 376
include - APP/Template/Layout/default.ctp, line 507
Cake\View\View::_evaluate() - CORE/src/View/View.php, line 828
Cake\View\View::_render() - CORE/src/View/View.php, line 788
Cake\View\View::renderLayout() - CORE/src/View/View.php, line 510
Cake\View\View::render() - CORE/src/View/View.php, line 473
Cake\Controller\Controller::render() - CORE/src/Controller/Controller.php, line 583
App\Controller\FrontsController::ourTrainers() - APP/Controller/FrontsController.php, line 102
Cake\Controller\Controller::invokeAction() - CORE/src/Controller/Controller.php, line 412
Cake\Routing\Dispatcher::_invoke() - CORE/src/Routing/Dispatcher.php, line 114
Cake\Routing\Dispatcher::dispatch() - CORE/src/Routing/Dispatcher.php, line 87
[main] - ROOT/webroot/index.php, line 37



2016-04-14 15:07:08 Notice: Notice (8): Undefined variable: profile_details in [/opt/lampp/htdocs/fitness/src/Template/Element/front_sidebar.ctp, line 19]
Trace:
Cake\Error\BaseErrorHandler::handleError() - CORE/src/Error/BaseErrorHandler.php, line 139
include - APP/Template/Element/front_sidebar.ctp, line 19
Cake\View\View::_evaluate() - CORE/src/View/View.php, line 828
Cake\View\View::_render() - CORE/src/View/View.php, line 788
Cake\View\View::_renderElement() - CORE/src/View/View.php, line 1155
Cake\View\View::element() - CORE/src/View/View.php, line 376
include - APP/Template/Layout/default.ctp, line 507
Cake\View\View::_evaluate() - CORE/src/View/View.php, line 828
Cake\View\View::_render() - CORE/src/View/View.php, line 788
Cake\View\View::renderLayout() - CORE/src/View/View.php, line 510
Cake\View\View::render() - CORE/src/View/View.php, line 473
Cake\Controller\Controller::render() - CORE/src/Controller/Controller.php, line 583
App\Controller\FrontsController::traineeProfile() - APP/Controller/FrontsController.php, line 95
Cake\Controller\Controller::invokeAction() - CORE/src/Controller/Controller.php, line 412
Cake\Routing\Dispatcher::_invoke() - CORE/src/Routing/Dispatcher.php, line 114
Cake\Routing\Dispatcher::dispatch() - CORE/src/Routing/Dispatcher.php, line 87
[main] - ROOT/webroot/index.php, line 37



2016-04-14 15:07:08 Notice: Notice (8): Undefined variable: profile_details in [/opt/lampp/htdocs/fitness/src/Template/Element/front_sidebar.ctp, line 87]
Trace:
Cake\Error\BaseErrorHandler::handleError() - CORE/src/Error/BaseErrorHandler.php, line 139
include - APP/Template/Element/front_sidebar.ctp, line 87
Cake\View\View::_evaluate() - CORE/src/View/View.php, line 828
Cake\View\View::_render() - CORE/src/View/View.php, line 788
Cake\View\View::_renderElement() - CORE/src/View/View.php, line 1155
Cake\View\View::element() - CORE/src/View/View.php, line 376
include - APP/Template/Layout/default.ctp, line 507
Cake\View\View::_evaluate() - CORE/src/View/View.php, line 828
Cake\View\View::_render() - CORE/src/View/View.php, line 788
Cake\View\View::renderLayout() - CORE/src/View/View.php, line 510
Cake\View\View::render() - CORE/src/View/View.php, line 473
Cake\Controller\Controller::render() - CORE/src/Controller/Controller.php, line 583
App\Controller\FrontsController::traineeProfile() - APP/Controller/FrontsController.php, line 95
Cake\Controller\Controller::invokeAction() - CORE/src/Controller/Controller.php, line 412
Cake\Routing\Dispatcher::_invoke() - CORE/src/Routing/Dispatcher.php, line 114
Cake\Routing\Dispatcher::dispatch() - CORE/src/Routing/Dispatcher.php, line 87
[main] - ROOT/webroot/index.php, line 37



2016-04-14 15:09:56 Notice: Notice (8): Undefined variable: profile_details in [/opt/lampp/htdocs/fitness/src/Template/Element/front_sidebar.ctp, line 19]
Trace:
Cake\Error\BaseErrorHandler::handleError() - CORE/src/Error/BaseErrorHandler.php, line 139
include - APP/Template/Element/front_sidebar.ctp, line 19
Cake\View\View::_evaluate() - CORE/src/View/View.php, line 828
Cake\View\View::_render() - CORE/src/View/View.php, line 788
Cake\View\View::_renderElement() - CORE/src/View/View.php, line 1155
Cake\View\View::element() - CORE/src/View/View.php, line 376
include - APP/Template/Layout/default.ctp, line 507
Cake\View\View::_evaluate() - CORE/src/View/View.php, line 828
Cake\View\View::_render() - CORE/src/View/View.php, line 788
Cake\View\View::renderLayout() - CORE/src/View/View.php, line 510
Cake\View\View::render() - CORE/src/View/View.php, line 473
Cake\Controller\Controller::render() - CORE/src/Controller/Controller.php, line 583
App\Controller\FrontsController::ourTrainers() - APP/Controller/FrontsController.php, line 102
Cake\Controller\Controller::invokeAction() - CORE/src/Controller/Controller.php, line 412
Cake\Routing\Dispatcher::_invoke() - CORE/src/Routing/Dispatcher.php, line 114
Cake\Routing\Dispatcher::dispatch() - CORE/src/Routing/Dispatcher.php, line 87
[main] - ROOT/webroot/index.php, line 37



2016-04-14 15:09:56 Notice: Notice (8): Undefined variable: profile_details in [/opt/lampp/htdocs/fitness/src/Template/Element/front_sidebar.ctp, line 87]
Trace:
Cake\Error\BaseErrorHandler::handleError() - CORE/src/Error/BaseErrorHandler.php, line 139
include - APP/Template/Element/front_sidebar.ctp, line 87
Cake\View\View::_evaluate() - CORE/src/View/View.php, line 828
Cake\View\View::_render() - CORE/src/View/View.php, line 788
Cake\View\View::_renderElement() - CORE/src/View/View.php, line 1155
Cake\View\View::element() - CORE/src/View/View.php, line 376
include - APP/Template/Layout/default.ctp, line 507
Cake\View\View::_evaluate() - CORE/src/View/View.php, line 828
Cake\View\View::_render() - CORE/src/View/View.php, line 788
Cake\View\View::renderLayout() - CORE/src/View/View.php, line 510
Cake\View\View::render() - CORE/src/View/View.php, line 473
Cake\Controller\Controller::render() - CORE/src/Controller/Controller.php, line 583
App\Controller\FrontsController::ourTrainers() - APP/Controller/FrontsController.php, line 102
Cake\Controller\Controller::invokeAction() - CORE/src/Controller/Controller.php, line 412
Cake\Routing\Dispatcher::_invoke() - CORE/src/Routing/Dispatcher.php, line 114
Cake\Routing\Dispatcher::dispatch() - CORE/src/Routing/Dispatcher.php, line 87
[main] - ROOT/webroot/index.php, line 37



2016-04-14 15:11:44 Notice: Notice (8): Undefined variable: profile_details in [/opt/lampp/htdocs/fitness/src/Template/Element/front_sidebar.ctp, line 19]
Trace:
Cake\Error\BaseErrorHandler::handleError() - CORE/src/Error/BaseErrorHandler.php, line 139
include - APP/Template/Element/front_sidebar.ctp, line 19
Cake\View\View::_evaluate() - CORE/src/View/View.php, line 828
Cake\View\View::_render() - CORE/src/View/View.php, line 788
Cake\View\View::_renderElement() - CORE/src/View/View.php, line 1155
Cake\View\View::element() - CORE/src/View/View.php, line 376
include - APP/Template/Layout/default.ctp, line 507
Cake\View\View::_evaluate() - CORE/src/View/View.php, line 828
Cake\View\View::_render() - CORE/src/View/View.php, line 788
Cake\View\View::renderLayout() - CORE/src/View/View.php, line 510
Cake\View\View::render() - CORE/src/View/View.php, line 473
Cake\Controller\Controller::render() - CORE/src/Controller/Controller.php, line 583
App\Controller\FrontsController::ourTrainers() - APP/Controller/FrontsController.php, line 102
Cake\Controller\Controller::invokeAction() - CORE/src/Controller/Controller.php, line 412
Cake\Routing\Dispatcher::_invoke() - CORE/src/Routing/Dispatcher.php, line 114
Cake\Routing\Dispatcher::dispatch() - CORE/src/Routing/Dispatcher.php, line 87
[main] - ROOT/webroot/index.php, line 37



2016-04-14 15:11:44 Notice: Notice (8): Undefined variable: profile_details in [/opt/lampp/htdocs/fitness/src/Template/Element/front_sidebar.ctp, line 87]
Trace:
Cake\Error\BaseErrorHandler::handleError() - CORE/src/Error/BaseErrorHandler.php, line 139
include - APP/Template/Element/front_sidebar.ctp, line 87
Cake\View\View::_evaluate() - CORE/src/View/View.php, line 828
Cake\View\View::_render() - CORE/src/View/View.php, line 788
Cake\View\View::_renderElement() - CORE/src/View/View.php, line 1155
Cake\View\View::element() - CORE/src/View/View.php, line 376
include - APP/Template/Layout/default.ctp, line 507
Cake\View\View::_evaluate() - CORE/src/View/View.php, line 828
Cake\View\View::_render() - CORE/src/View/View.php, line 788
Cake\View\View::renderLayout() - CORE/src/View/View.php, line 510
Cake\View\View::render() - CORE/src/View/View.php, line 473
Cake\Controller\Controller::render() - CORE/src/Controller/Controller.php, line 583
App\Controller\FrontsController::ourTrainers() - APP/Controller/FrontsController.php, line 102
Cake\Controller\Controller::invokeAction() - CORE/src/Controller/Controller.php, line 412
Cake\Routing\Dispatcher::_invoke() - CORE/src/Routing/Dispatcher.php, line 114
Cake\Routing\Dispatcher::dispatch() - CORE/src/Routing/Dispatcher.php, line 87
[main] - ROOT/webroot/index.php, line 37



2016-04-16 10:40:10 Notice: Notice (8): Undefined variable: noti_data in [/opt/lampp/htdocs/fitness/src/Template/Element/front_sidebar.ctp, line 77]
Trace:
Cake\Error\BaseErrorHandler::handleError() - CORE/src/Error/BaseErrorHandler.php, line 139
include - APP/Template/Element/front_sidebar.ctp, line 77
Cake\View\View::_evaluate() - CORE/src/View/View.php, line 828
Cake\View\View::_render() - CORE/src/View/View.php, line 788
Cake\View\View::_renderElement() - CORE/src/View/View.php, line 1155
Cake\View\View::element() - CORE/src/View/View.php, line 376
include - APP/Template/Layout/default.ctp, line 507
Cake\View\View::_evaluate() - CORE/src/View/View.php, line 828
Cake\View\View::_render() - CORE/src/View/View.php, line 788
Cake\View\View::renderLayout() - CORE/src/View/View.php, line 510
Cake\View\View::render() - CORE/src/View/View.php, line 473
Cake\Controller\Controller::render() - CORE/src/Controller/Controller.php, line 583
Cake\Routing\Dispatcher::_invoke() - CORE/src/Routing/Dispatcher.php, line 120
Cake\Routing\Dispatcher::dispatch() - CORE/src/Routing/Dispatcher.php, line 87
[main] - ROOT/webroot/index.php, line 37



2016-04-16 10:40:23 Notice: Notice (8): Undefined variable: noti_data in [/opt/lampp/htdocs/fitness/src/Template/Element/front_sidebar.ctp, line 77]
Trace:
Cake\Error\BaseErrorHandler::handleError() - CORE/src/Error/BaseErrorHandler.php, line 139
include - APP/Template/Element/front_sidebar.ctp, line 77
Cake\View\View::_evaluate() - CORE/src/View/View.php, line 828
Cake\View\View::_render() - CORE/src/View/View.php, line 788
Cake\View\View::_renderElement() - CORE/src/View/View.php, line 1155
Cake\View\View::element() - CORE/src/View/View.php, line 376
include - APP/Template/Layout/default.ctp, line 507
Cake\View\View::_evaluate() - CORE/src/View/View.php, line 828
Cake\View\View::_render() - CORE/src/View/View.php, line 788
Cake\View\View::renderLayout() - CORE/src/View/View.php, line 510
Cake\View\View::render() - CORE/src/View/View.php, line 473
Cake\Controller\Controller::render() - CORE/src/Controller/Controller.php, line 583
Cake\Routing\Dispatcher::_invoke() - CORE/src/Routing/Dispatcher.php, line 120
Cake\Routing\Dispatcher::dispatch() - CORE/src/Routing/Dispatcher.php, line 87
[main] - ROOT/webroot/index.php, line 37



2016-04-16 10:40:25 Notice: Notice (8): Undefined index: trainer_image in [/opt/lampp/htdocs/fitness/src/Template/Element/front_sidebar.ctp, line 81]
Trace:
Cake\Error\BaseErrorHandler::handleError() - CORE/src/Error/BaseErrorHandler.php, line 139
include - APP/Template/Element/front_sidebar.ctp, line 81
Cake\View\View::_evaluate() - CORE/src/View/View.php, line 828
Cake\View\View::_render() - CORE/src/View/View.php, line 788
Cake\View\View::_renderElement() - CORE/src/View/View.php, line 1155
Cake\View\View::element() - CORE/src/View/View.php, line 376
include - APP/Template/Layout/default.ctp, line 507
Cake\View\View::_evaluate() - CORE/src/View/View.php, line 828
Cake\View\View::_render() - CORE/src/View/View.php, line 788
Cake\View\View::renderLayout() - CORE/src/View/View.php, line 510
Cake\View\View::render() - CORE/src/View/View.php, line 473
Cake\Controller\Controller::render() - CORE/src/Controller/Controller.php, line 583
Cake\Routing\Dispatcher::_invoke() - CORE/src/Routing/Dispatcher.php, line 120
Cake\Routing\Dispatcher::dispatch() - CORE/src/Routing/Dispatcher.php, line 87
[main] - ROOT/webroot/index.php, line 37



2016-04-16 10:40:25 Notice: Notice (8): Undefined index: trainer_name in [/opt/lampp/htdocs/fitness/src/Template/Element/front_sidebar.ctp, line 84]
Trace:
Cake\Error\BaseErrorHandler::handleError() - CORE/src/Error/BaseErrorHandler.php, line 139
include - APP/Template/Element/front_sidebar.ctp, line 84
Cake\View\View::_evaluate() - CORE/src/View/View.php, line 828
Cake\View\View::_render() - CORE/src/View/View.php, line 788
Cake\View\View::_renderElement() - CORE/src/View/View.php, line 1155
Cake\View\View::element() - CORE/src/View/View.php, line 376
include - APP/Template/Layout/default.ctp, line 507
Cake\View\View::_evaluate() - CORE/src/View/View.php, line 828
Cake\View\View::_render() - CORE/src/View/View.php, line 788
Cake\View\View::renderLayout() - CORE/src/View/View.php, line 510
Cake\View\View::render() - CORE/src/View/View.php, line 473
Cake\Controller\Controller::render() - CORE/src/Controller/Controller.php, line 583
Cake\Routing\Dispatcher::_invoke() - CORE/src/Routing/Dispatcher.php, line 120
Cake\Routing\Dispatcher::dispatch() - CORE/src/Routing/Dispatcher.php, line 87
[main] - ROOT/webroot/index.php, line 37



2016-04-16 10:40:25 Notice: Notice (8): Undefined index: trainer_lname in [/opt/lampp/htdocs/fitness/src/Template/Element/front_sidebar.ctp, line 84]
Trace:
Cake\Error\BaseErrorHandler::handleError() - CORE/src/Error/BaseErrorHandler.php, line 139
include - APP/Template/Element/front_sidebar.ctp, line 84
Cake\View\View::_evaluate() - CORE/src/View/View.php, line 828
Cake\View\View::_render() - CORE/src/View/View.php, line 788
Cake\View\View::_renderElement() - CORE/src/View/View.php, line 1155
Cake\View\View::element() - CORE/src/View/View.php, line 376
include - APP/Template/Layout/default.ctp, line 507
Cake\View\View::_evaluate() - CORE/src/View/View.php, line 828
Cake\View\View::_render() - CORE/src/View/View.php, line 788
Cake\View\View::renderLayout() - CORE/src/View/View.php, line 510
Cake\View\View::render() - CORE/src/View/View.php, line 473
Cake\Controller\Controller::render() - CORE/src/Controller/Controller.php, line 583
Cake\Routing\Dispatcher::_invoke() - CORE/src/Routing/Dispatcher.php, line 120
Cake\Routing\Dispatcher::dispatch() - CORE/src/Routing/Dispatcher.php, line 87
[main] - ROOT/webroot/index.php, line 37



2016-04-16 10:40:25 Notice: Notice (8): Undefined index: trainer_image in [/opt/lampp/htdocs/fitness/src/Template/Element/front_sidebar.ctp, line 81]
Trace:
Cake\Error\BaseErrorHandler::handleError() - CORE/src/Error/BaseErrorHandler.php, line 139
include - APP/Template/Element/front_sidebar.ctp, line 81
Cake\View\View::_evaluate() - CORE/src/View/View.php, line 828
Cake\View\View::_render() - CORE/src/View/View.php, line 788
Cake\View\View::_renderElement() - CORE/src/View/View.php, line 1155
Cake\View\View::element() - CORE/src/View/View.php, line 376
include - APP/Template/Layout/default.ctp, line 507
Cake\View\View::_evaluate() - CORE/src/View/View.php, line 828
Cake\View\View::_render() - CORE/src/View/View.php, line 788
Cake\View\View::renderLayout() - CORE/src/View/View.php, line 510
Cake\View\View::render() - CORE/src/View/View.php, line 473
Cake\Controller\Controller::render() - CORE/src/Controller/Controller.php, line 583
Cake\Routing\Dispatcher::_invoke() - CORE/src/Routing/Dispatcher.php, line 120
Cake\Routing\Dispatcher::dispatch() - CORE/src/Routing/Dispatcher.php, line 87
[main] - ROOT/webroot/index.php, line 37



2016-04-16 10:40:25 Notice: Notice (8): Undefined index: trainer_name in [/opt/lampp/htdocs/fitness/src/Template/Element/front_sidebar.ctp, line 84]
Trace:
Cake\Error\BaseErrorHandler::handleError() - CORE/src/Error/BaseErrorHandler.php, line 139
include - APP/Template/Element/front_sidebar.ctp, line 84
Cake\View\View::_evaluate() - CORE/src/View/View.php, line 828
Cake\View\View::_render() - CORE/src/View/View.php, line 788
Cake\View\View::_renderElement() - CORE/src/View/View.php, line 1155
Cake\View\View::element() - CORE/src/View/View.php, line 376
include - APP/Template/Layout/default.ctp, line 507
Cake\View\View::_evaluate() - CORE/src/View/View.php, line 828
Cake\View\View::_render() - CORE/src/View/View.php, line 788
Cake\View\View::renderLayout() - CORE/src/View/View.php, line 510
Cake\View\View::render() - CORE/src/View/View.php, line 473
Cake\Controller\Controller::render() - CORE/src/Controller/Controller.php, line 583
Cake\Routing\Dispatcher::_invoke() - CORE/src/Routing/Dispatcher.php, line 120
Cake\Routing\Dispatcher::dispatch() - CORE/src/Routing/Dispatcher.php, line 87
[main] - ROOT/webroot/index.php, line 37



2016-04-16 10:40:25 Notice: Notice (8): Undefined index: trainer_lname in [/opt/lampp/htdocs/fitness/src/Template/Element/front_sidebar.ctp, line 84]
Trace:
Cake\Error\BaseErrorHandler::handleError() - CORE/src/Error/BaseErrorHandler.php, line 139
include - APP/Template/Element/front_sidebar.ctp, line 84
Cake\View\View::_evaluate() - CORE/src/View/View.php, line 828
Cake\View\View::_render() - CORE/src/View/View.php, line 788
Cake\View\View::_renderElement() - CORE/src/View/View.php, line 1155
Cake\View\View::element() - CORE/src/View/View.php, line 376
include - APP/Template/Layout/default.ctp, line 507
Cake\View\View::_evaluate() - CORE/src/View/View.php, line 828
Cake\View\View::_render() - CORE/src/View/View.php, line 788
Cake\View\View::renderLayout() - CORE/src/View/View.php, line 510
Cake\View\View::render() - CORE/src/View/View.php, line 473
Cake\Controller\Controller::render() - CORE/src/Controller/Controller.php, line 583
Cake\Routing\Dispatcher::_invoke() - CORE/src/Routing/Dispatcher.php, line 120
Cake\Routing\Dispatcher::dispatch() - CORE/src/Routing/Dispatcher.php, line 87
[main] - ROOT/webroot/index.php, line 37



2016-04-16 10:40:25 Notice: Notice (8): Undefined index: trainer_image in [/opt/lampp/htdocs/fitness/src/Template/Element/front_sidebar.ctp, line 81]
Trace:
Cake\Error\BaseErrorHandler::handleError() - CORE/src/Error/BaseErrorHandler.php, line 139
include - APP/Template/Element/front_sidebar.ctp, line 81
Cake\View\View::_evaluate() - CORE/src/View/View.php, line 828
Cake\View\View::_render() - CORE/src/View/View.php, line 788
Cake\View\View::_renderElement() - CORE/src/View/View.php, line 1155
Cake\View\View::element() - CORE/src/View/View.php, line 376
include - APP/Template/Layout/default.ctp, line 507
Cake\View\View::_evaluate() - CORE/src/View/View.php, line 828
Cake\View\View::_render() - CORE/src/View/View.php, line 788
Cake\View\View::renderLayout() - CORE/src/View/View.php, line 510
Cake\View\View::render() - CORE/src/View/View.php, line 473
Cake\Controller\Controller::render() - CORE/src/Controller/Controller.php, line 583
Cake\Routing\Dispatcher::_invoke() - CORE/src/Routing/Dispatcher.php, line 120
Cake\Routing\Dispatcher::dispatch() - CORE/src/Routing/Dispatcher.php, line 87
[main] - ROOT/webroot/index.php, line 37



2016-04-16 10:40:25 Notice: Notice (8): Undefined index: trainer_name in [/opt/lampp/htdocs/fitness/src/Template/Element/front_sidebar.ctp, line 84]
Trace:
Cake\Error\BaseErrorHandler::handleError() - CORE/src/Error/BaseErrorHandler.php, line 139
include - APP/Template/Element/front_sidebar.ctp, line 84
Cake\View\View::_evaluate() - CORE/src/View/View.php, line 828
Cake\View\View::_render() - CORE/src/View/View.php, line 788
Cake\View\View::_renderElement() - CORE/src/View/View.php, line 1155
Cake\View\View::element() - CORE/src/View/View.php, line 376
include - APP/Template/Layout/default.ctp, line 507
Cake\View\View::_evaluate() - CORE/src/View/View.php, line 828
Cake\View\View::_render() - CORE/src/View/View.php, line 788
Cake\View\View::renderLayout() - CORE/src/View/View.php, line 510
Cake\View\View::render() - CORE/src/View/View.php, line 473
Cake\Controller\Controller::render() - CORE/src/Controller/Controller.php, line 583
Cake\Routing\Dispatcher::_invoke() - CORE/src/Routing/Dispatcher.php, line 120
Cake\Routing\Dispatcher::dispatch() - CORE/src/Routing/Dispatcher.php, line 87
[main] - ROOT/webroot/index.php, line 37



2016-04-16 10:40:25 Notice: Notice (8): Undefined index: trainer_lname in [/opt/lampp/htdocs/fitness/src/Template/Element/front_sidebar.ctp, line 84]
Trace:
Cake\Error\BaseErrorHandler::handleError() - CORE/src/Error/BaseErrorHandler.php, line 139
include - APP/Template/Element/front_sidebar.ctp, line 84
Cake\View\View::_evaluate() - CORE/src/View/View.php, line 828
Cake\View\View::_render() - CORE/src/View/View.php, line 788
Cake\View\View::_renderElement() - CORE/src/View/View.php, line 1155
Cake\View\View::element() - CORE/src/View/View.php, line 376
include - APP/Template/Layout/default.ctp, line 507
Cake\View\View::_evaluate() - CORE/src/View/View.php, line 828
Cake\View\View::_render() - CORE/src/View/View.php, line 788
Cake\View\View::renderLayout() - CORE/src/View/View.php, line 510
Cake\View\View::render() - CORE/src/View/View.php, line 473
Cake\Controller\Controller::render() - CORE/src/Controller/Controller.php, line 583
Cake\Routing\Dispatcher::_invoke() - CORE/src/Routing/Dispatcher.php, line 120
Cake\Routing\Dispatcher::dispatch() - CORE/src/Routing/Dispatcher.php, line 87
[main] - ROOT/webroot/index.php, line 37



2016-04-16 10:40:25 Notice: Notice (8): Undefined index: trainer_image in [/opt/lampp/htdocs/fitness/src/Template/Element/front_sidebar.ctp, line 81]
Trace:
Cake\Error\BaseErrorHandler::handleError() - CORE/src/Error/BaseErrorHandler.php, line 139
include - APP/Template/Element/front_sidebar.ctp, line 81
Cake\View\View::_evaluate() - CORE/src/View/View.php, line 828
Cake\View\View::_render() - CORE/src/View/View.php, line 788
Cake\View\View::_renderElement() - CORE/src/View/View.php, line 1155
Cake\View\View::element() - CORE/src/View/View.php, line 376
include - APP/Template/Layout/default.ctp, line 507
Cake\View\View::_evaluate() - CORE/src/View/View.php, line 828
Cake\View\View::_render() - CORE/src/View/View.php, line 788
Cake\View\View::renderLayout() - CORE/src/View/View.php, line 510
Cake\View\View::render() - CORE/src/View/View.php, line 473
Cake\Controller\Controller::render() - CORE/src/Controller/Controller.php, line 583
Cake\Routing\Dispatcher::_invoke() - CORE/src/Routing/Dispatcher.php, line 120
Cake\Routing\Dispatcher::dispatch() - CORE/src/Routing/Dispatcher.php, line 87
[main] - ROOT/webroot/index.php, line 37



2016-04-16 10:40:25 Notice: Notice (8): Undefined index: trainer_name in [/opt/lampp/htdocs/fitness/src/Template/Element/front_sidebar.ctp, line 84]
Trace:
Cake\Error\BaseErrorHandler::handleError() - CORE/src/Error/BaseErrorHandler.php, line 139
include - APP/Template/Element/front_sidebar.ctp, line 84
Cake\View\View::_evaluate() - CORE/src/View/View.php, line 828
Cake\View\View::_render() - CORE/src/View/View.php, line 788
Cake\View\View::_renderElement() - CORE/src/View/View.php, line 1155
Cake\View\View::element() - CORE/src/View/View.php, line 376
include - APP/Template/Layout/default.ctp, line 507
Cake\View\View::_evaluate() - CORE/src/View/View.php, line 828
Cake\View\View::_render() - CORE/src/View/View.php, line 788
Cake\View\View::renderLayout() - CORE/src/View/View.php, line 510
Cake\View\View::render() - CORE/src/View/View.php, line 473
Cake\Controller\Controller::render() - CORE/src/Controller/Controller.php, line 583
Cake\Routing\Dispatcher::_invoke() - CORE/src/Routing/Dispatcher.php, line 120
Cake\Routing\Dispatcher::dispatch() - CORE/src/Routing/Dispatcher.php, line 87
[main] - ROOT/webroot/index.php, line 37



2016-04-16 10:40:25 Notice: Notice (8): Undefined index: trainer_lname in [/opt/lampp/htdocs/fitness/src/Template/Element/front_sidebar.ctp, line 84]
Trace:
Cake\Error\BaseErrorHandler::handleError() - CORE/src/Error/BaseErrorHandler.php, line 139
include - APP/Template/Element/front_sidebar.ctp, line 84
Cake\View\View::_evaluate() - CORE/src/View/View.php, line 828
Cake\View\View::_render() - CORE/src/View/View.php, line 788
Cake\View\View::_renderElement() - CORE/src/View/View.php, line 1155
Cake\View\View::element() - CORE/src/View/View.php, line 376
include - APP/Template/Layout/default.ctp, line 507
Cake\View\View::_evaluate() - CORE/src/View/View.php, line 828
Cake\View\View::_render() - CORE/src/View/View.php, line 788
Cake\View\View::renderLayout() - CORE/src/View/View.php, line 510
Cake\View\View::render() - CORE/src/View/View.php, line 473
Cake\Controller\Controller::render() - CORE/src/Controller/Controller.php, line 583
Cake\Routing\Dispatcher::_invoke() - CORE/src/Routing/Dispatcher.php, line 120
Cake\Routing\Dispatcher::dispatch() - CORE/src/Routing/Dispatcher.php, line 87
[main] - ROOT/webroot/index.php, line 37



2016-04-16 10:40:25 Notice: Notice (8): Undefined index: trainer_image in [/opt/lampp/htdocs/fitness/src/Template/Element/front_sidebar.ctp, line 81]
Trace:
Cake\Error\BaseErrorHandler::handleError() - CORE/src/Error/BaseErrorHandler.php, line 139
include - APP/Template/Element/front_sidebar.ctp, line 81
Cake\View\View::_evaluate() - CORE/src/View/View.php, line 828
Cake\View\View::_render() - CORE/src/View/View.php, line 788
Cake\View\View::_renderElement() - CORE/src/View/View.php, line 1155
Cake\View\View::element() - CORE/src/View/View.php, line 376
include - APP/Template/Layout/default.ctp, line 507
Cake\View\View::_evaluate() - CORE/src/View/View.php, line 828
Cake\View\View::_render() - CORE/src/View/View.php, line 788
Cake\View\View::renderLayout() - CORE/src/View/View.php, line 510
Cake\View\View::render() - CORE/src/View/View.php, line 473
Cake\Controller\Controller::render() - CORE/src/Controller/Controller.php, line 583
Cake\Routing\Dispatcher::_invoke() - CORE/src/Routing/Dispatcher.php, line 120
Cake\Routing\Dispatcher::dispatch() - CORE/src/Routing/Dispatcher.php, line 87
[main] - ROOT/webroot/index.php, line 37



2016-04-16 10:40:25 Notice: Notice (8): Undefined index: trainer_name in [/opt/lampp/htdocs/fitness/src/Template/Element/front_sidebar.ctp, line 84]
Trace:
Cake\Error\BaseErrorHandler::handleError() - CORE/src/Error/BaseErrorHandler.php, line 139
include - APP/Template/Element/front_sidebar.ctp, line 84
Cake\View\View::_evaluate() - CORE/src/View/View.php, line 828
Cake\View\View::_render() - CORE/src/View/View.php, line 788
Cake\View\View::_renderElement() - CORE/src/View/View.php, line 1155
Cake\View\View::element() - CORE/src/View/View.php, line 376
include - APP/Template/Layout/default.ctp, line 507
Cake\View\View::_evaluate() - CORE/src/View/View.php, line 828
Cake\View\View::_render() - CORE/src/View/View.php, line 788
Cake\View\View::renderLayout() - CORE/src/View/View.php, line 510
Cake\View\View::render() - CORE/src/View/View.php, line 473
Cake\Controller\Controller::render() - CORE/src/Controller/Controller.php, line 583
Cake\Routing\Dispatcher::_invoke() - CORE/src/Routing/Dispatcher.php, line 120
Cake\Routing\Dispatcher::dispatch() - CORE/src/Routing/Dispatcher.php, line 87
[main] - ROOT/webroot/index.php, line 37



2016-04-16 10:40:25 Notice: Notice (8): Undefined index: trainer_lname in [/opt/lampp/htdocs/fitness/src/Template/Element/front_sidebar.ctp, line 84]
Trace:
Cake\Error\BaseErrorHandler::handleError() - CORE/src/Error/BaseErrorHandler.php, line 139
include - APP/Template/Element/front_sidebar.ctp, line 84
Cake\View\View::_evaluate() - CORE/src/View/View.php, line 828
Cake\View\View::_render() - CORE/src/View/View.php, line 788
Cake\View\View::_renderElement() - CORE/src/View/View.php, line 1155
Cake\View\View::element() - CORE/src/View/View.php, line 376
include - APP/Template/Layout/default.ctp, line 507
Cake\View\View::_evaluate() - CORE/src/View/View.php, line 828
Cake\View\View::_render() - CORE/src/View/View.php, line 788
Cake\View\View::renderLayout() - CORE/src/View/View.php, line 510
Cake\View\View::render() - CORE/src/View/View.php, line 473
Cake\Controller\Controller::render() - CORE/src/Controller/Controller.php, line 583
Cake\Routing\Dispatcher::_invoke() - CORE/src/Routing/Dispatcher.php, line 120
Cake\Routing\Dispatcher::dispatch() - CORE/src/Routing/Dispatcher.php, line 87
[main] - ROOT/webroot/index.php, line 37



2016-04-16 10:40:25 Notice: Notice (8): Undefined index: trainer_image in [/opt/lampp/htdocs/fitness/src/Template/Element/front_sidebar.ctp, line 81]
Trace:
Cake\Error\BaseErrorHandler::handleError() - CORE/src/Error/BaseErrorHandler.php, line 139
include - APP/Template/Element/front_sidebar.ctp, line 81
Cake\View\View::_evaluate() - CORE/src/View/View.php, line 828
Cake\View\View::_render() - CORE/src/View/View.php, line 788
Cake\View\View::_renderElement() - CORE/src/View/View.php, line 1155
Cake\View\View::element() - CORE/src/View/View.php, line 376
include - APP/Template/Layout/default.ctp, line 507
Cake\View\View::_evaluate() - CORE/src/View/View.php, line 828
Cake\View\View::_render() - CORE/src/View/View.php, line 788
Cake\View\View::renderLayout() - CORE/src/View/View.php, line 510
Cake\View\View::render() - CORE/src/View/View.php, line 473
Cake\Controller\Controller::render() - CORE/src/Controller/Controller.php, line 583
Cake\Routing\Dispatcher::_invoke() - CORE/src/Routing/Dispatcher.php, line 120
Cake\Routing\Dispatcher::dispatch() - CORE/src/Routing/Dispatcher.php, line 87
[main] - ROOT/webroot/index.php, line 37



2016-04-16 10:40:25 Notice: Notice (8): Undefined index: trainer_name in [/opt/lampp/htdocs/fitness/src/Template/Element/front_sidebar.ctp, line 84]
Trace:
Cake\Error\BaseErrorHandler::handleError() - CORE/src/Error/BaseErrorHandler.php, line 139
include - APP/Template/Element/front_sidebar.ctp, line 84
Cake\View\View::_evaluate() - CORE/src/View/View.php, line 828
Cake\View\View::_render() - CORE/src/View/View.php, line 788
Cake\View\View::_renderElement() - CORE/src/View/View.php, line 1155
Cake\View\View::element() - CORE/src/View/View.php, line 376
include - APP/Template/Layout/default.ctp, line 507
Cake\View\View::_evaluate() - CORE/src/View/View.php, line 828
Cake\View\View::_render() - CORE/src/View/View.php, line 788
Cake\View\View::renderLayout() - CORE/src/View/View.php, line 510
Cake\View\View::render() - CORE/src/View/View.php, line 473
Cake\Controller\Controller::render() - CORE/src/Controller/Controller.php, line 583
Cake\Routing\Dispatcher::_invoke() - CORE/src/Routing/Dispatcher.php, line 120
Cake\Routing\Dispatcher::dispatch() - CORE/src/Routing/Dispatcher.php, line 87
[main] - ROOT/webroot/index.php, line 37



2016-04-16 10:40:25 Notice: Notice (8): Undefined index: trainer_lname in [/opt/lampp/htdocs/fitness/src/Template/Element/front_sidebar.ctp, line 84]
Trace:
Cake\Error\BaseErrorHandler::handleError() - CORE/src/Error/BaseErrorHandler.php, line 139
include - APP/Template/Element/front_sidebar.ctp, line 84
Cake\View\View::_evaluate() - CORE/src/View/View.php, line 828
Cake\View\View::_render() - CORE/src/View/View.php, line 788
Cake\View\View::_renderElement() - CORE/src/View/View.php, line 1155
Cake\View\View::element() - CORE/src/View/View.php, line 376
include - APP/Template/Layout/default.ctp, line 507
Cake\View\View::_evaluate() - CORE/src/View/View.php, line 828
Cake\View\View::_render() - CORE/src/View/View.php, line 788
Cake\View\View::renderLayout() - CORE/src/View/View.php, line 510
Cake\View\View::render() - CORE/src/View/View.php, line 473
Cake\Controller\Controller::render() - CORE/src/Controller/Controller.php, line 583
Cake\Routing\Dispatcher::_invoke() - CORE/src/Routing/Dispatcher.php, line 120
Cake\Routing\Dispatcher::dispatch() - CORE/src/Routing/Dispatcher.php, line 87
[main] - ROOT/webroot/index.php, line 37



2016-04-16 10:40:25 Notice: Notice (8): Undefined index: trainer_image in [/opt/lampp/htdocs/fitness/src/Template/Element/front_sidebar.ctp, line 81]
Trace:
Cake\Error\BaseErrorHandler::handleError() - CORE/src/Error/BaseErrorHandler.php, line 139
include - APP/Template/Element/front_sidebar.ctp, line 81
Cake\View\View::_evaluate() - CORE/src/View/View.php, line 828
Cake\View\View::_render() - CORE/src/View/View.php, line 788
Cake\View\View::_renderElement() - CORE/src/View/View.php, line 1155
Cake\View\View::element() - CORE/src/View/View.php, line 376
include - APP/Template/Layout/default.ctp, line 507
Cake\View\View::_evaluate() - CORE/src/View/View.php, line 828
Cake\View\View::_render() - CORE/src/View/View.php, line 788
Cake\View\View::renderLayout() - CORE/src/View/View.php, line 510
Cake\View\View::render() - CORE/src/View/View.php, line 473
Cake\Controller\Controller::render() - CORE/src/Controller/Controller.php, line 583
Cake\Routing\Dispatcher::_invoke() - CORE/src/Routing/Dispatcher.php, line 120
Cake\Routing\Dispatcher::dispatch() - CORE/src/Routing/Dispatcher.php, line 87
[main] - ROOT/webroot/index.php, line 37



2016-04-16 10:40:25 Notice: Notice (8): Undefined index: trainer_name in [/opt/lampp/htdocs/fitness/src/Template/Element/front_sidebar.ctp, line 84]
Trace:
Cake\Error\BaseErrorHandler::handleError() - CORE/src/Error/BaseErrorHandler.php, line 139
include - APP/Template/Element/front_sidebar.ctp, line 84
Cake\View\View::_evaluate() - CORE/src/View/View.php, line 828
Cake\View\View::_render() - CORE/src/View/View.php, line 788
Cake\View\View::_renderElement() - CORE/src/View/View.php, line 1155
Cake\View\View::element() - CORE/src/View/View.php, line 376
include - APP/Template/Layout/default.ctp, line 507
Cake\View\View::_evaluate() - CORE/src/View/View.php, line 828
Cake\View\View::_render() - CORE/src/View/View.php, line 788
Cake\View\View::renderLayout() - CORE/src/View/View.php, line 510
Cake\View\View::render() - CORE/src/View/View.php, line 473
Cake\Controller\Controller::render() - CORE/src/Controller/Controller.php, line 583
Cake\Routing\Dispatcher::_invoke() - CORE/src/Routing/Dispatcher.php, line 120
Cake\Routing\Dispatcher::dispatch() - CORE/src/Routing/Dispatcher.php, line 87
[main] - ROOT/webroot/index.php, line 37



2016-04-16 10:40:25 Notice: Notice (8): Undefined index: trainer_lname in [/opt/lampp/htdocs/fitness/src/Template/Element/front_sidebar.ctp, line 84]
Trace:
Cake\Error\BaseErrorHandler::handleError() - CORE/src/Error/BaseErrorHandler.php, line 139
include - APP/Template/Element/front_sidebar.ctp, line 84
Cake\View\View::_evaluate() - CORE/src/View/View.php, line 828
Cake\View\View::_render() - CORE/src/View/View.php, line 788
Cake\View\View::_renderElement() - CORE/src/View/View.php, line 1155
Cake\View\View::element() - CORE/src/View/View.php, line 376
include - APP/Template/Layout/default.ctp, line 507
Cake\View\View::_evaluate() - CORE/src/View/View.php, line 828
Cake\View\View::_render() - CORE/src/View/View.php, line 788
Cake\View\View::renderLayout() - CORE/src/View/View.php, line 510
Cake\View\View::render() - CORE/src/View/View.php, line 473
Cake\Controller\Controller::render() - CORE/src/Controller/Controller.php, line 583
Cake\Routing\Dispatcher::_invoke() - CORE/src/Routing/Dispatcher.php, line 120
Cake\Routing\Dispatcher::dispatch() - CORE/src/Routing/Dispatcher.php, line 87
[main] - ROOT/webroot/index.php, line 37



2016-04-16 16:37:55 Notice: Notice (8): Undefined offset: 0 in [/opt/lampp/htdocs/fitness/src/Template/Element/front_sidebar.ctp, line 119]
Trace:
Cake\Error\BaseErrorHandler::handleError() - CORE/src/Error/BaseErrorHandler.php, line 139
include - APP/Template/Element/front_sidebar.ctp, line 119
Cake\View\View::_evaluate() - CORE/src/View/View.php, line 828
Cake\View\View::_render() - CORE/src/View/View.php, line 788
Cake\View\View::_renderElement() - CORE/src/View/View.php, line 1155
Cake\View\View::element() - CORE/src/View/View.php, line 376
include - APP/Template/Layout/default.ctp, line 507
Cake\View\View::_evaluate() - CORE/src/View/View.php, line 828
Cake\View\View::_render() - CORE/src/View/View.php, line 788
Cake\View\View::renderLayout() - CORE/src/View/View.php, line 510
Cake\View\View::render() - CORE/src/View/View.php, line 473
Cake\Controller\Controller::render() - CORE/src/Controller/Controller.php, line 583
Cake\Routing\Dispatcher::_invoke() - CORE/src/Routing/Dispatcher.php, line 120
Cake\Routing\Dispatcher::dispatch() - CORE/src/Routing/Dispatcher.php, line 87
[main] - ROOT/webroot/index.php, line 37



2016-04-16 16:37:55 Notice: Notice (8): Undefined offset: 0 in [/opt/lampp/htdocs/fitness/src/Template/Element/front_sidebar.ctp, line 119]
Trace:
Cake\Error\BaseErrorHandler::handleError() - CORE/src/Error/BaseErrorHandler.php, line 139
include - APP/Template/Element/front_sidebar.ctp, line 119
Cake\View\View::_evaluate() - CORE/src/View/View.php, line 828
Cake\View\View::_render() - CORE/src/View/View.php, line 788
Cake\View\View::_renderElement() - CORE/src/View/View.php, line 1155
Cake\View\View::element() - CORE/src/View/View.php, line 376
include - APP/Template/Layout/default.ctp, line 507
Cake\View\View::_evaluate() - CORE/src/View/View.php, line 828
Cake\View\View::_render() - CORE/src/View/View.php, line 788
Cake\View\View::renderLayout() - CORE/src/View/View.php, line 510
Cake\View\View::render() - CORE/src/View/View.php, line 473
Cake\Controller\Controller::render() - CORE/src/Controller/Controller.php, line 583
Cake\Routing\Dispatcher::_invoke() - CORE/src/Routing/Dispatcher.php, line 120
Cake\Routing\Dispatcher::dispatch() - CORE/src/Routing/Dispatcher.php, line 87
[main] - ROOT/webroot/index.php, line 37



2016-04-16 16:37:55 Notice: Notice (8): Undefined offset: 0 in [/opt/lampp/htdocs/fitness/src/Template/Element/front_sidebar.ctp, line 119]
Trace:
Cake\Error\BaseErrorHandler::handleError() - CORE/src/Error/BaseErrorHandler.php, line 139
include - APP/Template/Element/front_sidebar.ctp, line 119
Cake\View\View::_evaluate() - CORE/src/View/View.php, line 828
Cake\View\View::_render() - CORE/src/View/View.php, line 788
Cake\View\View::_renderElement() - CORE/src/View/View.php, line 1155
Cake\View\View::element() - CORE/src/View/View.php, line 376
include - APP/Template/Layout/default.ctp, line 507
Cake\View\View::_evaluate() - CORE/src/View/View.php, line 828
Cake\View\View::_render() - CORE/src/View/View.php, line 788
Cake\View\View::renderLayout() - CORE/src/View/View.php, line 510
Cake\View\View::render() - CORE/src/View/View.php, line 473
Cake\Controller\Controller::render() - CORE/src/Controller/Controller.php, line 583
Cake\Routing\Dispatcher::_invoke() - CORE/src/Routing/Dispatcher.php, line 120
Cake\Routing\Dispatcher::dispatch() - CORE/src/Routing/Dispatcher.php, line 87
[main] - ROOT/webroot/index.php, line 37



2016-04-16 16:37:55 Notice: Notice (8): Undefined offset: 0 in [/opt/lampp/htdocs/fitness/src/Template/Element/front_sidebar.ctp, line 119]
Trace:
Cake\Error\BaseErrorHandler::handleError() - CORE/src/Error/BaseErrorHandler.php, line 139
include - APP/Template/Element/front_sidebar.ctp, line 119
Cake\View\View::_evaluate() - CORE/src/View/View.php, line 828
Cake\View\View::_render() - CORE/src/View/View.php, line 788
Cake\View\View::_renderElement() - CORE/src/View/View.php, line 1155
Cake\View\View::element() - CORE/src/View/View.php, line 376
include - APP/Template/Layout/default.ctp, line 507
Cake\View\View::_evaluate() - CORE/src/View/View.php, line 828
Cake\View\View::_render() - CORE/src/View/View.php, line 788
Cake\View\View::renderLayout() - CORE/src/View/View.php, line 510
Cake\View\View::render() - CORE/src/View/View.php, line 473
Cake\Controller\Controller::render() - CORE/src/Controller/Controller.php, line 583
Cake\Routing\Dispatcher::_invoke() - CORE/src/Routing/Dispatcher.php, line 120
Cake\Routing\Dispatcher::dispatch() - CORE/src/Routing/Dispatcher.php, line 87
[main] - ROOT/webroot/index.php, line 37



2016-04-16 16:37:55 Notice: Notice (8): Undefined offset: 0 in [/opt/lampp/htdocs/fitness/src/Template/Element/front_sidebar.ctp, line 119]
Trace:
Cake\Error\BaseErrorHandler::handleError() - CORE/src/Error/BaseErrorHandler.php, line 139
include - APP/Template/Element/front_sidebar.ctp, line 119
Cake\View\View::_evaluate() - CORE/src/View/View.php, line 828
Cake\View\View::_render() - CORE/src/View/View.php, line 788
Cake\View\View::_renderElement() - CORE/src/View/View.php, line 1155
Cake\View\View::element() - CORE/src/View/View.php, line 376
include - APP/Template/Layout/default.ctp, line 507
Cake\View\View::_evaluate() - CORE/src/View/View.php, line 828
Cake\View\View::_render() - CORE/src/View/View.php, line 788
Cake\View\View::renderLayout() - CORE/src/View/View.php, line 510
Cake\View\View::render() - CORE/src/View/View.php, line 473
Cake\Controller\Controller::render() - CORE/src/Controller/Controller.php, line 583
Cake\Routing\Dispatcher::_invoke() - CORE/src/Routing/Dispatcher.php, line 120
Cake\Routing\Dispatcher::dispatch() - CORE/src/Routing/Dispatcher.php, line 87
[main] - ROOT/webroot/index.php, line 37



2016-04-16 16:37:55 Notice: Notice (8): Undefined offset: 0 in [/opt/lampp/htdocs/fitness/src/Template/Element/front_sidebar.ctp, line 119]
Trace:
Cake\Error\BaseErrorHandler::handleError() - CORE/src/Error/BaseErrorHandler.php, line 139
include - APP/Template/Element/front_sidebar.ctp, line 119
Cake\View\View::_evaluate() - CORE/src/View/View.php, line 828
Cake\View\View::_render() - CORE/src/View/View.php, line 788
Cake\View\View::_renderElement() - CORE/src/View/View.php, line 1155
Cake\View\View::element() - CORE/src/View/View.php, line 376
include - APP/Template/Layout/default.ctp, line 507
Cake\View\View::_evaluate() - CORE/src/View/View.php, line 828
Cake\View\View::_render() - CORE/src/View/View.php, line 788
Cake\View\View::renderLayout() - CORE/src/View/View.php, line 510
Cake\View\View::render() - CORE/src/View/View.php, line 473
Cake\Controller\Controller::render() - CORE/src/Controller/Controller.php, line 583
Cake\Routing\Dispatcher::_invoke() - CORE/src/Routing/Dispatcher.php, line 120
Cake\Routing\Dispatcher::dispatch() - CORE/src/Routing/Dispatcher.php, line 87
[main] - ROOT/webroot/index.php, line 37



2016-04-16 16:37:55 Notice: Notice (8): Undefined offset: 0 in [/opt/lampp/htdocs/fitness/src/Template/Element/front_sidebar.ctp, line 119]
Trace:
Cake\Error\BaseErrorHandler::handleError() - CORE/src/Error/BaseErrorHandler.php, line 139
include - APP/Template/Element/front_sidebar.ctp, line 119
Cake\View\View::_evaluate() - CORE/src/View/View.php, line 828
Cake\View\View::_render() - CORE/src/View/View.php, line 788
Cake\View\View::_renderElement() - CORE/src/View/View.php, line 1155
Cake\View\View::element() - CORE/src/View/View.php, line 376
include - APP/Template/Layout/default.ctp, line 507
Cake\View\View::_evaluate() - CORE/src/View/View.php, line 828
Cake\View\View::_render() - CORE/src/View/View.php, line 788
Cake\View\View::renderLayout() - CORE/src/View/View.php, line 510
Cake\View\View::render() - CORE/src/View/View.php, line 473
Cake\Controller\Controller::render() - CORE/src/Controller/Controller.php, line 583
Cake\Routing\Dispatcher::_invoke() - CORE/src/Routing/Dispatcher.php, line 120
Cake\Routing\Dispatcher::dispatch() - CORE/src/Routing/Dispatcher.php, line 87
[main] - ROOT/webroot/index.php, line 37



2016-04-16 16:37:55 Notice: Notice (8): Undefined offset: 0 in [/opt/lampp/htdocs/fitness/src/Template/Element/front_sidebar.ctp, line 119]
Trace:
Cake\Error\BaseErrorHandler::handleError() - CORE/src/Error/BaseErrorHandler.php, line 139
include - APP/Template/Element/front_sidebar.ctp, line 119
Cake\View\View::_evaluate() - CORE/src/View/View.php, line 828
Cake\View\View::_render() - CORE/src/View/View.php, line 788
Cake\View\View::_renderElement() - CORE/src/View/View.php, line 1155
Cake\View\View::element() - CORE/src/View/View.php, line 376
include - APP/Template/Layout/default.ctp, line 507
Cake\View\View::_evaluate() - CORE/src/View/View.php, line 828
Cake\View\View::_render() - CORE/src/View/View.php, line 788
Cake\View\View::renderLayout() - CORE/src/View/View.php, line 510
Cake\View\View::render() - CORE/src/View/View.php, line 473
Cake\Controller\Controller::render() - CORE/src/Controller/Controller.php, line 583
Cake\Routing\Dispatcher::_invoke() - CORE/src/Routing/Dispatcher.php, line 120
Cake\Routing\Dispatcher::dispatch() - CORE/src/Routing/Dispatcher.php, line 87
[main] - ROOT/webroot/index.php, line 37



2016-04-16 16:37:55 Notice: Notice (8): Undefined offset: 0 in [/opt/lampp/htdocs/fitness/src/Template/Element/front_sidebar.ctp, line 119]
Trace:
Cake\Error\BaseErrorHandler::handleError() - CORE/src/Error/BaseErrorHandler.php, line 139
include - APP/Template/Element/front_sidebar.ctp, line 119
Cake\View\View::_evaluate() - CORE/src/View/View.php, line 828
Cake\View\View::_render() - CORE/src/View/View.php, line 788
Cake\View\View::_renderElement() - CORE/src/View/View.php, line 1155
Cake\View\View::element() - CORE/src/View/View.php, line 376
include - APP/Template/Layout/default.ctp, line 507
Cake\View\View::_evaluate() - CORE/src/View/View.php, line 828
Cake\View\View::_render() - CORE/src/View/View.php, line 788
Cake\View\View::renderLayout() - CORE/src/View/View.php, line 510
Cake\View\View::render() - CORE/src/View/View.php, line 473
Cake\Controller\Controller::render() - CORE/src/Controller/Controller.php, line 583
Cake\Routing\Dispatcher::_invoke() - CORE/src/Routing/Dispatcher.php, line 120
Cake\Routing\Dispatcher::dispatch() - CORE/src/Routing/Dispatcher.php, line 87
[main] - ROOT/webroot/index.php, line 37



2016-04-16 16:37:55 Notice: Notice (8): Undefined offset: 0 in [/opt/lampp/htdocs/fitness/src/Template/Element/front_sidebar.ctp, line 119]
Trace:
Cake\Error\BaseErrorHandler::handleError() - CORE/src/Error/BaseErrorHandler.php, line 139
include - APP/Template/Element/front_sidebar.ctp, line 119
Cake\View\View::_evaluate() - CORE/src/View/View.php, line 828
Cake\View\View::_render() - CORE/src/View/View.php, line 788
Cake\View\View::_renderElement() - CORE/src/View/View.php, line 1155
Cake\View\View::element() - CORE/src/View/View.php, line 376
include - APP/Template/Layout/default.ctp, line 507
Cake\View\View::_evaluate() - CORE/src/View/View.php, line 828
Cake\View\View::_render() - CORE/src/View/View.php, line 788
Cake\View\View::renderLayout() - CORE/src/View/View.php, line 510
Cake\View\View::render() - CORE/src/View/View.php, line 473
Cake\Controller\Controller::render() - CORE/src/Controller/Controller.php, line 583
Cake\Routing\Dispatcher::_invoke() - CORE/src/Routing/Dispatcher.php, line 120
Cake\Routing\Dispatcher::dispatch() - CORE/src/Routing/Dispatcher.php, line 87
[main] - ROOT/webroot/index.php, line 37



2016-04-16 16:38:17 Notice: Notice (8): Undefined offset: 0 in [/opt/lampp/htdocs/fitness/src/Template/Element/front_sidebar.ctp, line 119]
Trace:
Cake\Error\BaseErrorHandler::handleError() - CORE/src/Error/BaseErrorHandler.php, line 139
include - APP/Template/Element/front_sidebar.ctp, line 119
Cake\View\View::_evaluate() - CORE/src/View/View.php, line 828
Cake\View\View::_render() - CORE/src/View/View.php, line 788
Cake\View\View::_renderElement() - CORE/src/View/View.php, line 1155
Cake\View\View::element() - CORE/src/View/View.php, line 376
include - APP/Template/Layout/default.ctp, line 507
Cake\View\View::_evaluate() - CORE/src/View/View.php, line 828
Cake\View\View::_render() - CORE/src/View/View.php, line 788
Cake\View\View::renderLayout() - CORE/src/View/View.php, line 510
Cake\View\View::render() - CORE/src/View/View.php, line 473
Cake\Controller\Controller::render() - CORE/src/Controller/Controller.php, line 583
Cake\Routing\Dispatcher::_invoke() - CORE/src/Routing/Dispatcher.php, line 120
Cake\Routing\Dispatcher::dispatch() - CORE/src/Routing/Dispatcher.php, line 87
[main] - ROOT/webroot/index.php, line 37



2016-04-16 16:38:17 Notice: Notice (8): Undefined offset: 0 in [/opt/lampp/htdocs/fitness/src/Template/Element/front_sidebar.ctp, line 119]
Trace:
Cake\Error\BaseErrorHandler::handleError() - CORE/src/Error/BaseErrorHandler.php, line 139
include - APP/Template/Element/front_sidebar.ctp, line 119
Cake\View\View::_evaluate() - CORE/src/View/View.php, line 828
Cake\View\View::_render() - CORE/src/View/View.php, line 788
Cake\View\View::_renderElement() - CORE/src/View/View.php, line 1155
Cake\View\View::element() - CORE/src/View/View.php, line 376
include - APP/Template/Layout/default.ctp, line 507
Cake\View\View::_evaluate() - CORE/src/View/View.php, line 828
Cake\View\View::_render() - CORE/src/View/View.php, line 788
Cake\View\View::renderLayout() - CORE/src/View/View.php, line 510
Cake\View\View::render() - CORE/src/View/View.php, line 473
Cake\Controller\Controller::render() - CORE/src/Controller/Controller.php, line 583
Cake\Routing\Dispatcher::_invoke() - CORE/src/Routing/Dispatcher.php, line 120
Cake\Routing\Dispatcher::dispatch() - CORE/src/Routing/Dispatcher.php, line 87
[main] - ROOT/webroot/index.php, line 37



2016-04-16 16:38:17 Notice: Notice (8): Undefined offset: 0 in [/opt/lampp/htdocs/fitness/src/Template/Element/front_sidebar.ctp, line 119]
Trace:
Cake\Error\BaseErrorHandler::handleError() - CORE/src/Error/BaseErrorHandler.php, line 139
include - APP/Template/Element/front_sidebar.ctp, line 119
Cake\View\View::_evaluate() - CORE/src/View/View.php, line 828
Cake\View\View::_render() - CORE/src/View/View.php, line 788
Cake\View\View::_renderElement() - CORE/src/View/View.php, line 1155
Cake\View\View::element() - CORE/src/View/View.php, line 376
include - APP/Template/Layout/default.ctp, line 507
Cake\View\View::_evaluate() - CORE/src/View/View.php, line 828
Cake\View\View::_render() - CORE/src/View/View.php, line 788
Cake\View\View::renderLayout() - CORE/src/View/View.php, line 510
Cake\View\View::render() - CORE/src/View/View.php, line 473
Cake\Controller\Controller::render() - CORE/src/Controller/Controller.php, line 583
Cake\Routing\Dispatcher::_invoke() - CORE/src/Routing/Dispatcher.php, line 120
Cake\Routing\Dispatcher::dispatch() - CORE/src/Routing/Dispatcher.php, line 87
[main] - ROOT/webroot/index.php, line 37



2016-04-16 16:38:17 Notice: Notice (8): Undefined offset: 0 in [/opt/lampp/htdocs/fitness/src/Template/Element/front_sidebar.ctp, line 119]
Trace:
Cake\Error\BaseErrorHandler::handleError() - CORE/src/Error/BaseErrorHandler.php, line 139
include - APP/Template/Element/front_sidebar.ctp, line 119
Cake\View\View::_evaluate() - CORE/src/View/View.php, line 828
Cake\View\View::_render() - CORE/src/View/View.php, line 788
Cake\View\View::_renderElement() - CORE/src/View/View.php, line 1155
Cake\View\View::element() - CORE/src/View/View.php, line 376
include - APP/Template/Layout/default.ctp, line 507
Cake\View\View::_evaluate() - CORE/src/View/View.php, line 828
Cake\View\View::_render() - CORE/src/View/View.php, line 788
Cake\View\View::renderLayout() - CORE/src/View/View.php, line 510
Cake\View\View::render() - CORE/src/View/View.php, line 473
Cake\Controller\Controller::render() - CORE/src/Controller/Controller.php, line 583
Cake\Routing\Dispatcher::_invoke() - CORE/src/Routing/Dispatcher.php, line 120
Cake\Routing\Dispatcher::dispatch() - CORE/src/Routing/Dispatcher.php, line 87
[main] - ROOT/webroot/index.php, line 37



2016-04-16 16:38:17 Notice: Notice (8): Undefined offset: 0 in [/opt/lampp/htdocs/fitness/src/Template/Element/front_sidebar.ctp, line 119]
Trace:
Cake\Error\BaseErrorHandler::handleError() - CORE/src/Error/BaseErrorHandler.php, line 139
include - APP/Template/Element/front_sidebar.ctp, line 119
Cake\View\View::_evaluate() - CORE/src/View/View.php, line 828
Cake\View\View::_render() - CORE/src/View/View.php, line 788
Cake\View\View::_renderElement() - CORE/src/View/View.php, line 1155
Cake\View\View::element() - CORE/src/View/View.php, line 376
include - APP/Template/Layout/default.ctp, line 507
Cake\View\View::_evaluate() - CORE/src/View/View.php, line 828
Cake\View\View::_render() - CORE/src/View/View.php, line 788
Cake\View\View::renderLayout() - CORE/src/View/View.php, line 510
Cake\View\View::render() - CORE/src/View/View.php, line 473
Cake\Controller\Controller::render() - CORE/src/Controller/Controller.php, line 583
Cake\Routing\Dispatcher::_invoke() - CORE/src/Routing/Dispatcher.php, line 120
Cake\Routing\Dispatcher::dispatch() - CORE/src/Routing/Dispatcher.php, line 87
[main] - ROOT/webroot/index.php, line 37



2016-04-16 16:38:17 Notice: Notice (8): Undefined offset: 0 in [/opt/lampp/htdocs/fitness/src/Template/Element/front_sidebar.ctp, line 119]
Trace:
Cake\Error\BaseErrorHandler::handleError() - CORE/src/Error/BaseErrorHandler.php, line 139
include - APP/Template/Element/front_sidebar.ctp, line 119
Cake\View\View::_evaluate() - CORE/src/View/View.php, line 828
Cake\View\View::_render() - CORE/src/View/View.php, line 788
Cake\View\View::_renderElement() - CORE/src/View/View.php, line 1155
Cake\View\View::element() - CORE/src/View/View.php, line 376
include - APP/Template/Layout/default.ctp, line 507
Cake\View\View::_evaluate() - CORE/src/View/View.php, line 828
Cake\View\View::_render() - CORE/src/View/View.php, line 788
Cake\View\View::renderLayout() - CORE/src/View/View.php, line 510
Cake\View\View::render() - CORE/src/View/View.php, line 473
Cake\Controller\Controller::render() - CORE/src/Controller/Controller.php, line 583
Cake\Routing\Dispatcher::_invoke() - CORE/src/Routing/Dispatcher.php, line 120
Cake\Routing\Dispatcher::dispatch() - CORE/src/Routing/Dispatcher.php, line 87
[main] - ROOT/webroot/index.php, line 37



2016-04-16 16:38:17 Notice: Notice (8): Undefined offset: 0 in [/opt/lampp/htdocs/fitness/src/Template/Element/front_sidebar.ctp, line 119]
Trace:
Cake\Error\BaseErrorHandler::handleError() - CORE/src/Error/BaseErrorHandler.php, line 139
include - APP/Template/Element/front_sidebar.ctp, line 119
Cake\View\View::_evaluate() - CORE/src/View/View.php, line 828
Cake\View\View::_render() - CORE/src/View/View.php, line 788
Cake\View\View::_renderElement() - CORE/src/View/View.php, line 1155
Cake\View\View::element() - CORE/src/View/View.php, line 376
include - APP/Template/Layout/default.ctp, line 507
Cake\View\View::_evaluate() - CORE/src/View/View.php, line 828
Cake\View\View::_render() - CORE/src/View/View.php, line 788
Cake\View\View::renderLayout() - CORE/src/View/View.php, line 510
Cake\View\View::render() - CORE/src/View/View.php, line 473
Cake\Controller\Controller::render() - CORE/src/Controller/Controller.php, line 583
Cake\Routing\Dispatcher::_invoke() - CORE/src/Routing/Dispatcher.php, line 120
Cake\Routing\Dispatcher::dispatch() - CORE/src/Routing/Dispatcher.php, line 87
[main] - ROOT/webroot/index.php, line 37



2016-04-16 16:38:17 Notice: Notice (8): Undefined offset: 0 in [/opt/lampp/htdocs/fitness/src/Template/Element/front_sidebar.ctp, line 119]
Trace:
Cake\Error\BaseErrorHandler::handleError() - CORE/src/Error/BaseErrorHandler.php, line 139
include - APP/Template/Element/front_sidebar.ctp, line 119
Cake\View\View::_evaluate() - CORE/src/View/View.php, line 828
Cake\View\View::_render() - CORE/src/View/View.php, line 788
Cake\View\View::_renderElement() - CORE/src/View/View.php, line 1155
Cake\View\View::element() - CORE/src/View/View.php, line 376
include - APP/Template/Layout/default.ctp, line 507
Cake\View\View::_evaluate() - CORE/src/View/View.php, line 828
Cake\View\View::_render() - CORE/src/View/View.php, line 788
Cake\View\View::renderLayout() - CORE/src/View/View.php, line 510
Cake\View\View::render() - CORE/src/View/View.php, line 473
Cake\Controller\Controller::render() - CORE/src/Controller/Controller.php, line 583
Cake\Routing\Dispatcher::_invoke() - CORE/src/Routing/Dispatcher.php, line 120
Cake\Routing\Dispatcher::dispatch() - CORE/src/Routing/Dispatcher.php, line 87
[main] - ROOT/webroot/index.php, line 37



2016-04-16 16:38:17 Notice: Notice (8): Undefined offset: 0 in [/opt/lampp/htdocs/fitness/src/Template/Element/front_sidebar.ctp, line 119]
Trace:
Cake\Error\BaseErrorHandler::handleError() - CORE/src/Error/BaseErrorHandler.php, line 139
include - APP/Template/Element/front_sidebar.ctp, line 119
Cake\View\View::_evaluate() - CORE/src/View/View.php, line 828
Cake\View\View::_render() - CORE/src/View/View.php, line 788
Cake\View\View::_renderElement() - CORE/src/View/View.php, line 1155
Cake\View\View::element() - CORE/src/View/View.php, line 376
include - APP/Template/Layout/default.ctp, line 507
Cake\View\View::_evaluate() - CORE/src/View/View.php, line 828
Cake\View\View::_render() - CORE/src/View/View.php, line 788
Cake\View\View::renderLayout() - CORE/src/View/View.php, line 510
Cake\View\View::render() - CORE/src/View/View.php, line 473
Cake\Controller\Controller::render() - CORE/src/Controller/Controller.php, line 583
Cake\Routing\Dispatcher::_invoke() - CORE/src/Routing/Dispatcher.php, line 120
Cake\Routing\Dispatcher::dispatch() - CORE/src/Routing/Dispatcher.php, line 87
[main] - ROOT/webroot/index.php, line 37



2016-04-16 16:38:17 Notice: Notice (8): Undefined offset: 0 in [/opt/lampp/htdocs/fitness/src/Template/Element/front_sidebar.ctp, line 119]
Trace:
Cake\Error\BaseErrorHandler::handleError() - CORE/src/Error/BaseErrorHandler.php, line 139
include - APP/Template/Element/front_sidebar.ctp, line 119
Cake\View\View::_evaluate() - CORE/src/View/View.php, line 828
Cake\View\View::_render() - CORE/src/View/View.php, line 788
Cake\View\View::_renderElement() - CORE/src/View/View.php, line 1155
Cake\View\View::element() - CORE/src/View/View.php, line 376
include - APP/Template/Layout/default.ctp, line 507
Cake\View\View::_evaluate() - CORE/src/View/View.php, line 828
Cake\View\View::_render() - CORE/src/View/View.php, line 788
Cake\View\View::renderLayout() - CORE/src/View/View.php, line 510
Cake\View\View::render() - CORE/src/View/View.php, line 473
Cake\Controller\Controller::render() - CORE/src/Controller/Controller.php, line 583
Cake\Routing\Dispatcher::_invoke() - CORE/src/Routing/Dispatcher.php, line 120
Cake\Routing\Dispatcher::dispatch() - CORE/src/Routing/Dispatcher.php, line 87
[main] - ROOT/webroot/index.php, line 37



2016-04-16 11:11:06 Notice: Notice (8): Undefined variable: chat_data in [/opt/lampp/htdocs/fitness/src/Template/Trainees/index.ctp, line 361]
Trace:
Cake\Error\BaseErrorHandler::handleError() - CORE/src/Error/BaseErrorHandler.php, line 139
include - APP/Template/Trainees/index.ctp, line 361
Cake\View\View::_evaluate() - CORE/src/View/View.php, line 828
Cake\View\View::_render() - CORE/src/View/View.php, line 788
Cake\View\View::render() - CORE/src/View/View.php, line 465
Cake\Controller\Controller::render() - CORE/src/Controller/Controller.php, line 583
Cake\Routing\Dispatcher::_invoke() - CORE/src/Routing/Dispatcher.php, line 120
Cake\Routing\Dispatcher::dispatch() - CORE/src/Routing/Dispatcher.php, line 87
[main] - ROOT/webroot/index.php, line 37



2016-04-16 11:12:29 Notice: Notice (8): Undefined variable: chat_data in [/opt/lampp/htdocs/fitness/src/Template/Trainees/index.ctp, line 361]
Trace:
Cake\Error\BaseErrorHandler::handleError() - CORE/src/Error/BaseErrorHandler.php, line 139
include - APP/Template/Trainees/index.ctp, line 361
Cake\View\View::_evaluate() - CORE/src/View/View.php, line 828
Cake\View\View::_render() - CORE/src/View/View.php, line 788
Cake\View\View::render() - CORE/src/View/View.php, line 465
Cake\Controller\Controller::render() - CORE/src/Controller/Controller.php, line 583
Cake\Routing\Dispatcher::_invoke() - CORE/src/Routing/Dispatcher.php, line 120
Cake\Routing\Dispatcher::dispatch() - CORE/src/Routing/Dispatcher.php, line 87
[main] - ROOT/webroot/index.php, line 37



2016-04-16 11:12:30 Notice: Notice (8): Undefined variable: chat_data in [/opt/lampp/htdocs/fitness/src/Template/Trainees/index.ctp, line 361]
Trace:
Cake\Error\BaseErrorHandler::handleError() - CORE/src/Error/BaseErrorHandler.php, line 139
include - APP/Template/Trainees/index.ctp, line 361
Cake\View\View::_evaluate() - CORE/src/View/View.php, line 828
Cake\View\View::_render() - CORE/src/View/View.php, line 788
Cake\View\View::render() - CORE/src/View/View.php, line 465
Cake\Controller\Controller::render() - CORE/src/Controller/Controller.php, line 583
Cake\Routing\Dispatcher::_invoke() - CORE/src/Routing/Dispatcher.php, line 120
Cake\Routing\Dispatcher::dispatch() - CORE/src/Routing/Dispatcher.php, line 87
[main] - ROOT/webroot/index.php, line 37



2016-04-16 11:12:31 Notice: Notice (8): Undefined variable: chat_data in [/opt/lampp/htdocs/fitness/src/Template/Trainees/index.ctp, line 361]
Trace:
Cake\Error\BaseErrorHandler::handleError() - CORE/src/Error/BaseErrorHandler.php, line 139
include - APP/Template/Trainees/index.ctp, line 361
Cake\View\View::_evaluate() - CORE/src/View/View.php, line 828
Cake\View\View::_render() - CORE/src/View/View.php, line 788
Cake\View\View::render() - CORE/src/View/View.php, line 465
Cake\Controller\Controller::render() - CORE/src/Controller/Controller.php, line 583
Cake\Routing\Dispatcher::_invoke() - CORE/src/Routing/Dispatcher.php, line 120
Cake\Routing\Dispatcher::dispatch() - CORE/src/Routing/Dispatcher.php, line 87
[main] - ROOT/webroot/index.php, line 37



2016-04-16 11:12:32 Notice: Notice (8): Undefined variable: chat_data in [/opt/lampp/htdocs/fitness/src/Template/Trainees/index.ctp, line 361]
Trace:
Cake\Error\BaseErrorHandler::handleError() - CORE/src/Error/BaseErrorHandler.php, line 139
include - APP/Template/Trainees/index.ctp, line 361
Cake\View\View::_evaluate() - CORE/src/View/View.php, line 828
Cake\View\View::_render() - CORE/src/View/View.php, line 788
Cake\View\View::render() - CORE/src/View/View.php, line 465
Cake\Controller\Controller::render() - CORE/src/Controller/Controller.php, line 583
Cake\Routing\Dispatcher::_invoke() - CORE/src/Routing/Dispatcher.php, line 120
Cake\Routing\Dispatcher::dispatch() - CORE/src/Routing/Dispatcher.php, line 87
[main] - ROOT/webroot/index.php, line 37



2016-04-16 11:12:33 Notice: Notice (8): Undefined variable: chat_data in [/opt/lampp/htdocs/fitness/src/Template/Trainees/index.ctp, line 361]
Trace:
Cake\Error\BaseErrorHandler::handleError() - CORE/src/Error/BaseErrorHandler.php, line 139
include - APP/Template/Trainees/index.ctp, line 361
Cake\View\View::_evaluate() - CORE/src/View/View.php, line 828
Cake\View\View::_render() - CORE/src/View/View.php, line 788
Cake\View\View::render() - CORE/src/View/View.php, line 465
Cake\Controller\Controller::render() - CORE/src/Controller/Controller.php, line 583
Cake\Routing\Dispatcher::_invoke() - CORE/src/Routing/Dispatcher.php, line 120
Cake\Routing\Dispatcher::dispatch() - CORE/src/Routing/Dispatcher.php, line 87
[main] - ROOT/webroot/index.php, line 37



2016-04-16 11:12:35 Notice: Notice (8): Undefined variable: chat_data in [/opt/lampp/htdocs/fitness/src/Template/Trainees/index.ctp, line 361]
Trace:
Cake\Error\BaseErrorHandler::handleError() - CORE/src/Error/BaseErrorHandler.php, line 139
include - APP/Template/Trainees/index.ctp, line 361
Cake\View\View::_evaluate() - CORE/src/View/View.php, line 828
Cake\View\View::_render() - CORE/src/View/View.php, line 788
Cake\View\View::render() - CORE/src/View/View.php, line 465
Cake\Controller\Controller::render() - CORE/src/Controller/Controller.php, line 583
Cake\Routing\Dispatcher::_invoke() - CORE/src/Routing/Dispatcher.php, line 120
Cake\Routing\Dispatcher::dispatch() - CORE/src/Routing/Dispatcher.php, line 87
[main] - ROOT/webroot/index.php, line 37



2016-04-16 11:12:36 Notice: Notice (8): Undefined variable: chat_data in [/opt/lampp/htdocs/fitness/src/Template/Trainees/index.ctp, line 361]
Trace:
Cake\Error\BaseErrorHandler::handleError() - CORE/src/Error/BaseErrorHandler.php, line 139
include - APP/Template/Trainees/index.ctp, line 361
Cake\View\View::_evaluate() - CORE/src/View/View.php, line 828
Cake\View\View::_render() - CORE/src/View/View.php, line 788
Cake\View\View::render() - CORE/src/View/View.php, line 465
Cake\Controller\Controller::render() - CORE/src/Controller/Controller.php, line 583
Cake\Routing\Dispatcher::_invoke() - CORE/src/Routing/Dispatcher.php, line 120
Cake\Routing\Dispatcher::dispatch() - CORE/src/Routing/Dispatcher.php, line 87
[main] - ROOT/webroot/index.php, line 37



2016-04-16 11:12:37 Notice: Notice (8): Undefined variable: chat_data in [/opt/lampp/htdocs/fitness/src/Template/Trainees/index.ctp, line 361]
Trace:
Cake\Error\BaseErrorHandler::handleError() - CORE/src/Error/BaseErrorHandler.php, line 139
include - APP/Template/Trainees/index.ctp, line 361
Cake\View\View::_evaluate() - CORE/src/View/View.php, line 828
Cake\View\View::_render() - CORE/src/View/View.php, line 788
Cake\View\View::render() - CORE/src/View/View.php, line 465
Cake\Controller\Controller::render() - CORE/src/Controller/Controller.php, line 583
Cake\Routing\Dispatcher::_invoke() - CORE/src/Routing/Dispatcher.php, line 120
Cake\Routing\Dispatcher::dispatch() - CORE/src/Routing/Dispatcher.php, line 87
[main] - ROOT/webroot/index.php, line 37



2016-04-16 11:12:38 Notice: Notice (8): Undefined variable: chat_data in [/opt/lampp/htdocs/fitness/src/Template/Trainees/index.ctp, line 361]
Trace:
Cake\Error\BaseErrorHandler::handleError() - CORE/src/Error/BaseErrorHandler.php, line 139
include - APP/Template/Trainees/index.ctp, line 361
Cake\View\View::_evaluate() - CORE/src/View/View.php, line 828
Cake\View\View::_render() - CORE/src/View/View.php, line 788
Cake\View\View::render() - CORE/src/View/View.php, line 465
Cake\Controller\Controller::render() - CORE/src/Controller/Controller.php, line 583
Cake\Routing\Dispatcher::_invoke() - CORE/src/Routing/Dispatcher.php, line 120
Cake\Routing\Dispatcher::dispatch() - CORE/src/Routing/Dispatcher.php, line 87
[main] - ROOT/webroot/index.php, line 37



2016-04-16 11:23:35 Notice: Notice (8): Undefined index: item in [/opt/lampp/htdocs/fitness/src/Template/Trainees/grocerylist.ctp, line 48]
Trace:
Cake\Error\BaseErrorHandler::handleError() - CORE/src/Error/BaseErrorHandler.php, line 139
include - APP/Template/Trainees/grocerylist.ctp, line 48
Cake\View\View::_evaluate() - CORE/src/View/View.php, line 828
Cake\View\View::_render() - CORE/src/View/View.php, line 788
Cake\View\View::render() - CORE/src/View/View.php, line 465
Cake\Controller\Controller::render() - CORE/src/Controller/Controller.php, line 583
Cake\Routing\Dispatcher::_invoke() - CORE/src/Routing/Dispatcher.php, line 120
Cake\Routing\Dispatcher::dispatch() - CORE/src/Routing/Dispatcher.php, line 87
[main] - ROOT/webroot/index.php, line 37



2016-04-16 11:23:35 Notice: Notice (8): Undefined index: quantity in [/opt/lampp/htdocs/fitness/src/Template/Trainees/grocerylist.ctp, line 49]
Trace:
Cake\Error\BaseErrorHandler::handleError() - CORE/src/Error/BaseErrorHandler.php, line 139
include - APP/Template/Trainees/grocerylist.ctp, line 49
Cake\View\View::_evaluate() - CORE/src/View/View.php, line 828
Cake\View\View::_render() - CORE/src/View/View.php, line 788
Cake\View\View::render() - CORE/src/View/View.php, line 465
Cake\Controller\Controller::render() - CORE/src/Controller/Controller.php, line 583
Cake\Routing\Dispatcher::_invoke() - CORE/src/Routing/Dispatcher.php, line 120
Cake\Routing\Dispatcher::dispatch() - CORE/src/Routing/Dispatcher.php, line 87
[main] - ROOT/webroot/index.php, line 37



2016-04-16 11:23:35 Notice: Notice (8): Undefined index: store in [/opt/lampp/htdocs/fitness/src/Template/Trainees/grocerylist.ctp, line 50]
Trace:
Cake\Error\BaseErrorHandler::handleError() - CORE/src/Error/BaseErrorHandler.php, line 139
include - APP/Template/Trainees/grocerylist.ctp, line 50
Cake\View\View::_evaluate() - CORE/src/View/View.php, line 828
Cake\View\View::_render() - CORE/src/View/View.php, line 788
Cake\View\View::render() - CORE/src/View/View.php, line 465
Cake\Controller\Controller::render() - CORE/src/Controller/Controller.php, line 583
Cake\Routing\Dispatcher::_invoke() - CORE/src/Routing/Dispatcher.php, line 120
Cake\Routing\Dispatcher::dispatch() - CORE/src/Routing/Dispatcher.php, line 87
[main] - ROOT/webroot/index.php, line 37



2016-04-16 11:23:35 Notice: Notice (8): Undefined index: item in [/opt/lampp/htdocs/fitness/src/Template/Trainees/grocerylist.ctp, line 48]
Trace:
Cake\Error\BaseErrorHandler::handleError() - CORE/src/Error/BaseErrorHandler.php, line 139
include - APP/Template/Trainees/grocerylist.ctp, line 48
Cake\View\View::_evaluate() - CORE/src/View/View.php, line 828
Cake\View\View::_render() - CORE/src/View/View.php, line 788
Cake\View\View::render() - CORE/src/View/View.php, line 465
Cake\Controller\Controller::render() - CORE/src/Controller/Controller.php, line 583
Cake\Routing\Dispatcher::_invoke() - CORE/src/Routing/Dispatcher.php, line 120
Cake\Routing\Dispatcher::dispatch() - CORE/src/Routing/Dispatcher.php, line 87
[main] - ROOT/webroot/index.php, line 37



2016-04-16 11:23:35 Notice: Notice (8): Undefined index: quantity in [/opt/lampp/htdocs/fitness/src/Template/Trainees/grocerylist.ctp, line 49]
Trace:
Cake\Error\BaseErrorHandler::handleError() - CORE/src/Error/BaseErrorHandler.php, line 139
include - APP/Template/Trainees/grocerylist.ctp, line 49
Cake\View\View::_evaluate() - CORE/src/View/View.php, line 828
Cake\View\View::_render() - CORE/src/View/View.php, line 788
Cake\View\View::render() - CORE/src/View/View.php, line 465
Cake\Controller\Controller::render() - CORE/src/Controller/Controller.php, line 583
Cake\Routing\Dispatcher::_invoke() - CORE/src/Routing/Dispatcher.php, line 120
Cake\Routing\Dispatcher::dispatch() - CORE/src/Routing/Dispatcher.php, line 87
[main] - ROOT/webroot/index.php, line 37



2016-04-16 11:23:35 Notice: Notice (8): Undefined index: store in [/opt/lampp/htdocs/fitness/src/Template/Trainees/grocerylist.ctp, line 50]
Trace:
Cake\Error\BaseErrorHandler::handleError() - CORE/src/Error/BaseErrorHandler.php, line 139
include - APP/Template/Trainees/grocerylist.ctp, line 50
Cake\View\View::_evaluate() - CORE/src/View/View.php, line 828
Cake\View\View::_render() - CORE/src/View/View.php, line 788
Cake\View\View::render() - CORE/src/View/View.php, line 465
Cake\Controller\Controller::render() - CORE/src/Controller/Controller.php, line 583
Cake\Routing\Dispatcher::_invoke() - CORE/src/Routing/Dispatcher.php, line 120
Cake\Routing\Dispatcher::dispatch() - CORE/src/Routing/Dispatcher.php, line 87
[main] - ROOT/webroot/index.php, line 37



2016-04-16 11:23:35 Notice: Notice (8): Undefined index: item in [/opt/lampp/htdocs/fitness/src/Template/Trainees/grocerylist.ctp, line 48]
Trace:
Cake\Error\BaseErrorHandler::handleError() - CORE/src/Error/BaseErrorHandler.php, line 139
include - APP/Template/Trainees/grocerylist.ctp, line 48
Cake\View\View::_evaluate() - CORE/src/View/View.php, line 828
Cake\View\View::_render() - CORE/src/View/View.php, line 788
Cake\View\View::render() - CORE/src/View/View.php, line 465
Cake\Controller\Controller::render() - CORE/src/Controller/Controller.php, line 583
Cake\Routing\Dispatcher::_invoke() - CORE/src/Routing/Dispatcher.php, line 120
Cake\Routing\Dispatcher::dispatch() - CORE/src/Routing/Dispatcher.php, line 87
[main] - ROOT/webroot/index.php, line 37



2016-04-16 11:23:35 Notice: Notice (8): Undefined index: quantity in [/opt/lampp/htdocs/fitness/src/Template/Trainees/grocerylist.ctp, line 49]
Trace:
Cake\Error\BaseErrorHandler::handleError() - CORE/src/Error/BaseErrorHandler.php, line 139
include - APP/Template/Trainees/grocerylist.ctp, line 49
Cake\View\View::_evaluate() - CORE/src/View/View.php, line 828
Cake\View\View::_render() - CORE/src/View/View.php, line 788
Cake\View\View::render() - CORE/src/View/View.php, line 465
Cake\Controller\Controller::render() - CORE/src/Controller/Controller.php, line 583
Cake\Routing\Dispatcher::_invoke() - CORE/src/Routing/Dispatcher.php, line 120
Cake\Routing\Dispatcher::dispatch() - CORE/src/Routing/Dispatcher.php, line 87
[main] - ROOT/webroot/index.php, line 37



2016-04-16 11:23:35 Notice: Notice (8): Undefined index: store in [/opt/lampp/htdocs/fitness/src/Template/Trainees/grocerylist.ctp, line 50]
Trace:
Cake\Error\BaseErrorHandler::handleError() - CORE/src/Error/BaseErrorHandler.php, line 139
include - APP/Template/Trainees/grocerylist.ctp, line 50
Cake\View\View::_evaluate() - CORE/src/View/View.php, line 828
Cake\View\View::_render() - CORE/src/View/View.php, line 788
Cake\View\View::render() - CORE/src/View/View.php, line 465
Cake\Controller\Controller::render() - CORE/src/Controller/Controller.php, line 583
Cake\Routing\Dispatcher::_invoke() - CORE/src/Routing/Dispatcher.php, line 120
Cake\Routing\Dispatcher::dispatch() - CORE/src/Routing/Dispatcher.php, line 87
[main] - ROOT/webroot/index.php, line 37



2016-04-16 11:23:35 Notice: Notice (8): Undefined index: item in [/opt/lampp/htdocs/fitness/src/Template/Trainees/grocerylist.ctp, line 48]
Trace:
Cake\Error\BaseErrorHandler::handleError() - CORE/src/Error/BaseErrorHandler.php, line 139
include - APP/Template/Trainees/grocerylist.ctp, line 48
Cake\View\View::_evaluate() - CORE/src/View/View.php, line 828
Cake\View\View::_render() - CORE/src/View/View.php, line 788
Cake\View\View::render() - CORE/src/View/View.php, line 465
Cake\Controller\Controller::render() - CORE/src/Controller/Controller.php, line 583
Cake\Routing\Dispatcher::_invoke() - CORE/src/Routing/Dispatcher.php, line 120
Cake\Routing\Dispatcher::dispatch() - CORE/src/Routing/Dispatcher.php, line 87
[main] - ROOT/webroot/index.php, line 37



2016-04-16 11:23:35 Notice: Notice (8): Undefined index: quantity in [/opt/lampp/htdocs/fitness/src/Template/Trainees/grocerylist.ctp, line 49]
Trace:
Cake\Error\BaseErrorHandler::handleError() - CORE/src/Error/BaseErrorHandler.php, line 139
include - APP/Template/Trainees/grocerylist.ctp, line 49
Cake\View\View::_evaluate() - CORE/src/View/View.php, line 828
Cake\View\View::_render() - CORE/src/View/View.php, line 788
Cake\View\View::render() - CORE/src/View/View.php, line 465
Cake\Controller\Controller::render() - CORE/src/Controller/Controller.php, line 583
Cake\Routing\Dispatcher::_invoke() - CORE/src/Routing/Dispatcher.php, line 120
Cake\Routing\Dispatcher::dispatch() - CORE/src/Routing/Dispatcher.php, line 87
[main] - ROOT/webroot/index.php, line 37



2016-04-16 11:23:35 Notice: Notice (8): Undefined index: store in [/opt/lampp/htdocs/fitness/src/Template/Trainees/grocerylist.ctp, line 50]
Trace:
Cake\Error\BaseErrorHandler::handleError() - CORE/src/Error/BaseErrorHandler.php, line 139
include - APP/Template/Trainees/grocerylist.ctp, line 50
Cake\View\View::_evaluate() - CORE/src/View/View.php, line 828
Cake\View\View::_render() - CORE/src/View/View.php, line 788
Cake\View\View::render() - CORE/src/View/View.php, line 465
Cake\Controller\Controller::render() - CORE/src/Controller/Controller.php, line 583
Cake\Routing\Dispatcher::_invoke() - CORE/src/Routing/Dispatcher.php, line 120
Cake\Routing\Dispatcher::dispatch() - CORE/src/Routing/Dispatcher.php, line 87
[main] - ROOT/webroot/index.php, line 37



2016-04-16 11:23:35 Notice: Notice (8): Undefined index: item in [/opt/lampp/htdocs/fitness/src/Template/Trainees/grocerylist.ctp, line 48]
Trace:
Cake\Error\BaseErrorHandler::handleError() - CORE/src/Error/BaseErrorHandler.php, line 139
include - APP/Template/Trainees/grocerylist.ctp, line 48
Cake\View\View::_evaluate() - CORE/src/View/View.php, line 828
Cake\View\View::_render() - CORE/src/View/View.php, line 788
Cake\View\View::render() - CORE/src/View/View.php, line 465
Cake\Controller\Controller::render() - CORE/src/Controller/Controller.php, line 583
Cake\Routing\Dispatcher::_invoke() - CORE/src/Routing/Dispatcher.php, line 120
Cake\Routing\Dispatcher::dispatch() - CORE/src/Routing/Dispatcher.php, line 87
[main] - ROOT/webroot/index.php, line 37



2016-04-16 11:23:35 Notice: Notice (8): Undefined index: quantity in [/opt/lampp/htdocs/fitness/src/Template/Trainees/grocerylist.ctp, line 49]
Trace:
Cake\Error\BaseErrorHandler::handleError() - CORE/src/Error/BaseErrorHandler.php, line 139
include - APP/Template/Trainees/grocerylist.ctp, line 49
Cake\View\View::_evaluate() - CORE/src/View/View.php, line 828
Cake\View\View::_render() - CORE/src/View/View.php, line 788
Cake\View\View::render() - CORE/src/View/View.php, line 465
Cake\Controller\Controller::render() - CORE/src/Controller/Controller.php, line 583
Cake\Routing\Dispatcher::_invoke() - CORE/src/Routing/Dispatcher.php, line 120
Cake\Routing\Dispatcher::dispatch() - CORE/src/Routing/Dispatcher.php, line 87
[main] - ROOT/webroot/index.php, line 37



2016-04-16 11:23:35 Notice: Notice (8): Undefined index: store in [/opt/lampp/htdocs/fitness/src/Template/Trainees/grocerylist.ctp, line 50]
Trace:
Cake\Error\BaseErrorHandler::handleError() - CORE/src/Error/BaseErrorHandler.php, line 139
include - APP/Template/Trainees/grocerylist.ctp, line 50
Cake\View\View::_evaluate() - CORE/src/View/View.php, line 828
Cake\View\View::_render() - CORE/src/View/View.php, line 788
Cake\View\View::render() - CORE/src/View/View.php, line 465
Cake\Controller\Controller::render() - CORE/src/Controller/Controller.php, line 583
Cake\Routing\Dispatcher::_invoke() - CORE/src/Routing/Dispatcher.php, line 120
Cake\Routing\Dispatcher::dispatch() - CORE/src/Routing/Dispatcher.php, line 87
[main] - ROOT/webroot/index.php, line 37



2016-04-16 11:23:35 Notice: Notice (8): Undefined index: item in [/opt/lampp/htdocs/fitness/src/Template/Trainees/grocerylist.ctp, line 48]
Trace:
Cake\Error\BaseErrorHandler::handleError() - CORE/src/Error/BaseErrorHandler.php, line 139
include - APP/Template/Trainees/grocerylist.ctp, line 48
Cake\View\View::_evaluate() - CORE/src/View/View.php, line 828
Cake\View\View::_render() - CORE/src/View/View.php, line 788
Cake\View\View::render() - CORE/src/View/View.php, line 465
Cake\Controller\Controller::render() - CORE/src/Controller/Controller.php, line 583
Cake\Routing\Dispatcher::_invoke() - CORE/src/Routing/Dispatcher.php, line 120
Cake\Routing\Dispatcher::dispatch() - CORE/src/Routing/Dispatcher.php, line 87
[main] - ROOT/webroot/index.php, line 37



2016-04-16 11:23:35 Notice: Notice (8): Undefined index: quantity in [/opt/lampp/htdocs/fitness/src/Template/Trainees/grocerylist.ctp, line 49]
Trace:
Cake\Error\BaseErrorHandler::handleError() - CORE/src/Error/BaseErrorHandler.php, line 139
include - APP/Template/Trainees/grocerylist.ctp, line 49
Cake\View\View::_evaluate() - CORE/src/View/View.php, line 828
Cake\View\View::_render() - CORE/src/View/View.php, line 788
Cake\View\View::render() - CORE/src/View/View.php, line 465
Cake\Controller\Controller::render() - CORE/src/Controller/Controller.php, line 583
Cake\Routing\Dispatcher::_invoke() - CORE/src/Routing/Dispatcher.php, line 120
Cake\Routing\Dispatcher::dispatch() - CORE/src/Routing/Dispatcher.php, line 87
[main] - ROOT/webroot/index.php, line 37



2016-04-16 11:23:35 Notice: Notice (8): Undefined index: store in [/opt/lampp/htdocs/fitness/src/Template/Trainees/grocerylist.ctp, line 50]
Trace:
Cake\Error\BaseErrorHandler::handleError() - CORE/src/Error/BaseErrorHandler.php, line 139
include - APP/Template/Trainees/grocerylist.ctp, line 50
Cake\View\View::_evaluate() - CORE/src/View/View.php, line 828
Cake\View\View::_render() - CORE/src/View/View.php, line 788
Cake\View\View::render() - CORE/src/View/View.php, line 465
Cake\Controller\Controller::render() - CORE/src/Controller/Controller.php, line 583
Cake\Routing\Dispatcher::_invoke() - CORE/src/Routing/Dispatcher.php, line 120
Cake\Routing\Dispatcher::dispatch() - CORE/src/Routing/Dispatcher.php, line 87
[main] - ROOT/webroot/index.php, line 37



2016-04-16 11:23:35 Notice: Notice (8): Undefined index: item in [/opt/lampp/htdocs/fitness/src/Template/Trainees/grocerylist.ctp, line 48]
Trace:
Cake\Error\BaseErrorHandler::handleError() - CORE/src/Error/BaseErrorHandler.php, line 139
include - APP/Template/Trainees/grocerylist.ctp, line 48
Cake\View\View::_evaluate() - CORE/src/View/View.php, line 828
Cake\View\View::_render() - CORE/src/View/View.php, line 788
Cake\View\View::render() - CORE/src/View/View.php, line 465
Cake\Controller\Controller::render() - CORE/src/Controller/Controller.php, line 583
Cake\Routing\Dispatcher::_invoke() - CORE/src/Routing/Dispatcher.php, line 120
Cake\Routing\Dispatcher::dispatch() - CORE/src/Routing/Dispatcher.php, line 87
[main] - ROOT/webroot/index.php, line 37



2016-04-16 11:23:35 Notice: Notice (8): Undefined index: quantity in [/opt/lampp/htdocs/fitness/src/Template/Trainees/grocerylist.ctp, line 49]
Trace:
Cake\Error\BaseErrorHandler::handleError() - CORE/src/Error/BaseErrorHandler.php, line 139
include - APP/Template/Trainees/grocerylist.ctp, line 49
Cake\View\View::_evaluate() - CORE/src/View/View.php, line 828
Cake\View\View::_render() - CORE/src/View/View.php, line 788
Cake\View\View::render() - CORE/src/View/View.php, line 465
Cake\Controller\Controller::render() - CORE/src/Controller/Controller.php, line 583
Cake\Routing\Dispatcher::_invoke() - CORE/src/Routing/Dispatcher.php, line 120
Cake\Routing\Dispatcher::dispatch() - CORE/src/Routing/Dispatcher.php, line 87
[main] - ROOT/webroot/index.php, line 37



2016-04-16 11:23:35 Notice: Notice (8): Undefined index: store in [/opt/lampp/htdocs/fitness/src/Template/Trainees/grocerylist.ctp, line 50]
Trace:
Cake\Error\BaseErrorHandler::handleError() - CORE/src/Error/BaseErrorHandler.php, line 139
include - APP/Template/Trainees/grocerylist.ctp, line 50
Cake\View\View::_evaluate() - CORE/src/View/View.php, line 828
Cake\View\View::_render() - CORE/src/View/View.php, line 788
Cake\View\View::render() - CORE/src/View/View.php, line 465
Cake\Controller\Controller::render() - CORE/src/Controller/Controller.php, line 583
Cake\Routing\Dispatcher::_invoke() - CORE/src/Routing/Dispatcher.php, line 120
Cake\Routing\Dispatcher::dispatch() - CORE/src/Routing/Dispatcher.php, line 87
[main] - ROOT/webroot/index.php, line 37



2016-04-16 11:23:35 Notice: Notice (8): Undefined index: item in [/opt/lampp/htdocs/fitness/src/Template/Trainees/grocerylist.ctp, line 48]
Trace:
Cake\Error\BaseErrorHandler::handleError() - CORE/src/Error/BaseErrorHandler.php, line 139
include - APP/Template/Trainees/grocerylist.ctp, line 48
Cake\View\View::_evaluate() - CORE/src/View/View.php, line 828
Cake\View\View::_render() - CORE/src/View/View.php, line 788
Cake\View\View::render() - CORE/src/View/View.php, line 465
Cake\Controller\Controller::render() - CORE/src/Controller/Controller.php, line 583
Cake\Routing\Dispatcher::_invoke() - CORE/src/Routing/Dispatcher.php, line 120
Cake\Routing\Dispatcher::dispatch() - CORE/src/Routing/Dispatcher.php, line 87
[main] - ROOT/webroot/index.php, line 37



2016-04-16 11:23:35 Notice: Notice (8): Undefined index: quantity in [/opt/lampp/htdocs/fitness/src/Template/Trainees/grocerylist.ctp, line 49]
Trace:
Cake\Error\BaseErrorHandler::handleError() - CORE/src/Error/BaseErrorHandler.php, line 139
include - APP/Template/Trainees/grocerylist.ctp, line 49
Cake\View\View::_evaluate() - CORE/src/View/View.php, line 828
Cake\View\View::_render() - CORE/src/View/View.php, line 788
Cake\View\View::render() - CORE/src/View/View.php, line 465
Cake\Controller\Controller::render() - CORE/src/Controller/Controller.php, line 583
Cake\Routing\Dispatcher::_invoke() - CORE/src/Routing/Dispatcher.php, line 120
Cake\Routing\Dispatcher::dispatch() - CORE/src/Routing/Dispatcher.php, line 87
[main] - ROOT/webroot/index.php, line 37



2016-04-16 11:23:36 Notice: Notice (8): Undefined index: store in [/opt/lampp/htdocs/fitness/src/Template/Trainees/grocerylist.ctp, line 50]
Trace:
Cake\Error\BaseErrorHandler::handleError() - CORE/src/Error/BaseErrorHandler.php, line 139
include - APP/Template/Trainees/grocerylist.ctp, line 50
Cake\View\View::_evaluate() - CORE/src/View/View.php, line 828
Cake\View\View::_render() - CORE/src/View/View.php, line 788
Cake\View\View::render() - CORE/src/View/View.php, line 465
Cake\Controller\Controller::render() - CORE/src/Controller/Controller.php, line 583
Cake\Routing\Dispatcher::_invoke() - CORE/src/Routing/Dispatcher.php, line 120
Cake\Routing\Dispatcher::dispatch() - CORE/src/Routing/Dispatcher.php, line 87
[main] - ROOT/webroot/index.php, line 37



