2016-04-22 06:44:38 Error: [Cake\Network\Exception\SocketException] Could not send email: unknown
Request URL: /fitness/trainees/addTrainee
Stack Trace:
#0 /opt/lampp/htdocs/fitness/vendor/cakephp/cakephp/src/Network/Email/MailTransport.php(53): Cake\Network\Email\MailTransport->_mail('sas@fdf.hghgghh...', 'Virtual TrainR ...', '<html><body><ce...', 'From: donotrepl...', NULL)
#1 /opt/lampp/htdocs/fitness/vendor/cakephp/cakephp/src/Network/Email/Email.php(1317): Cake\Network\Email\MailTransport->send(Object(Cake\Network\Email\Email))
#2 /opt/lampp/htdocs/fitness/src/Controller/TraineesController.php(657): Cake\Network\Email\Email->send('<html><body><ce...')
#3 [internal function]: App\Controller\TraineesController->addTrainee()
#4 /opt/lampp/htdocs/fitness/vendor/cakephp/cakephp/src/Controller/Controller.php(412): call_user_func_array(Array, Array)
#5 /opt/lampp/htdocs/fitness/vendor/cakephp/cakephp/src/Routing/Dispatcher.php(114): Cake\Controller\Controller->invokeAction()
#6 /opt/lampp/htdocs/fitness/vendor/cakephp/cakephp/src/Routing/Dispatcher.php(87): Cake\Routing\Dispatcher->_invoke(Object(App\Controller\TraineesController))
#7 /opt/lampp/htdocs/fitness/webroot/index.php(37): Cake\Routing\Dispatcher->dispatch(Object(Cake\Network\Request), Object(Cake\Network\Response))
#8 {main}


2016-04-22 06:44:41 Error: [Cake\Routing\Exception\MissingControllerException] Controller class Css could not be found.
Exception Attributes: array (
  'class' => 'Css',
  'plugin' => NULL,
  'prefix' => NULL,
  '_ext' => NULL,
)
Request URL: /fitness/css/percircle.css.map
Stack Trace:
#0 /opt/lampp/htdocs/fitness/webroot/index.php(37): Cake\Routing\Dispatcher->dispatch(Object(Cake\Network\Request), Object(Cake\Network\Response))
#1 {main}


2016-04-22 06:44:42 Error: [Cake\Routing\Exception\MissingControllerException] Controller class Js could not be found.
Exception Attributes: array (
  'class' => 'Js',
  'plugin' => NULL,
  'prefix' => NULL,
  '_ext' => NULL,
)
Request URL: /fitness/js/TB.js.map
Stack Trace:
#0 /opt/lampp/htdocs/fitness/webroot/index.php(37): Cake\Routing\Dispatcher->dispatch(Object(Cake\Network\Request), Object(Cake\Network\Response))
#1 {main}


2016-04-22 06:45:21 Error: [Cake\Routing\Exception\MissingControllerException] Controller class Js could not be found.
Exception Attributes: array (
  'class' => 'Js',
  'plugin' => NULL,
  'prefix' => NULL,
  '_ext' => NULL,
)
Request URL: /fitness/js/TB.js.map
Stack Trace:
#0 /opt/lampp/htdocs/fitness/webroot/index.php(37): Cake\Routing\Dispatcher->dispatch(Object(Cake\Network\Request), Object(Cake\Network\Response))
#1 {main}


2016-04-22 06:45:21 Error: [Cake\Routing\Exception\MissingControllerException] Controller class Css could not be found.
Exception Attributes: array (
  'class' => 'Css',
  'plugin' => NULL,
  'prefix' => NULL,
  '_ext' => NULL,
)
Request URL: /fitness/css/percircle.css.map
Stack Trace:
#0 /opt/lampp/htdocs/fitness/webroot/index.php(37): Cake\Routing\Dispatcher->dispatch(Object(Cake\Network\Request), Object(Cake\Network\Response))
#1 {main}


2016-04-22 06:46:32 Error: [Cake\Network\Exception\SocketException] Could not send email: unknown
Request URL: /fitness/trainers/addTrainer
Stack Trace:
#0 /opt/lampp/htdocs/fitness/vendor/cakephp/cakephp/src/Network/Email/MailTransport.php(53): Cake\Network\Email\MailTransport->_mail('dsdsds@eweew.ew...', 'Virtual TrainR ...', '<html><body><ce...', 'From: business@...', NULL)
#1 /opt/lampp/htdocs/fitness/vendor/cakephp/cakephp/src/Network/Email/Email.php(1317): Cake\Network\Email\MailTransport->send(Object(Cake\Network\Email\Email))
#2 /opt/lampp/htdocs/fitness/src/Controller/TrainersController.php(176): Cake\Network\Email\Email->send('<html><body><ce...')
#3 [internal function]: App\Controller\TrainersController->addTrainer()
#4 /opt/lampp/htdocs/fitness/vendor/cakephp/cakephp/src/Controller/Controller.php(412): call_user_func_array(Array, Array)
#5 /opt/lampp/htdocs/fitness/vendor/cakephp/cakephp/src/Routing/Dispatcher.php(114): Cake\Controller\Controller->invokeAction()
#6 /opt/lampp/htdocs/fitness/vendor/cakephp/cakephp/src/Routing/Dispatcher.php(87): Cake\Routing\Dispatcher->_invoke(Object(App\Controller\TrainersController))
#7 /opt/lampp/htdocs/fitness/webroot/index.php(37): Cake\Routing\Dispatcher->dispatch(Object(Cake\Network\Request), Object(Cake\Network\Response))
#8 {main}


2016-04-22 06:47:56 Error: [Cake\Routing\Exception\MissingControllerException] Controller class Js could not be found.
Exception Attributes: array (
  'class' => 'Js',
  'plugin' => NULL,
  'prefix' => NULL,
  '_ext' => NULL,
)
Request URL: /fitness/js/TB.js.map
Stack Trace:
#0 /opt/lampp/htdocs/fitness/webroot/index.php(37): Cake\Routing\Dispatcher->dispatch(Object(Cake\Network\Request), Object(Cake\Network\Response))
#1 {main}


2016-04-22 06:47:56 Error: [Cake\Routing\Exception\MissingControllerException] Controller class Css could not be found.
Exception Attributes: array (
  'class' => 'Css',
  'plugin' => NULL,
  'prefix' => NULL,
  '_ext' => NULL,
)
Request URL: /fitness/css/percircle.css.map
Stack Trace:
#0 /opt/lampp/htdocs/fitness/webroot/index.php(37): Cake\Routing\Dispatcher->dispatch(Object(Cake\Network\Request), Object(Cake\Network\Response))
#1 {main}


2016-04-22 06:48:37 Error: [Cake\Routing\Exception\MissingControllerException] Controller class Js could not be found.
Exception Attributes: array (
  'class' => 'Js',
  'plugin' => NULL,
  'prefix' => NULL,
  '_ext' => NULL,
)
Request URL: /fitness/js/TB.js.map
Stack Trace:
#0 /opt/lampp/htdocs/fitness/webroot/index.php(37): Cake\Routing\Dispatcher->dispatch(Object(Cake\Network\Request), Object(Cake\Network\Response))
#1 {main}


2016-04-22 06:48:37 Error: [Cake\Routing\Exception\MissingControllerException] Controller class Css could not be found.
Exception Attributes: array (
  'class' => 'Css',
  'plugin' => NULL,
  'prefix' => NULL,
  '_ext' => NULL,
)
Request URL: /fitness/css/percircle.css.map
Stack Trace:
#0 /opt/lampp/htdocs/fitness/webroot/index.php(37): Cake\Routing\Dispatcher->dispatch(Object(Cake\Network\Request), Object(Cake\Network\Response))
#1 {main}


2016-04-22 06:49:29 Error: [Cake\Routing\Exception\MissingControllerException] Controller class Js could not be found.
Exception Attributes: array (
  'class' => 'Js',
  'plugin' => NULL,
  'prefix' => NULL,
  '_ext' => NULL,
)
Request URL: /fitness/js/TB.js.map
Stack Trace:
#0 /opt/lampp/htdocs/fitness/webroot/index.php(37): Cake\Routing\Dispatcher->dispatch(Object(Cake\Network\Request), Object(Cake\Network\Response))
#1 {main}


2016-04-22 06:49:29 Error: [Cake\Routing\Exception\MissingControllerException] Controller class Css could not be found.
Exception Attributes: array (
  'class' => 'Css',
  'plugin' => NULL,
  'prefix' => NULL,
  '_ext' => NULL,
)
Request URL: /fitness/css/percircle.css.map
Stack Trace:
#0 /opt/lampp/htdocs/fitness/webroot/index.php(37): Cake\Routing\Dispatcher->dispatch(Object(Cake\Network\Request), Object(Cake\Network\Response))
#1 {main}


2016-04-22 06:54:59 Error: [Cake\Routing\Exception\MissingControllerException] Controller class Js could not be found.
Exception Attributes: array (
  'class' => 'Js',
  'plugin' => NULL,
  'prefix' => NULL,
  '_ext' => NULL,
)
Request URL: /fitness/js/TB.js.map
Stack Trace:
#0 /opt/lampp/htdocs/fitness/webroot/index.php(37): Cake\Routing\Dispatcher->dispatch(Object(Cake\Network\Request), Object(Cake\Network\Response))
#1 {main}


2016-04-22 06:55:02 Error: [Cake\Routing\Exception\MissingControllerException] Controller class Css could not be found.
Exception Attributes: array (
  'class' => 'Css',
  'plugin' => NULL,
  'prefix' => NULL,
  '_ext' => NULL,
)
Request URL: /fitness/css/percircle.css.map
Stack Trace:
#0 /opt/lampp/htdocs/fitness/webroot/index.php(37): Cake\Routing\Dispatcher->dispatch(Object(Cake\Network\Request), Object(Cake\Network\Response))
#1 {main}


2016-04-22 06:59:09 Error: [Cake\Routing\Exception\MissingControllerException] Controller class Js could not be found.
Exception Attributes: array (
  'class' => 'Js',
  'plugin' => NULL,
  'prefix' => NULL,
  '_ext' => NULL,
)
Request URL: /fitness/js/TB.js.map
Stack Trace:
#0 /opt/lampp/htdocs/fitness/webroot/index.php(37): Cake\Routing\Dispatcher->dispatch(Object(Cake\Network\Request), Object(Cake\Network\Response))
#1 {main}


2016-04-22 06:59:09 Error: [Cake\Routing\Exception\MissingControllerException] Controller class Css could not be found.
Exception Attributes: array (
  'class' => 'Css',
  'plugin' => NULL,
  'prefix' => NULL,
  '_ext' => NULL,
)
Request URL: /fitness/css/percircle.css.map
Stack Trace:
#0 /opt/lampp/htdocs/fitness/webroot/index.php(37): Cake\Routing\Dispatcher->dispatch(Object(Cake\Network\Request), Object(Cake\Network\Response))
#1 {main}


2016-04-22 07:01:28 Error: [Cake\Routing\Exception\MissingControllerException] Controller class Js could not be found.
Exception Attributes: array (
  'class' => 'Js',
  'plugin' => NULL,
  'prefix' => NULL,
  '_ext' => NULL,
)
Request URL: /fitness/js/TB.js.map
Stack Trace:
#0 /opt/lampp/htdocs/fitness/webroot/index.php(37): Cake\Routing\Dispatcher->dispatch(Object(Cake\Network\Request), Object(Cake\Network\Response))
#1 {main}


2016-04-22 07:01:28 Error: [Cake\Routing\Exception\MissingControllerException] Controller class Css could not be found.
Exception Attributes: array (
  'class' => 'Css',
  'plugin' => NULL,
  'prefix' => NULL,
  '_ext' => NULL,
)
Request URL: /fitness/css/percircle.css.map
Stack Trace:
#0 /opt/lampp/htdocs/fitness/webroot/index.php(37): Cake\Routing\Dispatcher->dispatch(Object(Cake\Network\Request), Object(Cake\Network\Response))
#1 {main}


2016-04-22 07:01:32 Error: [Cake\Routing\Exception\MissingControllerException] Controller class Js could not be found.
Exception Attributes: array (
  'class' => 'Js',
  'plugin' => NULL,
  'prefix' => NULL,
  '_ext' => NULL,
)
Request URL: /fitness/js/TB.js.map
Stack Trace:
#0 /opt/lampp/htdocs/fitness/webroot/index.php(37): Cake\Routing\Dispatcher->dispatch(Object(Cake\Network\Request), Object(Cake\Network\Response))
#1 {main}


2016-04-22 07:01:33 Error: [Cake\Routing\Exception\MissingControllerException] Controller class Css could not be found.
Exception Attributes: array (
  'class' => 'Css',
  'plugin' => NULL,
  'prefix' => NULL,
  '_ext' => NULL,
)
Request URL: /fitness/css/percircle.css.map
Stack Trace:
#0 /opt/lampp/htdocs/fitness/webroot/index.php(37): Cake\Routing\Dispatcher->dispatch(Object(Cake\Network\Request), Object(Cake\Network\Response))
#1 {main}


2016-04-22 07:05:09 Error: [Cake\Routing\Exception\MissingControllerException] Controller class Js could not be found.
Exception Attributes: array (
  'class' => 'Js',
  'plugin' => NULL,
  'prefix' => NULL,
  '_ext' => NULL,
)
Request URL: /fitness/js/TB.js.map
Stack Trace:
#0 /opt/lampp/htdocs/fitness/webroot/index.php(37): Cake\Routing\Dispatcher->dispatch(Object(Cake\Network\Request), Object(Cake\Network\Response))
#1 {main}


2016-04-22 07:05:10 Error: [Cake\Routing\Exception\MissingControllerException] Controller class Css could not be found.
Exception Attributes: array (
  'class' => 'Css',
  'plugin' => NULL,
  'prefix' => NULL,
  '_ext' => NULL,
)
Request URL: /fitness/css/percircle.css.map
Stack Trace:
#0 /opt/lampp/htdocs/fitness/webroot/index.php(37): Cake\Routing\Dispatcher->dispatch(Object(Cake\Network\Request), Object(Cake\Network\Response))
#1 {main}


2016-04-22 07:05:37 Error: [Cake\Routing\Exception\MissingControllerException] Controller class Js could not be found.
Exception Attributes: array (
  'class' => 'Js',
  'plugin' => NULL,
  'prefix' => NULL,
  '_ext' => NULL,
)
Request URL: /fitness/js/TB.js.map
Stack Trace:
#0 /opt/lampp/htdocs/fitness/webroot/index.php(37): Cake\Routing\Dispatcher->dispatch(Object(Cake\Network\Request), Object(Cake\Network\Response))
#1 {main}


2016-04-22 07:05:37 Error: [Cake\Routing\Exception\MissingControllerException] Controller class Css could not be found.
Exception Attributes: array (
  'class' => 'Css',
  'plugin' => NULL,
  'prefix' => NULL,
  '_ext' => NULL,
)
Request URL: /fitness/css/percircle.css.map
Stack Trace:
#0 /opt/lampp/htdocs/fitness/webroot/index.php(37): Cake\Routing\Dispatcher->dispatch(Object(Cake\Network\Request), Object(Cake\Network\Response))
#1 {main}


2016-04-22 07:17:22 Error: Fatal Error (4): syntax error, unexpected '{', expecting '(' in [/opt/lampp/htdocs/fitness/src/Controller/Component/CustomComponent.php, line 99]
Trace:
Cake\Error\BaseErrorHandler::handleFatalError() - CORE/src/Error/BaseErrorHandler.php, line 192
Cake\Error\BaseErrorHandler::Cake\Error\{closure}() - CORE/src/Error/BaseErrorHandler.php, line 91
[main] - [internal], line ??



2016-04-22 07:17:22 Error: [Cake\Error\FatalErrorException] syntax error, unexpected '{', expecting '('
Request URL: /fitness/
Stack Trace:
#0 /opt/lampp/htdocs/fitness/vendor/cakephp/cakephp/src/Error/BaseErrorHandler.php(91): Cake\Error\BaseErrorHandler->handleFatalError(4, 'syntax error, u...', '/opt/lampp/htdo...', 99)
#1 [internal function]: Cake\Error\BaseErrorHandler->Cake\Error\{closure}()
#2 {main}


2016-04-22 07:17:55 Error: [Cake\Routing\Exception\MissingControllerException] Controller class Js could not be found.
Exception Attributes: array (
  'class' => 'Js',
  'plugin' => NULL,
  'prefix' => NULL,
  '_ext' => NULL,
)
Request URL: /fitness/js/TB.js.map
Stack Trace:
#0 /opt/lampp/htdocs/fitness/webroot/index.php(37): Cake\Routing\Dispatcher->dispatch(Object(Cake\Network\Request), Object(Cake\Network\Response))
#1 {main}


2016-04-22 07:17:56 Error: [Cake\Routing\Exception\MissingControllerException] Controller class Css could not be found.
Exception Attributes: array (
  'class' => 'Css',
  'plugin' => NULL,
  'prefix' => NULL,
  '_ext' => NULL,
)
Request URL: /fitness/css/percircle.css.map
Stack Trace:
#0 /opt/lampp/htdocs/fitness/webroot/index.php(37): Cake\Routing\Dispatcher->dispatch(Object(Cake\Network\Request), Object(Cake\Network\Response))
#1 {main}


2016-04-22 07:18:58 Error: Fatal Error (1): Class 'App\Controller\Component\ConnectionManager' not found in [/opt/lampp/htdocs/fitness/src/Controller/Component/CustomComponent.php, line 128]
Trace:
Cake\Error\BaseErrorHandler::handleFatalError() - CORE/src/Error/BaseErrorHandler.php, line 192
Cake\Error\BaseErrorHandler::Cake\Error\{closure}() - CORE/src/Error/BaseErrorHandler.php, line 91
[main] - [internal], line ??



2016-04-22 07:18:58 Error: [Cake\Error\FatalErrorException] Class 'App\Controller\Component\ConnectionManager' not found
Request URL: /fitness/trainees/addTrainee
Stack Trace:
#0 /opt/lampp/htdocs/fitness/vendor/cakephp/cakephp/src/Error/BaseErrorHandler.php(91): Cake\Error\BaseErrorHandler->handleFatalError(1, 'Class 'App\\Cont...', '/opt/lampp/htdo...', 128)
#1 [internal function]: Cake\Error\BaseErrorHandler->Cake\Error\{closure}()
#2 {main}


2016-04-22 07:19:38 Error: [Cake\Routing\Exception\MissingControllerException] Controller class Js could not be found.
Exception Attributes: array (
  'class' => 'Js',
  'plugin' => NULL,
  'prefix' => NULL,
  '_ext' => NULL,
)
Request URL: /fitness/js/TB.js.map
Stack Trace:
#0 /opt/lampp/htdocs/fitness/webroot/index.php(37): Cake\Routing\Dispatcher->dispatch(Object(Cake\Network\Request), Object(Cake\Network\Response))
#1 {main}


2016-04-22 07:19:38 Error: [Cake\Routing\Exception\MissingControllerException] Controller class Css could not be found.
Exception Attributes: array (
  'class' => 'Css',
  'plugin' => NULL,
  'prefix' => NULL,
  '_ext' => NULL,
)
Request URL: /fitness/css/percircle.css.map
Stack Trace:
#0 /opt/lampp/htdocs/fitness/webroot/index.php(37): Cake\Routing\Dispatcher->dispatch(Object(Cake\Network\Request), Object(Cake\Network\Response))
#1 {main}


2016-04-22 07:20:36 Error: [Cake\Routing\Exception\MissingControllerException] Controller class Js could not be found.
Exception Attributes: array (
  'class' => 'Js',
  'plugin' => NULL,
  'prefix' => NULL,
  '_ext' => NULL,
)
Request URL: /fitness/js/TB.js.map
Stack Trace:
#0 /opt/lampp/htdocs/fitness/webroot/index.php(37): Cake\Routing\Dispatcher->dispatch(Object(Cake\Network\Request), Object(Cake\Network\Response))
#1 {main}


2016-04-22 07:20:36 Error: [Cake\Routing\Exception\MissingControllerException] Controller class Css could not be found.
Exception Attributes: array (
  'class' => 'Css',
  'plugin' => NULL,
  'prefix' => NULL,
  '_ext' => NULL,
)
Request URL: /fitness/css/percircle.css.map
Stack Trace:
#0 /opt/lampp/htdocs/fitness/webroot/index.php(37): Cake\Routing\Dispatcher->dispatch(Object(Cake\Network\Request), Object(Cake\Network\Response))
#1 {main}


2016-04-22 07:20:43 Error: [Cake\Routing\Exception\MissingControllerException] Controller class Js could not be found.
Exception Attributes: array (
  'class' => 'Js',
  'plugin' => NULL,
  'prefix' => NULL,
  '_ext' => NULL,
)
Request URL: /fitness/js/TB.js.map
Stack Trace:
#0 /opt/lampp/htdocs/fitness/webroot/index.php(37): Cake\Routing\Dispatcher->dispatch(Object(Cake\Network\Request), Object(Cake\Network\Response))
#1 {main}


2016-04-22 07:20:43 Error: [Cake\Routing\Exception\MissingControllerException] Controller class Css could not be found.
Exception Attributes: array (
  'class' => 'Css',
  'plugin' => NULL,
  'prefix' => NULL,
  '_ext' => NULL,
)
Request URL: /fitness/css/percircle.css.map
Stack Trace:
#0 /opt/lampp/htdocs/fitness/webroot/index.php(37): Cake\Routing\Dispatcher->dispatch(Object(Cake\Network\Request), Object(Cake\Network\Response))
#1 {main}


2016-04-22 07:25:06 Error: [Cake\Routing\Exception\MissingControllerException] Controller class Js could not be found.
Exception Attributes: array (
  'class' => 'Js',
  'plugin' => NULL,
  'prefix' => NULL,
  '_ext' => NULL,
)
Request URL: /fitness/js/TB.js.map
Stack Trace:
#0 /opt/lampp/htdocs/fitness/webroot/index.php(37): Cake\Routing\Dispatcher->dispatch(Object(Cake\Network\Request), Object(Cake\Network\Response))
#1 {main}


2016-04-22 07:25:06 Error: [Cake\Routing\Exception\MissingControllerException] Controller class Css could not be found.
Exception Attributes: array (
  'class' => 'Css',
  'plugin' => NULL,
  'prefix' => NULL,
  '_ext' => NULL,
)
Request URL: /fitness/css/percircle.css.map
Stack Trace:
#0 /opt/lampp/htdocs/fitness/webroot/index.php(37): Cake\Routing\Dispatcher->dispatch(Object(Cake\Network\Request), Object(Cake\Network\Response))
#1 {main}


2016-04-22 07:25:47 Error: [Cake\Network\Exception\SocketException] Could not send email: unknown
Request URL: /fitness/trainees/addTrainee
Stack Trace:
#0 /opt/lampp/htdocs/fitness/vendor/cakephp/cakephp/src/Network/Email/MailTransport.php(53): Cake\Network\Email\MailTransport->_mail('gaurav@gmail.co...', 'Virtual TrainR ...', '<html><body><ce...', 'From: donotrepl...', NULL)
#1 /opt/lampp/htdocs/fitness/vendor/cakephp/cakephp/src/Network/Email/Email.php(1317): Cake\Network\Email\MailTransport->send(Object(Cake\Network\Email\Email))
#2 /opt/lampp/htdocs/fitness/src/Controller/TraineesController.php(658): Cake\Network\Email\Email->send('<html><body><ce...')
#3 [internal function]: App\Controller\TraineesController->addTrainee()
#4 /opt/lampp/htdocs/fitness/vendor/cakephp/cakephp/src/Controller/Controller.php(412): call_user_func_array(Array, Array)
#5 /opt/lampp/htdocs/fitness/vendor/cakephp/cakephp/src/Routing/Dispatcher.php(114): Cake\Controller\Controller->invokeAction()
#6 /opt/lampp/htdocs/fitness/vendor/cakephp/cakephp/src/Routing/Dispatcher.php(87): Cake\Routing\Dispatcher->_invoke(Object(App\Controller\TraineesController))
#7 /opt/lampp/htdocs/fitness/webroot/index.php(37): Cake\Routing\Dispatcher->dispatch(Object(Cake\Network\Request), Object(Cake\Network\Response))
#8 {main}


2016-04-22 07:27:24 Error: [Cake\Network\Exception\SocketException] Could not send email: unknown
Request URL: /fitness/trainers/addTrainer
Stack Trace:
#0 /opt/lampp/htdocs/fitness/vendor/cakephp/cakephp/src/Network/Email/MailTransport.php(53): Cake\Network\Email\MailTransport->_mail('ankit@gmail.com', 'Virtual TrainR ...', '<html><body><ce...', 'From: business@...', NULL)
#1 /opt/lampp/htdocs/fitness/vendor/cakephp/cakephp/src/Network/Email/Email.php(1317): Cake\Network\Email\MailTransport->send(Object(Cake\Network\Email\Email))
#2 /opt/lampp/htdocs/fitness/src/Controller/TrainersController.php(175): Cake\Network\Email\Email->send('<html><body><ce...')
#3 [internal function]: App\Controller\TrainersController->addTrainer()
#4 /opt/lampp/htdocs/fitness/vendor/cakephp/cakephp/src/Controller/Controller.php(412): call_user_func_array(Array, Array)
#5 /opt/lampp/htdocs/fitness/vendor/cakephp/cakephp/src/Routing/Dispatcher.php(114): Cake\Controller\Controller->invokeAction()
#6 /opt/lampp/htdocs/fitness/vendor/cakephp/cakephp/src/Routing/Dispatcher.php(87): Cake\Routing\Dispatcher->_invoke(Object(App\Controller\TrainersController))
#7 /opt/lampp/htdocs/fitness/webroot/index.php(37): Cake\Routing\Dispatcher->dispatch(Object(Cake\Network\Request), Object(Cake\Network\Response))
#8 {main}


2016-04-22 07:28:39 Error: [Cake\Routing\Exception\MissingControllerException] Controller class Js could not be found.
Exception Attributes: array (
  'class' => 'Js',
  'plugin' => NULL,
  'prefix' => NULL,
  '_ext' => NULL,
)
Request URL: /fitness/js/TB.js.map
Stack Trace:
#0 /opt/lampp/htdocs/fitness/webroot/index.php(37): Cake\Routing\Dispatcher->dispatch(Object(Cake\Network\Request), Object(Cake\Network\Response))
#1 {main}


2016-04-22 07:28:40 Error: [Cake\Routing\Exception\MissingControllerException] Controller class Css could not be found.
Exception Attributes: array (
  'class' => 'Css',
  'plugin' => NULL,
  'prefix' => NULL,
  '_ext' => NULL,
)
Request URL: /fitness/css/percircle.css.map
Stack Trace:
#0 /opt/lampp/htdocs/fitness/webroot/index.php(37): Cake\Routing\Dispatcher->dispatch(Object(Cake\Network\Request), Object(Cake\Network\Response))
#1 {main}


2016-04-22 07:30:26 Error: [Cake\Routing\Exception\MissingControllerException] Controller class Js could not be found.
Exception Attributes: array (
  'class' => 'Js',
  'plugin' => NULL,
  'prefix' => NULL,
  '_ext' => NULL,
)
Request URL: /fitness/js/TB.js.map
Stack Trace:
#0 /opt/lampp/htdocs/fitness/webroot/index.php(37): Cake\Routing\Dispatcher->dispatch(Object(Cake\Network\Request), Object(Cake\Network\Response))
#1 {main}


2016-04-22 07:30:27 Error: [Cake\Routing\Exception\MissingControllerException] Controller class Css could not be found.
Exception Attributes: array (
  'class' => 'Css',
  'plugin' => NULL,
  'prefix' => NULL,
  '_ext' => NULL,
)
Request URL: /fitness/css/percircle.css.map
Stack Trace:
#0 /opt/lampp/htdocs/fitness/webroot/index.php(37): Cake\Routing\Dispatcher->dispatch(Object(Cake\Network\Request), Object(Cake\Network\Response))
#1 {main}


2016-04-22 07:30:59 Error: [Cake\Network\Exception\SocketException] Could not send email: unknown
Request URL: /fitness/trainers/addTrainer
Stack Trace:
#0 /opt/lampp/htdocs/fitness/vendor/cakephp/cakephp/src/Network/Email/MailTransport.php(53): Cake\Network\Email\MailTransport->_mail('3232ddsd@g.fdfd...', 'Virtual TrainR ...', '<html><body><ce...', 'From: business@...', NULL)
#1 /opt/lampp/htdocs/fitness/vendor/cakephp/cakephp/src/Network/Email/Email.php(1317): Cake\Network\Email\MailTransport->send(Object(Cake\Network\Email\Email))
#2 /opt/lampp/htdocs/fitness/src/Controller/TrainersController.php(175): Cake\Network\Email\Email->send('<html><body><ce...')
#3 [internal function]: App\Controller\TrainersController->addTrainer()
#4 /opt/lampp/htdocs/fitness/vendor/cakephp/cakephp/src/Controller/Controller.php(412): call_user_func_array(Array, Array)
#5 /opt/lampp/htdocs/fitness/vendor/cakephp/cakephp/src/Routing/Dispatcher.php(114): Cake\Controller\Controller->invokeAction()
#6 /opt/lampp/htdocs/fitness/vendor/cakephp/cakephp/src/Routing/Dispatcher.php(87): Cake\Routing\Dispatcher->_invoke(Object(App\Controller\TrainersController))
#7 /opt/lampp/htdocs/fitness/webroot/index.php(37): Cake\Routing\Dispatcher->dispatch(Object(Cake\Network\Request), Object(Cake\Network\Response))
#8 {main}


2016-04-22 07:31:37 Error: [Cake\Routing\Exception\MissingControllerException] Controller class Js could not be found.
Exception Attributes: array (
  'class' => 'Js',
  'plugin' => NULL,
  'prefix' => NULL,
  '_ext' => NULL,
)
Request URL: /fitness/js/TB.js.map
Stack Trace:
#0 /opt/lampp/htdocs/fitness/webroot/index.php(37): Cake\Routing\Dispatcher->dispatch(Object(Cake\Network\Request), Object(Cake\Network\Response))
#1 {main}


2016-04-22 07:31:37 Error: [Cake\Routing\Exception\MissingControllerException] Controller class Css could not be found.
Exception Attributes: array (
  'class' => 'Css',
  'plugin' => NULL,
  'prefix' => NULL,
  '_ext' => NULL,
)
Request URL: /fitness/css/percircle.css.map
Stack Trace:
#0 /opt/lampp/htdocs/fitness/webroot/index.php(37): Cake\Routing\Dispatcher->dispatch(Object(Cake\Network\Request), Object(Cake\Network\Response))
#1 {main}


2016-04-22 07:32:26 Error: [Cake\Routing\Exception\MissingControllerException] Controller class Js could not be found.
Exception Attributes: array (
  'class' => 'Js',
  'plugin' => NULL,
  'prefix' => NULL,
  '_ext' => NULL,
)
Request URL: /fitness/js/TB.js.map
Stack Trace:
#0 /opt/lampp/htdocs/fitness/webroot/index.php(37): Cake\Routing\Dispatcher->dispatch(Object(Cake\Network\Request), Object(Cake\Network\Response))
#1 {main}


2016-04-22 07:32:26 Error: [Cake\Routing\Exception\MissingControllerException] Controller class Css could not be found.
Exception Attributes: array (
  'class' => 'Css',
  'plugin' => NULL,
  'prefix' => NULL,
  '_ext' => NULL,
)
Request URL: /fitness/css/percircle.css.map
Stack Trace:
#0 /opt/lampp/htdocs/fitness/webroot/index.php(37): Cake\Routing\Dispatcher->dispatch(Object(Cake\Network\Request), Object(Cake\Network\Response))
#1 {main}


2016-04-22 07:33:09 Error: [Cake\Network\Exception\SocketException] Could not send email: unknown
Request URL: /fitness/trainers/addTrainer
Stack Trace:
#0 /opt/lampp/htdocs/fitness/vendor/cakephp/cakephp/src/Network/Email/MailTransport.php(53): Cake\Network\Email\MailTransport->_mail('dsdsds@eweew.ew...', 'Virtual TrainR ...', '<html><body><ce...', 'From: business@...', NULL)
#1 /opt/lampp/htdocs/fitness/vendor/cakephp/cakephp/src/Network/Email/Email.php(1317): Cake\Network\Email\MailTransport->send(Object(Cake\Network\Email\Email))
#2 /opt/lampp/htdocs/fitness/src/Controller/TrainersController.php(175): Cake\Network\Email\Email->send('<html><body><ce...')
#3 [internal function]: App\Controller\TrainersController->addTrainer()
#4 /opt/lampp/htdocs/fitness/vendor/cakephp/cakephp/src/Controller/Controller.php(412): call_user_func_array(Array, Array)
#5 /opt/lampp/htdocs/fitness/vendor/cakephp/cakephp/src/Routing/Dispatcher.php(114): Cake\Controller\Controller->invokeAction()
#6 /opt/lampp/htdocs/fitness/vendor/cakephp/cakephp/src/Routing/Dispatcher.php(87): Cake\Routing\Dispatcher->_invoke(Object(App\Controller\TrainersController))
#7 /opt/lampp/htdocs/fitness/webroot/index.php(37): Cake\Routing\Dispatcher->dispatch(Object(Cake\Network\Request), Object(Cake\Network\Response))
#8 {main}


2016-04-22 07:49:36 Error: [Cake\Routing\Exception\MissingControllerException] Controller class Js could not be found.
Exception Attributes: array (
  'class' => 'Js',
  'plugin' => NULL,
  'prefix' => NULL,
  '_ext' => NULL,
)
Request URL: /fitness/js/TB.js.map
Stack Trace:
#0 /opt/lampp/htdocs/fitness/webroot/index.php(37): Cake\Routing\Dispatcher->dispatch(Object(Cake\Network\Request), Object(Cake\Network\Response))
#1 {main}


2016-04-22 07:49:36 Error: [Cake\Routing\Exception\MissingControllerException] Controller class Css could not be found.
Exception Attributes: array (
  'class' => 'Css',
  'plugin' => NULL,
  'prefix' => NULL,
  '_ext' => NULL,
)
Request URL: /fitness/css/percircle.css.map
Stack Trace:
#0 /opt/lampp/htdocs/fitness/webroot/index.php(37): Cake\Routing\Dispatcher->dispatch(Object(Cake\Network\Request), Object(Cake\Network\Response))
#1 {main}


2016-04-22 07:56:57 Warning: Warning (2): Invalid argument supplied for foreach() in [/opt/lampp/htdocs/fitness/src/Template/Element/front_sidebar.ctp, line 77]
Trace:
Cake\Error\BaseErrorHandler::handleError() - CORE/src/Error/BaseErrorHandler.php, line 139
include - APP/Template/Element/front_sidebar.ctp, line 77
Cake\View\View::_evaluate() - CORE/src/View/View.php, line 828
Cake\View\View::_render() - CORE/src/View/View.php, line 788
Cake\View\View::_renderElement() - CORE/src/View/View.php, line 1155
Cake\View\View::element() - CORE/src/View/View.php, line 376
include - APP/Template/Layout/default.ctp, line 509
Cake\View\View::_evaluate() - CORE/src/View/View.php, line 828
Cake\View\View::_render() - CORE/src/View/View.php, line 788
Cake\View\View::renderLayout() - CORE/src/View/View.php, line 510
Cake\View\View::render() - CORE/src/View/View.php, line 473
Cake\Controller\Controller::render() - CORE/src/Controller/Controller.php, line 583
App\Controller\FrontsController::trainerProfile() - APP/Controller/FrontsController.php, line 45
Cake\Controller\Controller::invokeAction() - CORE/src/Controller/Controller.php, line 412
Cake\Routing\Dispatcher::_invoke() - CORE/src/Routing/Dispatcher.php, line 114
Cake\Routing\Dispatcher::dispatch() - CORE/src/Routing/Dispatcher.php, line 87
[main] - ROOT/webroot/index.php, line 37



2016-04-22 07:56:57 Warning: Warning (2): Invalid argument supplied for foreach() in [/opt/lampp/htdocs/fitness/src/Template/Element/front_sidebar.ctp, line 115]
Trace:
Cake\Error\BaseErrorHandler::handleError() - CORE/src/Error/BaseErrorHandler.php, line 139
include - APP/Template/Element/front_sidebar.ctp, line 115
Cake\View\View::_evaluate() - CORE/src/View/View.php, line 828
Cake\View\View::_render() - CORE/src/View/View.php, line 788
Cake\View\View::_renderElement() - CORE/src/View/View.php, line 1155
Cake\View\View::element() - CORE/src/View/View.php, line 376
include - APP/Template/Layout/default.ctp, line 509
Cake\View\View::_evaluate() - CORE/src/View/View.php, line 828
Cake\View\View::_render() - CORE/src/View/View.php, line 788
Cake\View\View::renderLayout() - CORE/src/View/View.php, line 510
Cake\View\View::render() - CORE/src/View/View.php, line 473
Cake\Controller\Controller::render() - CORE/src/Controller/Controller.php, line 583
App\Controller\FrontsController::trainerProfile() - APP/Controller/FrontsController.php, line 45
Cake\Controller\Controller::invokeAction() - CORE/src/Controller/Controller.php, line 412
Cake\Routing\Dispatcher::_invoke() - CORE/src/Routing/Dispatcher.php, line 114
Cake\Routing\Dispatcher::dispatch() - CORE/src/Routing/Dispatcher.php, line 87
[main] - ROOT/webroot/index.php, line 37



2016-04-22 08:04:21 Error: [Cake\Routing\Exception\MissingControllerException] Controller class Uploads could not be found.
Exception Attributes: array (
  'class' => 'Uploads',
  'plugin' => NULL,
  'prefix' => NULL,
  '_ext' => NULL,
)
Request URL: /fitness/uploads/trainee_profile/%3Cpre%20class=
Stack Trace:
#0 /opt/lampp/htdocs/fitness/webroot/index.php(37): Cake\Routing\Dispatcher->dispatch(Object(Cake\Network\Request), Object(Cake\Network\Response))
#1 {main}


2016-04-22 08:04:22 Error: [Cake\Routing\Exception\MissingControllerException] Controller class Uploads could not be found.
Exception Attributes: array (
  'class' => 'Uploads',
  'plugin' => NULL,
  'prefix' => NULL,
  '_ext' => NULL,
)
Request URL: /fitness/uploads/trainee_profile/%3Cpre%20class=
Stack Trace:
#0 /opt/lampp/htdocs/fitness/webroot/index.php(37): Cake\Routing\Dispatcher->dispatch(Object(Cake\Network\Request), Object(Cake\Network\Response))
#1 {main}


2016-04-22 08:34:49 Error: [PDOException] SQLSTATE[42000]: Syntax error or access violation: 1064 You have an error in your SQL syntax; check the manual that corresponds to your MySQL server version for the right syntax to use near 'ORDER BY `n`.`id` DESC' at line 1
Request URL: /fitness/trainees
Stack Trace:
#0 /opt/lampp/htdocs/fitness/vendor/cakephp/cakephp/src/Database/Statement/MysqlStatement.php(36): PDOStatement->execute(NULL)
#1 /opt/lampp/htdocs/fitness/vendor/cakephp/cakephp/src/Database/Statement/StatementDecorator.php(169): Cake\Database\Statement\MysqlStatement->execute(NULL)
#2 /opt/lampp/htdocs/fitness/vendor/cakephp/cakephp/src/Database/Log/LoggingStatement.php(55): Cake\Database\Statement\StatementDecorator->execute(NULL)
#3 /opt/lampp/htdocs/fitness/vendor/cakephp/cakephp/src/Database/Connection.php(288): Cake\Database\Log\LoggingStatement->execute()
#4 /opt/lampp/htdocs/fitness/vendor/cakephp/cakephp/src/Database/Connection.php(245): Cake\Database\Connection->query('SELECT *,`n`.`i...')
#5 /opt/lampp/htdocs/fitness/src/Controller/TraineesController.php(347): Cake\Database\Connection->execute('SELECT *,`n`.`i...')
#6 /opt/lampp/htdocs/fitness/src/Controller/TraineesController.php(44): App\Controller\TraineesController->getNotifications()
#7 /opt/lampp/htdocs/fitness/vendor/cakephp/cakephp/src/Event/EventManager.php(385): App\Controller\TraineesController->beforeFilter(Object(Cake\Event\Event))
#8 /opt/lampp/htdocs/fitness/vendor/cakephp/cakephp/src/Event/EventManager.php(355): Cake\Event\EventManager->_callListener(Array, Object(Cake\Event\Event))
#9 /opt/lampp/htdocs/fitness/vendor/cakephp/cakephp/src/Event/EventDispatcherTrait.php(78): Cake\Event\EventManager->dispatch(Object(Cake\Event\Event))
#10 /opt/lampp/htdocs/fitness/vendor/cakephp/cakephp/src/Controller/Controller.php(474): Cake\Controller\Controller->dispatchEvent('Controller.init...')
#11 /opt/lampp/htdocs/fitness/vendor/cakephp/cakephp/src/Routing/Dispatcher.php(109): Cake\Controller\Controller->startupProcess()
#12 /opt/lampp/htdocs/fitness/vendor/cakephp/cakephp/src/Routing/Dispatcher.php(87): Cake\Routing\Dispatcher->_invoke(Object(App\Controller\TraineesController))
#13 /opt/lampp/htdocs/fitness/webroot/index.php(37): Cake\Routing\Dispatcher->dispatch(Object(Cake\Network\Request), Object(Cake\Network\Response))
#14 {main}


2016-04-22 08:35:19 Error: [PDOException] SQLSTATE[42000]: Syntax error or access violation: 1064 You have an error in your SQL syntax; check the manual that corresponds to your MySQL server version for the right syntax to use near 'ORDER BY `n`.`id` DESC' at line 1
Request URL: /fitness/trainees
Stack Trace:
#0 /opt/lampp/htdocs/fitness/vendor/cakephp/cakephp/src/Database/Statement/MysqlStatement.php(36): PDOStatement->execute(NULL)
#1 /opt/lampp/htdocs/fitness/vendor/cakephp/cakephp/src/Database/Statement/StatementDecorator.php(169): Cake\Database\Statement\MysqlStatement->execute(NULL)
#2 /opt/lampp/htdocs/fitness/vendor/cakephp/cakephp/src/Database/Log/LoggingStatement.php(55): Cake\Database\Statement\StatementDecorator->execute(NULL)
#3 /opt/lampp/htdocs/fitness/vendor/cakephp/cakephp/src/Database/Connection.php(288): Cake\Database\Log\LoggingStatement->execute()
#4 /opt/lampp/htdocs/fitness/vendor/cakephp/cakephp/src/Database/Connection.php(245): Cake\Database\Connection->query('SELECT *,`n`.`i...')
#5 /opt/lampp/htdocs/fitness/src/Controller/TraineesController.php(347): Cake\Database\Connection->execute('SELECT *,`n`.`i...')
#6 /opt/lampp/htdocs/fitness/src/Controller/TraineesController.php(44): App\Controller\TraineesController->getNotifications()
#7 /opt/lampp/htdocs/fitness/vendor/cakephp/cakephp/src/Event/EventManager.php(385): App\Controller\TraineesController->beforeFilter(Object(Cake\Event\Event))
#8 /opt/lampp/htdocs/fitness/vendor/cakephp/cakephp/src/Event/EventManager.php(355): Cake\Event\EventManager->_callListener(Array, Object(Cake\Event\Event))
#9 /opt/lampp/htdocs/fitness/vendor/cakephp/cakephp/src/Event/EventDispatcherTrait.php(78): Cake\Event\EventManager->dispatch(Object(Cake\Event\Event))
#10 /opt/lampp/htdocs/fitness/vendor/cakephp/cakephp/src/Controller/Controller.php(474): Cake\Controller\Controller->dispatchEvent('Controller.init...')
#11 /opt/lampp/htdocs/fitness/vendor/cakephp/cakephp/src/Routing/Dispatcher.php(109): Cake\Controller\Controller->startupProcess()
#12 /opt/lampp/htdocs/fitness/vendor/cakephp/cakephp/src/Routing/Dispatcher.php(87): Cake\Routing\Dispatcher->_invoke(Object(App\Controller\TraineesController))
#13 /opt/lampp/htdocs/fitness/webroot/index.php(37): Cake\Routing\Dispatcher->dispatch(Object(Cake\Network\Request), Object(Cake\Network\Response))
#14 {main}


2016-04-22 08:35:21 Error: [PDOException] SQLSTATE[42000]: Syntax error or access violation: 1064 You have an error in your SQL syntax; check the manual that corresponds to your MySQL server version for the right syntax to use near 'ORDER BY `n`.`id` DESC' at line 1
Request URL: /fitness/trainees
Stack Trace:
#0 /opt/lampp/htdocs/fitness/vendor/cakephp/cakephp/src/Database/Statement/MysqlStatement.php(36): PDOStatement->execute(NULL)
#1 /opt/lampp/htdocs/fitness/vendor/cakephp/cakephp/src/Database/Statement/StatementDecorator.php(169): Cake\Database\Statement\MysqlStatement->execute(NULL)
#2 /opt/lampp/htdocs/fitness/vendor/cakephp/cakephp/src/Database/Log/LoggingStatement.php(55): Cake\Database\Statement\StatementDecorator->execute(NULL)
#3 /opt/lampp/htdocs/fitness/vendor/cakephp/cakephp/src/Database/Connection.php(288): Cake\Database\Log\LoggingStatement->execute()
#4 /opt/lampp/htdocs/fitness/vendor/cakephp/cakephp/src/Database/Connection.php(245): Cake\Database\Connection->query('SELECT *,`n`.`i...')
#5 /opt/lampp/htdocs/fitness/src/Controller/TraineesController.php(347): Cake\Database\Connection->execute('SELECT *,`n`.`i...')
#6 /opt/lampp/htdocs/fitness/src/Controller/TraineesController.php(44): App\Controller\TraineesController->getNotifications()
#7 /opt/lampp/htdocs/fitness/vendor/cakephp/cakephp/src/Event/EventManager.php(385): App\Controller\TraineesController->beforeFilter(Object(Cake\Event\Event))
#8 /opt/lampp/htdocs/fitness/vendor/cakephp/cakephp/src/Event/EventManager.php(355): Cake\Event\EventManager->_callListener(Array, Object(Cake\Event\Event))
#9 /opt/lampp/htdocs/fitness/vendor/cakephp/cakephp/src/Event/EventDispatcherTrait.php(78): Cake\Event\EventManager->dispatch(Object(Cake\Event\Event))
#10 /opt/lampp/htdocs/fitness/vendor/cakephp/cakephp/src/Controller/Controller.php(474): Cake\Controller\Controller->dispatchEvent('Controller.init...')
#11 /opt/lampp/htdocs/fitness/vendor/cakephp/cakephp/src/Routing/Dispatcher.php(109): Cake\Controller\Controller->startupProcess()
#12 /opt/lampp/htdocs/fitness/vendor/cakephp/cakephp/src/Routing/Dispatcher.php(87): Cake\Routing\Dispatcher->_invoke(Object(App\Controller\TraineesController))
#13 /opt/lampp/htdocs/fitness/webroot/index.php(37): Cake\Routing\Dispatcher->dispatch(Object(Cake\Network\Request), Object(Cake\Network\Response))
#14 {main}


2016-04-22 08:38:07 Warning: Warning (2): Invalid argument supplied for foreach() in [/opt/lampp/htdocs/fitness/src/Template/Element/front_sidebar.ctp, line 95]
Trace:
Cake\Error\BaseErrorHandler::handleError() - CORE/src/Error/BaseErrorHandler.php, line 139
include - APP/Template/Element/front_sidebar.ctp, line 95
Cake\View\View::_evaluate() - CORE/src/View/View.php, line 828
Cake\View\View::_render() - CORE/src/View/View.php, line 788
Cake\View\View::_renderElement() - CORE/src/View/View.php, line 1155
Cake\View\View::element() - CORE/src/View/View.php, line 376
include - APP/Template/Layout/default.ctp, line 509
Cake\View\View::_evaluate() - CORE/src/View/View.php, line 828
Cake\View\View::_render() - CORE/src/View/View.php, line 788
Cake\View\View::renderLayout() - CORE/src/View/View.php, line 510
Cake\View\View::render() - CORE/src/View/View.php, line 473
Cake\Controller\Controller::render() - CORE/src/Controller/Controller.php, line 583
App\Controller\FrontsController::ourTrainers() - APP/Controller/FrontsController.php, line 102
Cake\Controller\Controller::invokeAction() - CORE/src/Controller/Controller.php, line 412
Cake\Routing\Dispatcher::_invoke() - CORE/src/Routing/Dispatcher.php, line 114
Cake\Routing\Dispatcher::dispatch() - CORE/src/Routing/Dispatcher.php, line 87
[main] - ROOT/webroot/index.php, line 37



2016-04-22 08:38:07 Warning: Warning (2): Invalid argument supplied for foreach() in [/opt/lampp/htdocs/fitness/src/Template/Element/front_sidebar.ctp, line 134]
Trace:
Cake\Error\BaseErrorHandler::handleError() - CORE/src/Error/BaseErrorHandler.php, line 139
include - APP/Template/Element/front_sidebar.ctp, line 134
Cake\View\View::_evaluate() - CORE/src/View/View.php, line 828
Cake\View\View::_render() - CORE/src/View/View.php, line 788
Cake\View\View::_renderElement() - CORE/src/View/View.php, line 1155
Cake\View\View::element() - CORE/src/View/View.php, line 376
include - APP/Template/Layout/default.ctp, line 509
Cake\View\View::_evaluate() - CORE/src/View/View.php, line 828
Cake\View\View::_render() - CORE/src/View/View.php, line 788
Cake\View\View::renderLayout() - CORE/src/View/View.php, line 510
Cake\View\View::render() - CORE/src/View/View.php, line 473
Cake\Controller\Controller::render() - CORE/src/Controller/Controller.php, line 583
App\Controller\FrontsController::ourTrainers() - APP/Controller/FrontsController.php, line 102
Cake\Controller\Controller::invokeAction() - CORE/src/Controller/Controller.php, line 412
Cake\Routing\Dispatcher::_invoke() - CORE/src/Routing/Dispatcher.php, line 114
Cake\Routing\Dispatcher::dispatch() - CORE/src/Routing/Dispatcher.php, line 87
[main] - ROOT/webroot/index.php, line 37



2016-04-22 08:38:08 Error: [Cake\Routing\Exception\MissingControllerException] Controller class Uploads could not be found.
Exception Attributes: array (
  'class' => 'Uploads',
  'plugin' => NULL,
  'prefix' => NULL,
  '_ext' => NULL,
)
Request URL: /fitness/uploads/trainee_profile/%3Cpre%20class=
Stack Trace:
#0 /opt/lampp/htdocs/fitness/webroot/index.php(37): Cake\Routing\Dispatcher->dispatch(Object(Cake\Network\Request), Object(Cake\Network\Response))
#1 {main}


2016-04-22 08:38:08 Error: [Cake\Routing\Exception\MissingControllerException] Controller class Uploads could not be found.
Exception Attributes: array (
  'class' => 'Uploads',
  'plugin' => NULL,
  'prefix' => NULL,
  '_ext' => NULL,
)
Request URL: /fitness/uploads/trainee_profile/%3Cpre%20class=
Stack Trace:
#0 /opt/lampp/htdocs/fitness/webroot/index.php(37): Cake\Routing\Dispatcher->dispatch(Object(Cake\Network\Request), Object(Cake\Network\Response))
#1 {main}


2016-04-22 08:38:37 Warning: Warning (2): Invalid argument supplied for foreach() in [/opt/lampp/htdocs/fitness/src/Template/Element/front_sidebar.ctp, line 95]
Trace:
Cake\Error\BaseErrorHandler::handleError() - CORE/src/Error/BaseErrorHandler.php, line 139
include - APP/Template/Element/front_sidebar.ctp, line 95
Cake\View\View::_evaluate() - CORE/src/View/View.php, line 828
Cake\View\View::_render() - CORE/src/View/View.php, line 788
Cake\View\View::_renderElement() - CORE/src/View/View.php, line 1155
Cake\View\View::element() - CORE/src/View/View.php, line 376
include - APP/Template/Layout/default.ctp, line 509
Cake\View\View::_evaluate() - CORE/src/View/View.php, line 828
Cake\View\View::_render() - CORE/src/View/View.php, line 788
Cake\View\View::renderLayout() - CORE/src/View/View.php, line 510
Cake\View\View::render() - CORE/src/View/View.php, line 473
Cake\Controller\Controller::render() - CORE/src/Controller/Controller.php, line 583
App\Controller\FrontsController::trainerProfile() - APP/Controller/FrontsController.php, line 45
Cake\Controller\Controller::invokeAction() - CORE/src/Controller/Controller.php, line 412
Cake\Routing\Dispatcher::_invoke() - CORE/src/Routing/Dispatcher.php, line 114
Cake\Routing\Dispatcher::dispatch() - CORE/src/Routing/Dispatcher.php, line 87
[main] - ROOT/webroot/index.php, line 37



2016-04-22 08:38:37 Warning: Warning (2): Invalid argument supplied for foreach() in [/opt/lampp/htdocs/fitness/src/Template/Element/front_sidebar.ctp, line 134]
Trace:
Cake\Error\BaseErrorHandler::handleError() - CORE/src/Error/BaseErrorHandler.php, line 139
include - APP/Template/Element/front_sidebar.ctp, line 134
Cake\View\View::_evaluate() - CORE/src/View/View.php, line 828
Cake\View\View::_render() - CORE/src/View/View.php, line 788
Cake\View\View::_renderElement() - CORE/src/View/View.php, line 1155
Cake\View\View::element() - CORE/src/View/View.php, line 376
include - APP/Template/Layout/default.ctp, line 509
Cake\View\View::_evaluate() - CORE/src/View/View.php, line 828
Cake\View\View::_render() - CORE/src/View/View.php, line 788
Cake\View\View::renderLayout() - CORE/src/View/View.php, line 510
Cake\View\View::render() - CORE/src/View/View.php, line 473
Cake\Controller\Controller::render() - CORE/src/Controller/Controller.php, line 583
App\Controller\FrontsController::trainerProfile() - APP/Controller/FrontsController.php, line 45
Cake\Controller\Controller::invokeAction() - CORE/src/Controller/Controller.php, line 412
Cake\Routing\Dispatcher::_invoke() - CORE/src/Routing/Dispatcher.php, line 114
Cake\Routing\Dispatcher::dispatch() - CORE/src/Routing/Dispatcher.php, line 87
[main] - ROOT/webroot/index.php, line 37



2016-04-22 08:38:38 Error: [Cake\Routing\Exception\MissingControllerException] Controller class Uploads could not be found.
Exception Attributes: array (
  'class' => 'Uploads',
  'plugin' => NULL,
  'prefix' => NULL,
  '_ext' => NULL,
)
Request URL: /fitness/uploads/trainee_profile/
Stack Trace:
#0 /opt/lampp/htdocs/fitness/webroot/index.php(37): Cake\Routing\Dispatcher->dispatch(Object(Cake\Network\Request), Object(Cake\Network\Response))
#1 {main}


2016-04-22 08:38:39 Error: [Cake\Routing\Exception\MissingControllerException] Controller class Uploads could not be found.
Exception Attributes: array (
  'class' => 'Uploads',
  'plugin' => NULL,
  'prefix' => NULL,
  '_ext' => NULL,
)
Request URL: /fitness/uploads/trainee_profile/
Stack Trace:
#0 /opt/lampp/htdocs/fitness/webroot/index.php(37): Cake\Routing\Dispatcher->dispatch(Object(Cake\Network\Request), Object(Cake\Network\Response))
#1 {main}


2016-04-22 08:41:55 Error: [Cake\Routing\Exception\MissingControllerException] Controller class Uploads could not be found.
Exception Attributes: array (
  'class' => 'Uploads',
  'plugin' => NULL,
  'prefix' => NULL,
  '_ext' => NULL,
)
Request URL: /fitness/uploads/trainee_profile/
Stack Trace:
#0 /opt/lampp/htdocs/fitness/webroot/index.php(37): Cake\Routing\Dispatcher->dispatch(Object(Cake\Network\Request), Object(Cake\Network\Response))
#1 {main}


2016-04-22 08:42:12 Warning: Warning (2): Invalid argument supplied for foreach() in [/opt/lampp/htdocs/fitness/src/Template/Element/front_sidebar.ctp, line 95]
Trace:
Cake\Error\BaseErrorHandler::handleError() - CORE/src/Error/BaseErrorHandler.php, line 139
include - APP/Template/Element/front_sidebar.ctp, line 95
Cake\View\View::_evaluate() - CORE/src/View/View.php, line 828
Cake\View\View::_render() - CORE/src/View/View.php, line 788
Cake\View\View::_renderElement() - CORE/src/View/View.php, line 1155
Cake\View\View::element() - CORE/src/View/View.php, line 376
include - APP/Template/Layout/default.ctp, line 509
Cake\View\View::_evaluate() - CORE/src/View/View.php, line 828
Cake\View\View::_render() - CORE/src/View/View.php, line 788
Cake\View\View::renderLayout() - CORE/src/View/View.php, line 510
Cake\View\View::render() - CORE/src/View/View.php, line 473
Cake\Controller\Controller::render() - CORE/src/Controller/Controller.php, line 583
App\Controller\FrontsController::trainerProfile() - APP/Controller/FrontsController.php, line 52
Cake\Controller\Controller::invokeAction() - CORE/src/Controller/Controller.php, line 412
Cake\Routing\Dispatcher::_invoke() - CORE/src/Routing/Dispatcher.php, line 114
Cake\Routing\Dispatcher::dispatch() - CORE/src/Routing/Dispatcher.php, line 87
[main] - ROOT/webroot/index.php, line 37



2016-04-22 08:42:12 Warning: Warning (2): Invalid argument supplied for foreach() in [/opt/lampp/htdocs/fitness/src/Template/Element/front_sidebar.ctp, line 134]
Trace:
Cake\Error\BaseErrorHandler::handleError() - CORE/src/Error/BaseErrorHandler.php, line 139
include - APP/Template/Element/front_sidebar.ctp, line 134
Cake\View\View::_evaluate() - CORE/src/View/View.php, line 828
Cake\View\View::_render() - CORE/src/View/View.php, line 788
Cake\View\View::_renderElement() - CORE/src/View/View.php, line 1155
Cake\View\View::element() - CORE/src/View/View.php, line 376
include - APP/Template/Layout/default.ctp, line 509
Cake\View\View::_evaluate() - CORE/src/View/View.php, line 828
Cake\View\View::_render() - CORE/src/View/View.php, line 788
Cake\View\View::renderLayout() - CORE/src/View/View.php, line 510
Cake\View\View::render() - CORE/src/View/View.php, line 473
Cake\Controller\Controller::render() - CORE/src/Controller/Controller.php, line 583
App\Controller\FrontsController::trainerProfile() - APP/Controller/FrontsController.php, line 52
Cake\Controller\Controller::invokeAction() - CORE/src/Controller/Controller.php, line 412
Cake\Routing\Dispatcher::_invoke() - CORE/src/Routing/Dispatcher.php, line 114
Cake\Routing\Dispatcher::dispatch() - CORE/src/Routing/Dispatcher.php, line 87
[main] - ROOT/webroot/index.php, line 37



2016-04-22 08:42:33 Warning: Warning (2): Invalid argument supplied for foreach() in [/opt/lampp/htdocs/fitness/src/Template/Element/front_sidebar.ctp, line 95]
Trace:
Cake\Error\BaseErrorHandler::handleError() - CORE/src/Error/BaseErrorHandler.php, line 139
include - APP/Template/Element/front_sidebar.ctp, line 95
Cake\View\View::_evaluate() - CORE/src/View/View.php, line 828
Cake\View\View::_render() - CORE/src/View/View.php, line 788
Cake\View\View::_renderElement() - CORE/src/View/View.php, line 1155
Cake\View\View::element() - CORE/src/View/View.php, line 376
include - APP/Template/Layout/default.ctp, line 509
Cake\View\View::_evaluate() - CORE/src/View/View.php, line 828
Cake\View\View::_render() - CORE/src/View/View.php, line 788
Cake\View\View::renderLayout() - CORE/src/View/View.php, line 510
Cake\View\View::render() - CORE/src/View/View.php, line 473
Cake\Controller\Controller::render() - CORE/src/Controller/Controller.php, line 583
App\Controller\FrontsController::trainerProfile() - APP/Controller/FrontsController.php, line 52
Cake\Controller\Controller::invokeAction() - CORE/src/Controller/Controller.php, line 412
Cake\Routing\Dispatcher::_invoke() - CORE/src/Routing/Dispatcher.php, line 114
Cake\Routing\Dispatcher::dispatch() - CORE/src/Routing/Dispatcher.php, line 87
[main] - ROOT/webroot/index.php, line 37



2016-04-22 08:42:33 Warning: Warning (2): Invalid argument supplied for foreach() in [/opt/lampp/htdocs/fitness/src/Template/Element/front_sidebar.ctp, line 134]
Trace:
Cake\Error\BaseErrorHandler::handleError() - CORE/src/Error/BaseErrorHandler.php, line 139
include - APP/Template/Element/front_sidebar.ctp, line 134
Cake\View\View::_evaluate() - CORE/src/View/View.php, line 828
Cake\View\View::_render() - CORE/src/View/View.php, line 788
Cake\View\View::_renderElement() - CORE/src/View/View.php, line 1155
Cake\View\View::element() - CORE/src/View/View.php, line 376
include - APP/Template/Layout/default.ctp, line 509
Cake\View\View::_evaluate() - CORE/src/View/View.php, line 828
Cake\View\View::_render() - CORE/src/View/View.php, line 788
Cake\View\View::renderLayout() - CORE/src/View/View.php, line 510
Cake\View\View::render() - CORE/src/View/View.php, line 473
Cake\Controller\Controller::render() - CORE/src/Controller/Controller.php, line 583
App\Controller\FrontsController::trainerProfile() - APP/Controller/FrontsController.php, line 52
Cake\Controller\Controller::invokeAction() - CORE/src/Controller/Controller.php, line 412
Cake\Routing\Dispatcher::_invoke() - CORE/src/Routing/Dispatcher.php, line 114
Cake\Routing\Dispatcher::dispatch() - CORE/src/Routing/Dispatcher.php, line 87
[main] - ROOT/webroot/index.php, line 37



2016-04-22 08:42:34 Error: [Cake\Routing\Exception\MissingControllerException] Controller class Uploads could not be found.
Exception Attributes: array (
  'class' => 'Uploads',
  'plugin' => NULL,
  'prefix' => NULL,
  '_ext' => NULL,
)
Request URL: /fitness/uploads/trainee_profile/
Stack Trace:
#0 /opt/lampp/htdocs/fitness/webroot/index.php(37): Cake\Routing\Dispatcher->dispatch(Object(Cake\Network\Request), Object(Cake\Network\Response))
#1 {main}


2016-04-22 08:42:37 Error: [Cake\Routing\Exception\MissingControllerException] Controller class Uploads could not be found.
Exception Attributes: array (
  'class' => 'Uploads',
  'plugin' => NULL,
  'prefix' => NULL,
  '_ext' => NULL,
)
Request URL: /fitness/uploads/trainee_profile/
Stack Trace:
#0 /opt/lampp/htdocs/fitness/webroot/index.php(37): Cake\Routing\Dispatcher->dispatch(Object(Cake\Network\Request), Object(Cake\Network\Response))
#1 {main}


2016-04-22 08:42:47 Warning: Warning (2): Invalid argument supplied for foreach() in [/opt/lampp/htdocs/fitness/src/Template/Element/front_sidebar.ctp, line 95]
Trace:
Cake\Error\BaseErrorHandler::handleError() - CORE/src/Error/BaseErrorHandler.php, line 139
include - APP/Template/Element/front_sidebar.ctp, line 95
Cake\View\View::_evaluate() - CORE/src/View/View.php, line 828
Cake\View\View::_render() - CORE/src/View/View.php, line 788
Cake\View\View::_renderElement() - CORE/src/View/View.php, line 1155
Cake\View\View::element() - CORE/src/View/View.php, line 376
include - APP/Template/Layout/default.ctp, line 509
Cake\View\View::_evaluate() - CORE/src/View/View.php, line 828
Cake\View\View::_render() - CORE/src/View/View.php, line 788
Cake\View\View::renderLayout() - CORE/src/View/View.php, line 510
Cake\View\View::render() - CORE/src/View/View.php, line 473
Cake\Controller\Controller::render() - CORE/src/Controller/Controller.php, line 583
App\Controller\FrontsController::trainerProfile() - APP/Controller/FrontsController.php, line 52
Cake\Controller\Controller::invokeAction() - CORE/src/Controller/Controller.php, line 412
Cake\Routing\Dispatcher::_invoke() - CORE/src/Routing/Dispatcher.php, line 114
Cake\Routing\Dispatcher::dispatch() - CORE/src/Routing/Dispatcher.php, line 87
[main] - ROOT/webroot/index.php, line 37



2016-04-22 08:42:47 Warning: Warning (2): Invalid argument supplied for foreach() in [/opt/lampp/htdocs/fitness/src/Template/Element/front_sidebar.ctp, line 134]
Trace:
Cake\Error\BaseErrorHandler::handleError() - CORE/src/Error/BaseErrorHandler.php, line 139
include - APP/Template/Element/front_sidebar.ctp, line 134
Cake\View\View::_evaluate() - CORE/src/View/View.php, line 828
Cake\View\View::_render() - CORE/src/View/View.php, line 788
Cake\View\View::_renderElement() - CORE/src/View/View.php, line 1155
Cake\View\View::element() - CORE/src/View/View.php, line 376
include - APP/Template/Layout/default.ctp, line 509
Cake\View\View::_evaluate() - CORE/src/View/View.php, line 828
Cake\View\View::_render() - CORE/src/View/View.php, line 788
Cake\View\View::renderLayout() - CORE/src/View/View.php, line 510
Cake\View\View::render() - CORE/src/View/View.php, line 473
Cake\Controller\Controller::render() - CORE/src/Controller/Controller.php, line 583
App\Controller\FrontsController::trainerProfile() - APP/Controller/FrontsController.php, line 52
Cake\Controller\Controller::invokeAction() - CORE/src/Controller/Controller.php, line 412
Cake\Routing\Dispatcher::_invoke() - CORE/src/Routing/Dispatcher.php, line 114
Cake\Routing\Dispatcher::dispatch() - CORE/src/Routing/Dispatcher.php, line 87
[main] - ROOT/webroot/index.php, line 37



2016-04-22 08:42:48 Error: [Cake\Routing\Exception\MissingControllerException] Controller class Uploads could not be found.
Exception Attributes: array (
  'class' => 'Uploads',
  'plugin' => NULL,
  'prefix' => NULL,
  '_ext' => NULL,
)
Request URL: /fitness/uploads/trainee_profile/
Stack Trace:
#0 /opt/lampp/htdocs/fitness/webroot/index.php(37): Cake\Routing\Dispatcher->dispatch(Object(Cake\Network\Request), Object(Cake\Network\Response))
#1 {main}


2016-04-22 08:42:49 Error: [Cake\Routing\Exception\MissingControllerException] Controller class Uploads could not be found.
Exception Attributes: array (
  'class' => 'Uploads',
  'plugin' => NULL,
  'prefix' => NULL,
  '_ext' => NULL,
)
Request URL: /fitness/uploads/trainee_profile/
Stack Trace:
#0 /opt/lampp/htdocs/fitness/webroot/index.php(37): Cake\Routing\Dispatcher->dispatch(Object(Cake\Network\Request), Object(Cake\Network\Response))
#1 {main}


2016-04-22 08:42:54 Error: [Cake\Routing\Exception\MissingControllerException] Controller class Uploads could not be found.
Exception Attributes: array (
  'class' => 'Uploads',
  'plugin' => NULL,
  'prefix' => NULL,
  '_ext' => NULL,
)
Request URL: /fitness/uploads/trainee_profile/
Stack Trace:
#0 /opt/lampp/htdocs/fitness/webroot/index.php(37): Cake\Routing\Dispatcher->dispatch(Object(Cake\Network\Request), Object(Cake\Network\Response))
#1 {main}


2016-04-22 08:44:30 Warning: Warning (2): Invalid argument supplied for foreach() in [/opt/lampp/htdocs/fitness/src/Template/Element/front_sidebar.ctp, line 98]
Trace:
Cake\Error\BaseErrorHandler::handleError() - CORE/src/Error/BaseErrorHandler.php, line 139
include - APP/Template/Element/front_sidebar.ctp, line 98
Cake\View\View::_evaluate() - CORE/src/View/View.php, line 828
Cake\View\View::_render() - CORE/src/View/View.php, line 788
Cake\View\View::_renderElement() - CORE/src/View/View.php, line 1155
Cake\View\View::element() - CORE/src/View/View.php, line 376
include - APP/Template/Layout/default.ctp, line 509
Cake\View\View::_evaluate() - CORE/src/View/View.php, line 828
Cake\View\View::_render() - CORE/src/View/View.php, line 788
Cake\View\View::renderLayout() - CORE/src/View/View.php, line 510
Cake\View\View::render() - CORE/src/View/View.php, line 473
Cake\Controller\Controller::render() - CORE/src/Controller/Controller.php, line 583
App\Controller\FrontsController::trainerProfile() - APP/Controller/FrontsController.php, line 52
Cake\Controller\Controller::invokeAction() - CORE/src/Controller/Controller.php, line 412
Cake\Routing\Dispatcher::_invoke() - CORE/src/Routing/Dispatcher.php, line 114
Cake\Routing\Dispatcher::dispatch() - CORE/src/Routing/Dispatcher.php, line 87
[main] - ROOT/webroot/index.php, line 37



2016-04-22 08:44:30 Warning: Warning (2): Invalid argument supplied for foreach() in [/opt/lampp/htdocs/fitness/src/Template/Element/front_sidebar.ctp, line 137]
Trace:
Cake\Error\BaseErrorHandler::handleError() - CORE/src/Error/BaseErrorHandler.php, line 139
include - APP/Template/Element/front_sidebar.ctp, line 137
Cake\View\View::_evaluate() - CORE/src/View/View.php, line 828
Cake\View\View::_render() - CORE/src/View/View.php, line 788
Cake\View\View::_renderElement() - CORE/src/View/View.php, line 1155
Cake\View\View::element() - CORE/src/View/View.php, line 376
include - APP/Template/Layout/default.ctp, line 509
Cake\View\View::_evaluate() - CORE/src/View/View.php, line 828
Cake\View\View::_render() - CORE/src/View/View.php, line 788
Cake\View\View::renderLayout() - CORE/src/View/View.php, line 510
Cake\View\View::render() - CORE/src/View/View.php, line 473
Cake\Controller\Controller::render() - CORE/src/Controller/Controller.php, line 583
App\Controller\FrontsController::trainerProfile() - APP/Controller/FrontsController.php, line 52
Cake\Controller\Controller::invokeAction() - CORE/src/Controller/Controller.php, line 412
Cake\Routing\Dispatcher::_invoke() - CORE/src/Routing/Dispatcher.php, line 114
Cake\Routing\Dispatcher::dispatch() - CORE/src/Routing/Dispatcher.php, line 87
[main] - ROOT/webroot/index.php, line 37



2016-04-22 08:44:31 Error: [Cake\Routing\Exception\MissingControllerException] Controller class Uploads could not be found.
Exception Attributes: array (
  'class' => 'Uploads',
  'plugin' => NULL,
  'prefix' => NULL,
  '_ext' => NULL,
)
Request URL: /fitness/uploads/trainee_profile/
Stack Trace:
#0 /opt/lampp/htdocs/fitness/webroot/index.php(37): Cake\Routing\Dispatcher->dispatch(Object(Cake\Network\Request), Object(Cake\Network\Response))
#1 {main}


2016-04-22 08:44:32 Error: [Cake\Routing\Exception\MissingControllerException] Controller class Uploads could not be found.
Exception Attributes: array (
  'class' => 'Uploads',
  'plugin' => NULL,
  'prefix' => NULL,
  '_ext' => NULL,
)
Request URL: /fitness/uploads/trainee_profile/
Stack Trace:
#0 /opt/lampp/htdocs/fitness/webroot/index.php(37): Cake\Routing\Dispatcher->dispatch(Object(Cake\Network\Request), Object(Cake\Network\Response))
#1 {main}


2016-04-22 08:44:45 Warning: Warning (2): Invalid argument supplied for foreach() in [/opt/lampp/htdocs/fitness/src/Template/Element/front_sidebar.ctp, line 98]
Trace:
Cake\Error\BaseErrorHandler::handleError() - CORE/src/Error/BaseErrorHandler.php, line 139
include - APP/Template/Element/front_sidebar.ctp, line 98
Cake\View\View::_evaluate() - CORE/src/View/View.php, line 828
Cake\View\View::_render() - CORE/src/View/View.php, line 788
Cake\View\View::_renderElement() - CORE/src/View/View.php, line 1155
Cake\View\View::element() - CORE/src/View/View.php, line 376
include - APP/Template/Layout/default.ctp, line 509
Cake\View\View::_evaluate() - CORE/src/View/View.php, line 828
Cake\View\View::_render() - CORE/src/View/View.php, line 788
Cake\View\View::renderLayout() - CORE/src/View/View.php, line 510
Cake\View\View::render() - CORE/src/View/View.php, line 473
Cake\Controller\Controller::render() - CORE/src/Controller/Controller.php, line 583
App\Controller\FrontsController::trainerProfile() - APP/Controller/FrontsController.php, line 52
Cake\Controller\Controller::invokeAction() - CORE/src/Controller/Controller.php, line 412
Cake\Routing\Dispatcher::_invoke() - CORE/src/Routing/Dispatcher.php, line 114
Cake\Routing\Dispatcher::dispatch() - CORE/src/Routing/Dispatcher.php, line 87
[main] - ROOT/webroot/index.php, line 37



2016-04-22 08:44:45 Warning: Warning (2): Invalid argument supplied for foreach() in [/opt/lampp/htdocs/fitness/src/Template/Element/front_sidebar.ctp, line 137]
Trace:
Cake\Error\BaseErrorHandler::handleError() - CORE/src/Error/BaseErrorHandler.php, line 139
include - APP/Template/Element/front_sidebar.ctp, line 137
Cake\View\View::_evaluate() - CORE/src/View/View.php, line 828
Cake\View\View::_render() - CORE/src/View/View.php, line 788
Cake\View\View::_renderElement() - CORE/src/View/View.php, line 1155
Cake\View\View::element() - CORE/src/View/View.php, line 376
include - APP/Template/Layout/default.ctp, line 509
Cake\View\View::_evaluate() - CORE/src/View/View.php, line 828
Cake\View\View::_render() - CORE/src/View/View.php, line 788
Cake\View\View::renderLayout() - CORE/src/View/View.php, line 510
Cake\View\View::render() - CORE/src/View/View.php, line 473
Cake\Controller\Controller::render() - CORE/src/Controller/Controller.php, line 583
App\Controller\FrontsController::trainerProfile() - APP/Controller/FrontsController.php, line 52
Cake\Controller\Controller::invokeAction() - CORE/src/Controller/Controller.php, line 412
Cake\Routing\Dispatcher::_invoke() - CORE/src/Routing/Dispatcher.php, line 114
Cake\Routing\Dispatcher::dispatch() - CORE/src/Routing/Dispatcher.php, line 87
[main] - ROOT/webroot/index.php, line 37



2016-04-22 08:44:46 Error: [Cake\Routing\Exception\MissingControllerException] Controller class Uploads could not be found.
Exception Attributes: array (
  'class' => 'Uploads',
  'plugin' => NULL,
  'prefix' => NULL,
  '_ext' => NULL,
)
Request URL: /fitness/uploads/trainee_profile/
Stack Trace:
#0 /opt/lampp/htdocs/fitness/webroot/index.php(37): Cake\Routing\Dispatcher->dispatch(Object(Cake\Network\Request), Object(Cake\Network\Response))
#1 {main}


2016-04-22 08:44:47 Error: [Cake\Routing\Exception\MissingControllerException] Controller class Uploads could not be found.
Exception Attributes: array (
  'class' => 'Uploads',
  'plugin' => NULL,
  'prefix' => NULL,
  '_ext' => NULL,
)
Request URL: /fitness/uploads/trainee_profile/
Stack Trace:
#0 /opt/lampp/htdocs/fitness/webroot/index.php(37): Cake\Routing\Dispatcher->dispatch(Object(Cake\Network\Request), Object(Cake\Network\Response))
#1 {main}


2016-04-22 08:44:53 Error: [Cake\Routing\Exception\MissingControllerException] Controller class Uploads could not be found.
Exception Attributes: array (
  'class' => 'Uploads',
  'plugin' => NULL,
  'prefix' => NULL,
  '_ext' => NULL,
)
Request URL: /fitness/uploads/trainee_profile/
Stack Trace:
#0 /opt/lampp/htdocs/fitness/webroot/index.php(37): Cake\Routing\Dispatcher->dispatch(Object(Cake\Network\Request), Object(Cake\Network\Response))
#1 {main}


2016-04-22 08:45:01 Error: [Cake\Routing\Exception\MissingControllerException] Controller class Js could not be found.
Exception Attributes: array (
  'class' => 'Js',
  'plugin' => NULL,
  'prefix' => NULL,
  '_ext' => NULL,
)
Request URL: /fitness/js/TB.js.map
Stack Trace:
#0 /opt/lampp/htdocs/fitness/webroot/index.php(37): Cake\Routing\Dispatcher->dispatch(Object(Cake\Network\Request), Object(Cake\Network\Response))
#1 {main}


2016-04-22 08:45:01 Error: [Cake\Routing\Exception\MissingControllerException] Controller class Css could not be found.
Exception Attributes: array (
  'class' => 'Css',
  'plugin' => NULL,
  'prefix' => NULL,
  '_ext' => NULL,
)
Request URL: /fitness/css/percircle.css.map
Stack Trace:
#0 /opt/lampp/htdocs/fitness/webroot/index.php(37): Cake\Routing\Dispatcher->dispatch(Object(Cake\Network\Request), Object(Cake\Network\Response))
#1 {main}


2016-04-22 08:46:12 Warning: Warning (2): Invalid argument supplied for foreach() in [/opt/lampp/htdocs/fitness/src/Template/Element/front_sidebar.ctp, line 98]
Trace:
Cake\Error\BaseErrorHandler::handleError() - CORE/src/Error/BaseErrorHandler.php, line 139
include - APP/Template/Element/front_sidebar.ctp, line 98
Cake\View\View::_evaluate() - CORE/src/View/View.php, line 828
Cake\View\View::_render() - CORE/src/View/View.php, line 788
Cake\View\View::_renderElement() - CORE/src/View/View.php, line 1155
Cake\View\View::element() - CORE/src/View/View.php, line 376
include - APP/Template/Layout/default.ctp, line 509
Cake\View\View::_evaluate() - CORE/src/View/View.php, line 828
Cake\View\View::_render() - CORE/src/View/View.php, line 788
Cake\View\View::renderLayout() - CORE/src/View/View.php, line 510
Cake\View\View::render() - CORE/src/View/View.php, line 473
Cake\Controller\Controller::render() - CORE/src/Controller/Controller.php, line 583
App\Controller\FrontsController::trainerProfile() - APP/Controller/FrontsController.php, line 52
Cake\Controller\Controller::invokeAction() - CORE/src/Controller/Controller.php, line 412
Cake\Routing\Dispatcher::_invoke() - CORE/src/Routing/Dispatcher.php, line 114
Cake\Routing\Dispatcher::dispatch() - CORE/src/Routing/Dispatcher.php, line 87
[main] - ROOT/webroot/index.php, line 37



2016-04-22 08:46:12 Warning: Warning (2): Invalid argument supplied for foreach() in [/opt/lampp/htdocs/fitness/src/Template/Element/front_sidebar.ctp, line 137]
Trace:
Cake\Error\BaseErrorHandler::handleError() - CORE/src/Error/BaseErrorHandler.php, line 139
include - APP/Template/Element/front_sidebar.ctp, line 137
Cake\View\View::_evaluate() - CORE/src/View/View.php, line 828
Cake\View\View::_render() - CORE/src/View/View.php, line 788
Cake\View\View::_renderElement() - CORE/src/View/View.php, line 1155
Cake\View\View::element() - CORE/src/View/View.php, line 376
include - APP/Template/Layout/default.ctp, line 509
Cake\View\View::_evaluate() - CORE/src/View/View.php, line 828
Cake\View\View::_render() - CORE/src/View/View.php, line 788
Cake\View\View::renderLayout() - CORE/src/View/View.php, line 510
Cake\View\View::render() - CORE/src/View/View.php, line 473
Cake\Controller\Controller::render() - CORE/src/Controller/Controller.php, line 583
App\Controller\FrontsController::trainerProfile() - APP/Controller/FrontsController.php, line 52
Cake\Controller\Controller::invokeAction() - CORE/src/Controller/Controller.php, line 412
Cake\Routing\Dispatcher::_invoke() - CORE/src/Routing/Dispatcher.php, line 114
Cake\Routing\Dispatcher::dispatch() - CORE/src/Routing/Dispatcher.php, line 87
[main] - ROOT/webroot/index.php, line 37



2016-04-22 08:46:12 Error: [Cake\Routing\Exception\MissingControllerException] Controller class Uploads could not be found.
Exception Attributes: array (
  'class' => 'Uploads',
  'plugin' => NULL,
  'prefix' => NULL,
  '_ext' => NULL,
)
Request URL: /fitness/uploads/trainee_profile/
Stack Trace:
#0 /opt/lampp/htdocs/fitness/webroot/index.php(37): Cake\Routing\Dispatcher->dispatch(Object(Cake\Network\Request), Object(Cake\Network\Response))
#1 {main}


2016-04-22 08:46:13 Error: [Cake\Routing\Exception\MissingControllerException] Controller class Js could not be found.
Exception Attributes: array (
  'class' => 'Js',
  'plugin' => NULL,
  'prefix' => NULL,
  '_ext' => NULL,
)
Request URL: /fitness/js/TB.js.map
Stack Trace:
#0 /opt/lampp/htdocs/fitness/webroot/index.php(37): Cake\Routing\Dispatcher->dispatch(Object(Cake\Network\Request), Object(Cake\Network\Response))
#1 {main}


2016-04-22 08:46:13 Error: [Cake\Routing\Exception\MissingControllerException] Controller class Css could not be found.
Exception Attributes: array (
  'class' => 'Css',
  'plugin' => NULL,
  'prefix' => NULL,
  '_ext' => NULL,
)
Request URL: /fitness/css/percircle.css.map
Stack Trace:
#0 /opt/lampp/htdocs/fitness/webroot/index.php(37): Cake\Routing\Dispatcher->dispatch(Object(Cake\Network\Request), Object(Cake\Network\Response))
#1 {main}


2016-04-22 08:46:14 Error: [Cake\Routing\Exception\MissingControllerException] Controller class Uploads could not be found.
Exception Attributes: array (
  'class' => 'Uploads',
  'plugin' => NULL,
  'prefix' => NULL,
  '_ext' => NULL,
)
Request URL: /fitness/uploads/trainee_profile/
Stack Trace:
#0 /opt/lampp/htdocs/fitness/webroot/index.php(37): Cake\Routing\Dispatcher->dispatch(Object(Cake\Network\Request), Object(Cake\Network\Response))
#1 {main}


2016-04-22 08:46:32 Warning: Warning (2): Invalid argument supplied for foreach() in [/opt/lampp/htdocs/fitness/src/Template/Element/front_sidebar.ctp, line 98]
Trace:
Cake\Error\BaseErrorHandler::handleError() - CORE/src/Error/BaseErrorHandler.php, line 139
include - APP/Template/Element/front_sidebar.ctp, line 98
Cake\View\View::_evaluate() - CORE/src/View/View.php, line 828
Cake\View\View::_render() - CORE/src/View/View.php, line 788
Cake\View\View::_renderElement() - CORE/src/View/View.php, line 1155
Cake\View\View::element() - CORE/src/View/View.php, line 376
include - APP/Template/Layout/default.ctp, line 509
Cake\View\View::_evaluate() - CORE/src/View/View.php, line 828
Cake\View\View::_render() - CORE/src/View/View.php, line 788
Cake\View\View::renderLayout() - CORE/src/View/View.php, line 510
Cake\View\View::render() - CORE/src/View/View.php, line 473
Cake\Controller\Controller::render() - CORE/src/Controller/Controller.php, line 583
App\Controller\FrontsController::trainerProfile() - APP/Controller/FrontsController.php, line 52
Cake\Controller\Controller::invokeAction() - CORE/src/Controller/Controller.php, line 412
Cake\Routing\Dispatcher::_invoke() - CORE/src/Routing/Dispatcher.php, line 114
Cake\Routing\Dispatcher::dispatch() - CORE/src/Routing/Dispatcher.php, line 87
[main] - ROOT/webroot/index.php, line 37



2016-04-22 08:46:32 Warning: Warning (2): Invalid argument supplied for foreach() in [/opt/lampp/htdocs/fitness/src/Template/Element/front_sidebar.ctp, line 137]
Trace:
Cake\Error\BaseErrorHandler::handleError() - CORE/src/Error/BaseErrorHandler.php, line 139
include - APP/Template/Element/front_sidebar.ctp, line 137
Cake\View\View::_evaluate() - CORE/src/View/View.php, line 828
Cake\View\View::_render() - CORE/src/View/View.php, line 788
Cake\View\View::_renderElement() - CORE/src/View/View.php, line 1155
Cake\View\View::element() - CORE/src/View/View.php, line 376
include - APP/Template/Layout/default.ctp, line 509
Cake\View\View::_evaluate() - CORE/src/View/View.php, line 828
Cake\View\View::_render() - CORE/src/View/View.php, line 788
Cake\View\View::renderLayout() - CORE/src/View/View.php, line 510
Cake\View\View::render() - CORE/src/View/View.php, line 473
Cake\Controller\Controller::render() - CORE/src/Controller/Controller.php, line 583
App\Controller\FrontsController::trainerProfile() - APP/Controller/FrontsController.php, line 52
Cake\Controller\Controller::invokeAction() - CORE/src/Controller/Controller.php, line 412
Cake\Routing\Dispatcher::_invoke() - CORE/src/Routing/Dispatcher.php, line 114
Cake\Routing\Dispatcher::dispatch() - CORE/src/Routing/Dispatcher.php, line 87
[main] - ROOT/webroot/index.php, line 37



2016-04-22 08:46:32 Error: [Cake\Routing\Exception\MissingControllerException] Controller class Uploads could not be found.
Exception Attributes: array (
  'class' => 'Uploads',
  'plugin' => NULL,
  'prefix' => NULL,
  '_ext' => NULL,
)
Request URL: /fitness/uploads/trainee_profile/
Stack Trace:
#0 /opt/lampp/htdocs/fitness/webroot/index.php(37): Cake\Routing\Dispatcher->dispatch(Object(Cake\Network\Request), Object(Cake\Network\Response))
#1 {main}


2016-04-22 08:46:33 Error: [Cake\Routing\Exception\MissingControllerException] Controller class Js could not be found.
Exception Attributes: array (
  'class' => 'Js',
  'plugin' => NULL,
  'prefix' => NULL,
  '_ext' => NULL,
)
Request URL: /fitness/js/TB.js.map
Stack Trace:
#0 /opt/lampp/htdocs/fitness/webroot/index.php(37): Cake\Routing\Dispatcher->dispatch(Object(Cake\Network\Request), Object(Cake\Network\Response))
#1 {main}


2016-04-22 08:46:33 Error: [Cake\Routing\Exception\MissingControllerException] Controller class Css could not be found.
Exception Attributes: array (
  'class' => 'Css',
  'plugin' => NULL,
  'prefix' => NULL,
  '_ext' => NULL,
)
Request URL: /fitness/css/percircle.css.map
Stack Trace:
#0 /opt/lampp/htdocs/fitness/webroot/index.php(37): Cake\Routing\Dispatcher->dispatch(Object(Cake\Network\Request), Object(Cake\Network\Response))
#1 {main}


2016-04-22 08:46:34 Error: [Cake\Routing\Exception\MissingControllerException] Controller class Uploads could not be found.
Exception Attributes: array (
  'class' => 'Uploads',
  'plugin' => NULL,
  'prefix' => NULL,
  '_ext' => NULL,
)
Request URL: /fitness/uploads/trainee_profile/
Stack Trace:
#0 /opt/lampp/htdocs/fitness/webroot/index.php(37): Cake\Routing\Dispatcher->dispatch(Object(Cake\Network\Request), Object(Cake\Network\Response))
#1 {main}


2016-04-22 08:46:37 Error: [Cake\Routing\Exception\MissingControllerException] Controller class Uploads could not be found.
Exception Attributes: array (
  'class' => 'Uploads',
  'plugin' => NULL,
  'prefix' => NULL,
  '_ext' => NULL,
)
Request URL: /fitness/uploads/trainee_profile/
Stack Trace:
#0 /opt/lampp/htdocs/fitness/webroot/index.php(37): Cake\Routing\Dispatcher->dispatch(Object(Cake\Network\Request), Object(Cake\Network\Response))
#1 {main}


2016-04-22 08:47:19 Warning: Warning (2): Invalid argument supplied for foreach() in [/opt/lampp/htdocs/fitness/src/Template/Element/front_sidebar.ctp, line 98]
Trace:
Cake\Error\BaseErrorHandler::handleError() - CORE/src/Error/BaseErrorHandler.php, line 139
include - APP/Template/Element/front_sidebar.ctp, line 98
Cake\View\View::_evaluate() - CORE/src/View/View.php, line 828
Cake\View\View::_render() - CORE/src/View/View.php, line 788
Cake\View\View::_renderElement() - CORE/src/View/View.php, line 1155
Cake\View\View::element() - CORE/src/View/View.php, line 376
include - APP/Template/Layout/default.ctp, line 509
Cake\View\View::_evaluate() - CORE/src/View/View.php, line 828
Cake\View\View::_render() - CORE/src/View/View.php, line 788
Cake\View\View::renderLayout() - CORE/src/View/View.php, line 510
Cake\View\View::render() - CORE/src/View/View.php, line 473
Cake\Controller\Controller::render() - CORE/src/Controller/Controller.php, line 583
App\Controller\FrontsController::trainerProfile() - APP/Controller/FrontsController.php, line 52
Cake\Controller\Controller::invokeAction() - CORE/src/Controller/Controller.php, line 412
Cake\Routing\Dispatcher::_invoke() - CORE/src/Routing/Dispatcher.php, line 114
Cake\Routing\Dispatcher::dispatch() - CORE/src/Routing/Dispatcher.php, line 87
[main] - ROOT/webroot/index.php, line 37



2016-04-22 08:47:19 Warning: Warning (2): Invalid argument supplied for foreach() in [/opt/lampp/htdocs/fitness/src/Template/Element/front_sidebar.ctp, line 137]
Trace:
Cake\Error\BaseErrorHandler::handleError() - CORE/src/Error/BaseErrorHandler.php, line 139
include - APP/Template/Element/front_sidebar.ctp, line 137
Cake\View\View::_evaluate() - CORE/src/View/View.php, line 828
Cake\View\View::_render() - CORE/src/View/View.php, line 788
Cake\View\View::_renderElement() - CORE/src/View/View.php, line 1155
Cake\View\View::element() - CORE/src/View/View.php, line 376
include - APP/Template/Layout/default.ctp, line 509
Cake\View\View::_evaluate() - CORE/src/View/View.php, line 828
Cake\View\View::_render() - CORE/src/View/View.php, line 788
Cake\View\View::renderLayout() - CORE/src/View/View.php, line 510
Cake\View\View::render() - CORE/src/View/View.php, line 473
Cake\Controller\Controller::render() - CORE/src/Controller/Controller.php, line 583
App\Controller\FrontsController::trainerProfile() - APP/Controller/FrontsController.php, line 52
Cake\Controller\Controller::invokeAction() - CORE/src/Controller/Controller.php, line 412
Cake\Routing\Dispatcher::_invoke() - CORE/src/Routing/Dispatcher.php, line 114
Cake\Routing\Dispatcher::dispatch() - CORE/src/Routing/Dispatcher.php, line 87
[main] - ROOT/webroot/index.php, line 37



2016-04-22 08:47:19 Error: [Cake\Routing\Exception\MissingControllerException] Controller class Uploads could not be found.
Exception Attributes: array (
  'class' => 'Uploads',
  'plugin' => NULL,
  'prefix' => NULL,
  '_ext' => NULL,
)
Request URL: /fitness/uploads/trainee_profile/
Stack Trace:
#0 /opt/lampp/htdocs/fitness/webroot/index.php(37): Cake\Routing\Dispatcher->dispatch(Object(Cake\Network\Request), Object(Cake\Network\Response))
#1 {main}


2016-04-22 08:47:20 Error: [Cake\Routing\Exception\MissingControllerException] Controller class Js could not be found.
Exception Attributes: array (
  'class' => 'Js',
  'plugin' => NULL,
  'prefix' => NULL,
  '_ext' => NULL,
)
Request URL: /fitness/js/TB.js.map
Stack Trace:
#0 /opt/lampp/htdocs/fitness/webroot/index.php(37): Cake\Routing\Dispatcher->dispatch(Object(Cake\Network\Request), Object(Cake\Network\Response))
#1 {main}


2016-04-22 08:47:20 Error: [Cake\Routing\Exception\MissingControllerException] Controller class Css could not be found.
Exception Attributes: array (
  'class' => 'Css',
  'plugin' => NULL,
  'prefix' => NULL,
  '_ext' => NULL,
)
Request URL: /fitness/css/percircle.css.map
Stack Trace:
#0 /opt/lampp/htdocs/fitness/webroot/index.php(37): Cake\Routing\Dispatcher->dispatch(Object(Cake\Network\Request), Object(Cake\Network\Response))
#1 {main}


2016-04-22 08:47:21 Error: [Cake\Routing\Exception\MissingControllerException] Controller class Uploads could not be found.
Exception Attributes: array (
  'class' => 'Uploads',
  'plugin' => NULL,
  'prefix' => NULL,
  '_ext' => NULL,
)
Request URL: /fitness/uploads/trainee_profile/
Stack Trace:
#0 /opt/lampp/htdocs/fitness/webroot/index.php(37): Cake\Routing\Dispatcher->dispatch(Object(Cake\Network\Request), Object(Cake\Network\Response))
#1 {main}


2016-04-22 08:47:25 Error: [Cake\Routing\Exception\MissingControllerException] Controller class Uploads could not be found.
Exception Attributes: array (
  'class' => 'Uploads',
  'plugin' => NULL,
  'prefix' => NULL,
  '_ext' => NULL,
)
Request URL: /fitness/uploads/trainee_profile/
Stack Trace:
#0 /opt/lampp/htdocs/fitness/webroot/index.php(37): Cake\Routing\Dispatcher->dispatch(Object(Cake\Network\Request), Object(Cake\Network\Response))
#1 {main}


2016-04-22 08:50:46 Warning: Warning (2): Invalid argument supplied for foreach() in [/opt/lampp/htdocs/fitness/src/Template/Element/front_sidebar.ctp, line 96]
Trace:
Cake\Error\BaseErrorHandler::handleError() - CORE/src/Error/BaseErrorHandler.php, line 139
include - APP/Template/Element/front_sidebar.ctp, line 96
Cake\View\View::_evaluate() - CORE/src/View/View.php, line 828
Cake\View\View::_render() - CORE/src/View/View.php, line 788
Cake\View\View::_renderElement() - CORE/src/View/View.php, line 1155
Cake\View\View::element() - CORE/src/View/View.php, line 376
include - APP/Template/Layout/default.ctp, line 509
Cake\View\View::_evaluate() - CORE/src/View/View.php, line 828
Cake\View\View::_render() - CORE/src/View/View.php, line 788
Cake\View\View::renderLayout() - CORE/src/View/View.php, line 510
Cake\View\View::render() - CORE/src/View/View.php, line 473
Cake\Controller\Controller::render() - CORE/src/Controller/Controller.php, line 583
Cake\Routing\Dispatcher::_invoke() - CORE/src/Routing/Dispatcher.php, line 120
Cake\Routing\Dispatcher::dispatch() - CORE/src/Routing/Dispatcher.php, line 87
[main] - ROOT/webroot/index.php, line 37



2016-04-22 08:50:46 Warning: Warning (2): Invalid argument supplied for foreach() in [/opt/lampp/htdocs/fitness/src/Template/Element/front_sidebar.ctp, line 135]
Trace:
Cake\Error\BaseErrorHandler::handleError() - CORE/src/Error/BaseErrorHandler.php, line 139
include - APP/Template/Element/front_sidebar.ctp, line 135
Cake\View\View::_evaluate() - CORE/src/View/View.php, line 828
Cake\View\View::_render() - CORE/src/View/View.php, line 788
Cake\View\View::_renderElement() - CORE/src/View/View.php, line 1155
Cake\View\View::element() - CORE/src/View/View.php, line 376
include - APP/Template/Layout/default.ctp, line 509
Cake\View\View::_evaluate() - CORE/src/View/View.php, line 828
Cake\View\View::_render() - CORE/src/View/View.php, line 788
Cake\View\View::renderLayout() - CORE/src/View/View.php, line 510
Cake\View\View::render() - CORE/src/View/View.php, line 473
Cake\Controller\Controller::render() - CORE/src/Controller/Controller.php, line 583
Cake\Routing\Dispatcher::_invoke() - CORE/src/Routing/Dispatcher.php, line 120
Cake\Routing\Dispatcher::dispatch() - CORE/src/Routing/Dispatcher.php, line 87
[main] - ROOT/webroot/index.php, line 37



2016-04-22 08:51:23 Warning: Warning (2): Invalid argument supplied for foreach() in [/opt/lampp/htdocs/fitness/src/Template/Element/front_sidebar.ctp, line 96]
Trace:
Cake\Error\BaseErrorHandler::handleError() - CORE/src/Error/BaseErrorHandler.php, line 139
include - APP/Template/Element/front_sidebar.ctp, line 96
Cake\View\View::_evaluate() - CORE/src/View/View.php, line 828
Cake\View\View::_render() - CORE/src/View/View.php, line 788
Cake\View\View::_renderElement() - CORE/src/View/View.php, line 1155
Cake\View\View::element() - CORE/src/View/View.php, line 376
include - APP/Template/Layout/default.ctp, line 509
Cake\View\View::_evaluate() - CORE/src/View/View.php, line 828
Cake\View\View::_render() - CORE/src/View/View.php, line 788
Cake\View\View::renderLayout() - CORE/src/View/View.php, line 510
Cake\View\View::render() - CORE/src/View/View.php, line 473
Cake\Controller\Controller::render() - CORE/src/Controller/Controller.php, line 583
Cake\Routing\Dispatcher::_invoke() - CORE/src/Routing/Dispatcher.php, line 120
Cake\Routing\Dispatcher::dispatch() - CORE/src/Routing/Dispatcher.php, line 87
[main] - ROOT/webroot/index.php, line 37



2016-04-22 08:51:23 Warning: Warning (2): Invalid argument supplied for foreach() in [/opt/lampp/htdocs/fitness/src/Template/Element/front_sidebar.ctp, line 135]
Trace:
Cake\Error\BaseErrorHandler::handleError() - CORE/src/Error/BaseErrorHandler.php, line 139
include - APP/Template/Element/front_sidebar.ctp, line 135
Cake\View\View::_evaluate() - CORE/src/View/View.php, line 828
Cake\View\View::_render() - CORE/src/View/View.php, line 788
Cake\View\View::_renderElement() - CORE/src/View/View.php, line 1155
Cake\View\View::element() - CORE/src/View/View.php, line 376
include - APP/Template/Layout/default.ctp, line 509
Cake\View\View::_evaluate() - CORE/src/View/View.php, line 828
Cake\View\View::_render() - CORE/src/View/View.php, line 788
Cake\View\View::renderLayout() - CORE/src/View/View.php, line 510
Cake\View\View::render() - CORE/src/View/View.php, line 473
Cake\Controller\Controller::render() - CORE/src/Controller/Controller.php, line 583
Cake\Routing\Dispatcher::_invoke() - CORE/src/Routing/Dispatcher.php, line 120
Cake\Routing\Dispatcher::dispatch() - CORE/src/Routing/Dispatcher.php, line 87
[main] - ROOT/webroot/index.php, line 37



2016-04-22 08:51:44 Warning: Warning (2): Invalid argument supplied for foreach() in [/opt/lampp/htdocs/fitness/src/Template/Element/front_sidebar.ctp, line 96]
Trace:
Cake\Error\BaseErrorHandler::handleError() - CORE/src/Error/BaseErrorHandler.php, line 139
include - APP/Template/Element/front_sidebar.ctp, line 96
Cake\View\View::_evaluate() - CORE/src/View/View.php, line 828
Cake\View\View::_render() - CORE/src/View/View.php, line 788
Cake\View\View::_renderElement() - CORE/src/View/View.php, line 1155
Cake\View\View::element() - CORE/src/View/View.php, line 376
include - APP/Template/Layout/default.ctp, line 509
Cake\View\View::_evaluate() - CORE/src/View/View.php, line 828
Cake\View\View::_render() - CORE/src/View/View.php, line 788
Cake\View\View::renderLayout() - CORE/src/View/View.php, line 510
Cake\View\View::render() - CORE/src/View/View.php, line 473
Cake\Controller\Controller::render() - CORE/src/Controller/Controller.php, line 583
Cake\Routing\Dispatcher::_invoke() - CORE/src/Routing/Dispatcher.php, line 120
Cake\Routing\Dispatcher::dispatch() - CORE/src/Routing/Dispatcher.php, line 87
[main] - ROOT/webroot/index.php, line 37



2016-04-22 08:51:44 Warning: Warning (2): Invalid argument supplied for foreach() in [/opt/lampp/htdocs/fitness/src/Template/Element/front_sidebar.ctp, line 135]
Trace:
Cake\Error\BaseErrorHandler::handleError() - CORE/src/Error/BaseErrorHandler.php, line 139
include - APP/Template/Element/front_sidebar.ctp, line 135
Cake\View\View::_evaluate() - CORE/src/View/View.php, line 828
Cake\View\View::_render() - CORE/src/View/View.php, line 788
Cake\View\View::_renderElement() - CORE/src/View/View.php, line 1155
Cake\View\View::element() - CORE/src/View/View.php, line 376
include - APP/Template/Layout/default.ctp, line 509
Cake\View\View::_evaluate() - CORE/src/View/View.php, line 828
Cake\View\View::_render() - CORE/src/View/View.php, line 788
Cake\View\View::renderLayout() - CORE/src/View/View.php, line 510
Cake\View\View::render() - CORE/src/View/View.php, line 473
Cake\Controller\Controller::render() - CORE/src/Controller/Controller.php, line 583
Cake\Routing\Dispatcher::_invoke() - CORE/src/Routing/Dispatcher.php, line 120
Cake\Routing\Dispatcher::dispatch() - CORE/src/Routing/Dispatcher.php, line 87
[main] - ROOT/webroot/index.php, line 37



2016-04-22 08:54:08 Error: [Cake\Routing\Exception\MissingControllerException] Controller class Js could not be found.
Exception Attributes: array (
  'class' => 'Js',
  'plugin' => NULL,
  'prefix' => NULL,
  '_ext' => NULL,
)
Request URL: /fitness/js/TB.js.map
Stack Trace:
#0 /opt/lampp/htdocs/fitness/webroot/index.php(37): Cake\Routing\Dispatcher->dispatch(Object(Cake\Network\Request), Object(Cake\Network\Response))
#1 {main}


2016-04-22 08:54:09 Error: [Cake\Routing\Exception\MissingControllerException] Controller class Css could not be found.
Exception Attributes: array (
  'class' => 'Css',
  'plugin' => NULL,
  'prefix' => NULL,
  '_ext' => NULL,
)
Request URL: /fitness/css/percircle.css.map
Stack Trace:
#0 /opt/lampp/htdocs/fitness/webroot/index.php(37): Cake\Routing\Dispatcher->dispatch(Object(Cake\Network\Request), Object(Cake\Network\Response))
#1 {main}


